#
# There is insufficient memory for the Java Runtime Environment to continue.
# Native memory allocation (malloc) failed to allocate 1228656 bytes for Chunk::new
# Possible reasons:
#   The system is out of physical RAM or swap space
#   The process is running with CompressedOops enabled, and the Java Heap may be blocking the growth of the native heap
# Possible solutions:
#   Reduce memory load on the system
#   Increase physical memory or swap space
#   Check if swap backing store is full
#   Decrease Java heap size (-Xmx/-Xms)
#   Decrease number of Java threads
#   Decrease Java thread stack sizes (-Xss)
#   Set larger code cache with -XX:ReservedCodeCacheSize=
#   JVM is running with Unscaled Compressed Oops mode in which the Java heap is
#     placed in the first 4GB address space. The Java Heap base address is the
#     maximum limit for the native heap growth. Please use -XX:HeapBaseMinAddress
#     to set the Java Heap base and to place the Java Heap above 4GB virtual address.
# This output file may be truncated or incomplete.
#
#  Out of Memory Error (./src/hotspot/share/memory/arena.cpp:197), pid=1048, tid=26772
#
# JRE version: OpenJDK Runtime Environment (11.0.11+9) (build 11.0.11+9-b60-7590822)
# Java VM: OpenJDK 64-Bit Server VM (11.0.11+9-b60-7590822, mixed mode, tiered, compressed oops, g1 gc, windows-amd64)
# No core dump will be written. Minidumps are not enabled by default on client versions of Windows
#

---------------  S U M M A R Y ------------

Command Line: --add-opens=java.base/java.util=ALL-UNNAMED --add-opens=java.base/java.lang=ALL-UNNAMED --add-opens=java.base/java.lang.invoke=ALL-UNNAMED --add-opens=java.base/java.util=ALL-UNNAMED --add-opens=java.prefs/java.util.prefs=ALL-UNNAMED --add-opens=java.prefs/java.util.prefs=ALL-UNNAMED --add-opens=java.base/java.nio.charset=ALL-UNNAMED --add-opens=java.base/java.net=ALL-UNNAMED --add-opens=java.base/java.util.concurrent.atomic=ALL-UNNAMED -Xmx2048m -Dfile.encoding=windows-1252 -Duser.country=US -Duser.language=en -Duser.variant org.gradle.launcher.daemon.bootstrap.GradleDaemon 7.2

Host: Intel(R) Core(TM) i5-8365U CPU @ 1.60GHz, 8 cores, 7G,  Windows 10 , 64 bit Build 19041 (10.0.19041.2251)
Time: Wed Dec 14 16:01:52 2022 W. Central Africa Standard Time elapsed time: 6832.637634 seconds (0d 1h 53m 52s)

---------------  T H R E A D  ---------------

Current thread (0x000001a04d540000):  JavaThread "C2 CompilerThread0" daemon [_thread_in_native, id=26772, stack(0x0000001d74900000,0x0000001d74a00000)]


Current CompileTask:
C2:6832637 17472   !   4       java.io.ObjectOutputStream::writeSerialData (221 bytes)

Stack: [0x0000001d74900000,0x0000001d74a00000]
Native frames: (J=compiled Java code, j=interpreted, Vv=VM code, C=native code)
V  [jvm.dll+0x5f214a]
V  [jvm.dll+0x726fb5]
V  [jvm.dll+0x7285cd]
V  [jvm.dll+0x728c83]
V  [jvm.dll+0x243278]
V  [jvm.dll+0xbc53c]
V  [jvm.dll+0xbca3c]
V  [jvm.dll+0x353e7d]
V  [jvm.dll+0x19875c]
V  [jvm.dll+0x1fc2ee]
V  [jvm.dll+0x1fb3d4]
V  [jvm.dll+0x183d6c]
V  [jvm.dll+0x209a57]
V  [jvm.dll+0x2082a1]
V  [jvm.dll+0x6ef58f]
V  [jvm.dll+0x6e80b5]
V  [jvm.dll+0x5f1036]
C  [ucrtbase.dll+0x21bb2]
C  [KERNEL32.DLL+0x174b4]
C  [ntdll.dll+0x526a1]


---------------  P R O C E S S  ---------------

Threads class SMR info:
_java_thread_list=0x000001a05866e630, length=139, elements={
0x000001a030781000, 0x000001a04cba1800, 0x000001a04cbab800, 0x000001a04d534800,
0x000001a04d537800, 0x000001a04d538800, 0x000001a04d540000, 0x000001a04cbcf000,
0x000001a04cbd8000, 0x000001a04d68c000, 0x000001a04f85a800, 0x000001a04e955800,
0x000001a04f5c6800, 0x000001a04f06f000, 0x000001a04f06b800, 0x000001a04f06f800,
0x000001a04f06a000, 0x000001a04f06d000, 0x000001a04f070800, 0x000001a04f06b000,
0x000001a04f806800, 0x000001a04f808800, 0x000001a04f809000, 0x000001a04f807800,
0x000001a04f803800, 0x000001a04f805000, 0x000001a04f80e000, 0x000001a04f80b800,
0x000001a04f560800, 0x000001a04f55e000, 0x000001a04f55c000, 0x000001a04fdaa800,
0x000001a0560b8800, 0x000001a0560b9800, 0x000001a0560bf000, 0x000001a0560bd000,
0x000001a04fda2000, 0x000001a04fda4800, 0x000001a04fda3000, 0x000001a04fda0800,
0x000001a04fda4000, 0x000001a04fda6000, 0x000001a04fda5800, 0x000001a04fda7000,
0x000001a04fda1800, 0x000001a04fdab000, 0x000001a04fdac800, 0x000001a04fdac000,
0x000001a04fdad800, 0x000001a04fda8000, 0x000001a04fdae800, 0x000001a04fda8800,
0x000001a04fdaf000, 0x000001a04fda9800, 0x000001a04f561000, 0x000001a04f55f800,
0x000001a04f562000, 0x000001a04f562800, 0x000001a04f55d000, 0x000001a04f563800,
0x000001a04f564800, 0x000001a04f55e800, 0x000001a04f56a000, 0x000001a04f569800,
0x000001a04f565000, 0x000001a04f566000, 0x000001a04f567800, 0x000001a04f567000,
0x000001a04f568800, 0x000001a0560ba800, 0x000001a0560c0000, 0x000001a0560bd800,
0x000001a0560bc000, 0x000001a0560be800, 0x000001a0560c1000, 0x000001a0560bb000,
0x000001a0560c3800, 0x000001a0560c2800, 0x000001a0560c4000, 0x000001a0560c6000,
0x000001a0560c5000, 0x000001a0560c6800, 0x000001a0560c7800, 0x000001a0560c1800,
0x000001a04f806000, 0x000001a04f80a000, 0x000001a04f804000, 0x000001a04f810800,
0x000001a04f80b000, 0x000001a04f812000, 0x000001a04f811800, 0x000001a04f80c800,
0x000001a04f80d000, 0x000001a04f06e000, 0x000001a04f06c800, 0x000001a0585b3800,
0x000001a0585b2000, 0x000001a0585b4800, 0x000001a0585b3000, 0x000001a0585b5800,
0x000001a0585b1000, 0x000001a0585b6000, 0x000001a0585bb000, 0x000001a0585b7000,
0x000001a0585bd800, 0x000001a0585b9800, 0x000001a0585ba000, 0x000001a0585bc000,
0x000001a0585b8000, 0x000001a0585bc800, 0x000001a0585be800, 0x000001a0585b8800,
0x000001a0585bf000, 0x000001a0585c0000, 0x000001a05203a000, 0x000001a05203c800,
0x000001a052038800, 0x000001a05203d800, 0x000001a05203e000, 0x000001a05203b000,
0x000001a05203f000, 0x000001a05203c000, 0x000001a052039800, 0x000001a052042800,
0x000001a052045800, 0x000001a052043000, 0x000001a052040000, 0x000001a052041800,
0x000001a052044000, 0x000001a052044800, 0x000001a052046800, 0x000001a052040800,
0x000001a052047000, 0x000001a04fc4a800, 0x000001a04fc4d800, 0x000001a04fc4e800,
0x000001a04fc4d000, 0x000001a04fc48800, 0x000001a04fc4f000
}

Java Threads: ( => current thread )
  0x000001a030781000 JavaThread "main" [_thread_blocked, id=6612, stack(0x0000001d73d00000,0x0000001d73e00000)]
  0x000001a04cba1800 JavaThread "Reference Handler" daemon [_thread_blocked, id=29756, stack(0x0000001d74400000,0x0000001d74500000)]
  0x000001a04cbab800 JavaThread "Finalizer" daemon [_thread_blocked, id=26184, stack(0x0000001d74500000,0x0000001d74600000)]
  0x000001a04d534800 JavaThread "Signal Dispatcher" daemon [_thread_blocked, id=21108, stack(0x0000001d74600000,0x0000001d74700000)]
  0x000001a04d537800 JavaThread "Attach Listener" daemon [_thread_blocked, id=21212, stack(0x0000001d74700000,0x0000001d74800000)]
  0x000001a04d538800 JavaThread "Service Thread" daemon [_thread_blocked, id=19344, stack(0x0000001d74800000,0x0000001d74900000)]
=>0x000001a04d540000 JavaThread "C2 CompilerThread0" daemon [_thread_in_native, id=26772, stack(0x0000001d74900000,0x0000001d74a00000)]
  0x000001a04cbcf000 JavaThread "C1 CompilerThread0" daemon [_thread_blocked, id=30224, stack(0x0000001d74a00000,0x0000001d74b00000)]
  0x000001a04cbd8000 JavaThread "Sweeper thread" daemon [_thread_blocked, id=30228, stack(0x0000001d74b00000,0x0000001d74c00000)]
  0x000001a04d68c000 JavaThread "Common-Cleaner" daemon [_thread_blocked, id=16872, stack(0x0000001d74c00000,0x0000001d74d00000)]
  0x000001a04f85a800 JavaThread "Daemon health stats" [_thread_blocked, id=30240, stack(0x0000001d75000000,0x0000001d75100000)]
  0x000001a04e955800 JavaThread "Incoming local TCP Connector on port 50169" [_thread_in_native, id=20896, stack(0x0000001d75100000,0x0000001d75200000)]
  0x000001a04f5c6800 JavaThread "Daemon periodic checks" [_thread_blocked, id=29636, stack(0x0000001d75200000,0x0000001d75300000)]
  0x000001a04f06f000 JavaThread "Cache worker for journal cache (C:\Users\onyedikachi.akachukw\.gradle\caches\journal-1)" [_thread_blocked, id=26148, stack(0x0000001d75f00000,0x0000001d76000000)]
  0x000001a04f06b800 JavaThread "File lock request listener" [_thread_in_native, id=8604, stack(0x0000001d76000000,0x0000001d76100000)]
  0x000001a04f06f800 JavaThread "Cache worker for file hash cache (C:\Users\onyedikachi.akachukw\.gradle\caches\7.2\fileHashes)" [_thread_blocked, id=22664, stack(0x0000001d76200000,0x0000001d76300000)]
  0x000001a04f06a000 JavaThread "File watcher server" daemon [_thread_in_native, id=20012, stack(0x0000001d76400000,0x0000001d76500000)]
  0x000001a04f06d000 JavaThread "File watcher consumer" daemon [_thread_blocked, id=33472, stack(0x0000001d76500000,0x0000001d76600000)]
  0x000001a04f070800 JavaThread "jar transforms" [_thread_blocked, id=26388, stack(0x0000001d76600000,0x0000001d76700000)]
  0x000001a04f06b000 JavaThread "jar transforms Thread 2" [_thread_blocked, id=13608, stack(0x0000001d76700000,0x0000001d76800000)]
  0x000001a04f806800 JavaThread "jar transforms Thread 3" [_thread_blocked, id=14304, stack(0x0000001d76800000,0x0000001d76900000)]
  0x000001a04f808800 JavaThread "jar transforms Thread 4" [_thread_blocked, id=11776, stack(0x0000001d76900000,0x0000001d76a00000)]
  0x000001a04f809000 JavaThread "jar transforms Thread 5" [_thread_blocked, id=23512, stack(0x0000001d76a00000,0x0000001d76b00000)]
  0x000001a04f807800 JavaThread "jar transforms Thread 6" [_thread_blocked, id=27680, stack(0x0000001d76b00000,0x0000001d76c00000)]
  0x000001a04f803800 JavaThread "jar transforms Thread 7" [_thread_blocked, id=1108, stack(0x0000001d76c00000,0x0000001d76d00000)]
  0x000001a04f805000 JavaThread "jar transforms Thread 8" [_thread_blocked, id=8948, stack(0x0000001d76d00000,0x0000001d76e00000)]
  0x000001a04f80e000 JavaThread "Cache worker for execution history cache (C:\Users\onyedikachi.akachukw\.gradle\caches\7.2\executionHistory)" [_thread_blocked, id=27644, stack(0x0000001d77100000,0x0000001d77200000)]
  0x000001a04f80b800 JavaThread "Cache worker for file content cache (C:\Users\onyedikachi.akachukw\.gradle\caches\7.2\fileContent)" [_thread_blocked, id=9408, stack(0x0000001d77200000,0x0000001d77300000)]
  0x000001a04f560800 JavaThread "Memory manager" [_thread_blocked, id=33676, stack(0x0000001d7c500000,0x0000001d7c600000)]
  0x000001a04f55e000 JavaThread "Daemon Thread 2" [_thread_blocked, id=26708, stack(0x0000001d73b00000,0x0000001d73c00000)]
  0x000001a04f55c000 JavaThread "Daemon worker Thread 2" [_thread_blocked, id=7852, stack(0x0000001d75400000,0x0000001d75500000)]
  0x000001a04fdaa800 JavaThread "RMI Scheduler(0)" daemon [_thread_blocked, id=29552, stack(0x0000001d7ce00000,0x0000001d7cf00000)]
  0x000001a0560b8800 JavaThread "RMI RenewClean-[127.0.0.1:17466,org.jetbrains.kotlin.daemon.common.LoopbackNetworkInterface$ClientLoopbackSocketFactory@66841469]" daemon [_thread_blocked, id=28440, stack(0x0000001d7cf00000,0x0000001d7d000000)]
  0x000001a0560b9800 JavaThread "RMI GC Daemon" daemon [_thread_blocked, id=22812, stack(0x0000001d7d000000,0x0000001d7d100000)]
  0x000001a0560bf000 JavaThread "RMI TCP Accept-0" daemon [_thread_in_native, id=34788, stack(0x0000001d7d100000,0x0000001d7d200000)]
  0x000001a0560bd000 JavaThread "RMI Reaper" [_thread_blocked, id=4784, stack(0x0000001d7d200000,0x0000001d7d300000)]
  0x000001a04fda2000 JavaThread "Handler for socket connection from /127.0.0.1:50169 to /127.0.0.1:65137" [_thread_in_native, id=24836, stack(0x0000001d73c00000,0x0000001d73d00000)]
  0x000001a04fda4800 JavaThread "Cancel handler" [_thread_blocked, id=6448, stack(0x0000001d75300000,0x0000001d75400000)]
  0x000001a04fda3000 JavaThread "Asynchronous log dispatcher for DefaultDaemonConnection: socket connection from /127.0.0.1:50169 to /127.0.0.1:65137" [_thread_blocked, id=14608, stack(0x0000001d75500000,0x0000001d75600000)]
  0x000001a04fda0800 JavaThread "Stdin handler" [_thread_blocked, id=6028, stack(0x0000001d75600000,0x0000001d75700000)]
  0x000001a04fda4000 JavaThread "Daemon client event forwarder" [_thread_blocked, id=11924, stack(0x0000001d75700000,0x0000001d75800000)]
  0x000001a04fda6000 JavaThread "Cache worker for file hash cache (C:\Users\onyedikachi.akachukw\AndroidStudioProjects\RickandMortyApi\.gradle\7.2\fileHashes)" [_thread_blocked, id=14556, stack(0x0000001d75800000,0x0000001d75900000)]
  0x000001a04fda5800 JavaThread "Cache worker for checksums cache (C:\Users\onyedikachi.akachukw\AndroidStudioProjects\RickandMortyApi\.gradle\checksums)" [_thread_blocked, id=33796, stack(0x0000001d75900000,0x0000001d75a00000)]
  0x000001a04fda7000 JavaThread "Cache worker for cache directory md-supplier (C:\Users\onyedikachi.akachukw\.gradle\caches\7.2\md-supplier)" [_thread_blocked, id=25932, stack(0x0000001d76300000,0x0000001d76400000)]
  0x000001a04fda1800 JavaThread "Cache worker for cache directory md-rule (C:\Users\onyedikachi.akachukw\.gradle\caches\7.2\md-rule)" [_thread_blocked, id=5664, stack(0x0000001d76e00000,0x0000001d76f00000)]
  0x000001a04fdab000 JavaThread "Cache worker for dependencies-accessors (C:\Users\onyedikachi.akachukw\AndroidStudioProjects\RickandMortyApi\.gradle\7.2\dependencies-accessors)" [_thread_blocked, id=31468, stack(0x0000001d76f00000,0x0000001d77000000)]
  0x000001a04fdac800 JavaThread "Cache worker for Build Output Cleanup Cache (C:\Users\onyedikachi.akachukw\AndroidStudioProjects\RickandMortyApi\.gradle\buildOutputCleanup)" [_thread_blocked, id=3872, stack(0x0000001d77000000,0x0000001d77100000)]
  0x000001a04fdac000 JavaThread "Unconstrained build operations" [_thread_blocked, id=33240, stack(0x0000001d77300000,0x0000001d77400000)]
  0x000001a04fdad800 JavaThread "Unconstrained build operations Thread 2" [_thread_blocked, id=3420, stack(0x0000001d77400000,0x0000001d77500000)]
  0x000001a04fda8000 JavaThread "Unconstrained build operations Thread 3" [_thread_blocked, id=9012, stack(0x0000001d77500000,0x0000001d77600000)]
  0x000001a04fdae800 JavaThread "Unconstrained build operations Thread 4" [_thread_blocked, id=23264, stack(0x0000001d77600000,0x0000001d77700000)]
  0x000001a04fda8800 JavaThread "Unconstrained build operations Thread 5" [_thread_blocked, id=32700, stack(0x0000001d77700000,0x0000001d77800000)]
  0x000001a04fdaf000 JavaThread "Unconstrained build operations Thread 6" [_thread_blocked, id=34312, stack(0x0000001d77800000,0x0000001d77900000)]
  0x000001a04fda9800 JavaThread "Unconstrained build operations Thread 7" [_thread_blocked, id=12128, stack(0x0000001d77900000,0x0000001d77a00000)]
  0x000001a04f561000 JavaThread "Unconstrained build operations Thread 8" [_thread_blocked, id=28844, stack(0x0000001d77a00000,0x0000001d77b00000)]
  0x000001a04f55f800 JavaThread "Unconstrained build operations Thread 9" [_thread_blocked, id=13060, stack(0x0000001d77b00000,0x0000001d77c00000)]
  0x000001a04f562000 JavaThread "Unconstrained build operations Thread 10" [_thread_blocked, id=16784, stack(0x0000001d77c00000,0x0000001d77d00000)]
  0x000001a04f562800 JavaThread "Unconstrained build operations Thread 11" [_thread_blocked, id=29824, stack(0x0000001d77d00000,0x0000001d77e00000)]
  0x000001a04f55d000 JavaThread "Unconstrained build operations Thread 12" [_thread_blocked, id=32572, stack(0x0000001d77e00000,0x0000001d77f00000)]
  0x000001a04f563800 JavaThread "Unconstrained build operations Thread 13" [_thread_blocked, id=32340, stack(0x0000001d77f00000,0x0000001d78000000)]
  0x000001a04f564800 JavaThread "Unconstrained build operations Thread 14" [_thread_blocked, id=28888, stack(0x0000001d78000000,0x0000001d78100000)]
  0x000001a04f55e800 JavaThread "Unconstrained build operations Thread 15" [_thread_blocked, id=30664, stack(0x0000001d78100000,0x0000001d78200000)]
  0x000001a04f56a000 JavaThread "Unconstrained build operations Thread 16" [_thread_blocked, id=33932, stack(0x0000001d78200000,0x0000001d78300000)]
  0x000001a04f569800 JavaThread "Unconstrained build operations Thread 17" [_thread_blocked, id=17960, stack(0x0000001d78300000,0x0000001d78400000)]
  0x000001a04f565000 JavaThread "Unconstrained build operations Thread 18" [_thread_blocked, id=21560, stack(0x0000001d78400000,0x0000001d78500000)]
  0x000001a04f566000 JavaThread "Unconstrained build operations Thread 19" [_thread_blocked, id=27656, stack(0x0000001d78500000,0x0000001d78600000)]
  0x000001a04f567800 JavaThread "Unconstrained build operations Thread 20" [_thread_blocked, id=9680, stack(0x0000001d78600000,0x0000001d78700000)]
  0x000001a04f567000 JavaThread "Unconstrained build operations Thread 21" [_thread_blocked, id=9668, stack(0x0000001d78700000,0x0000001d78800000)]
  0x000001a04f568800 JavaThread "Unconstrained build operations Thread 22" [_thread_blocked, id=31332, stack(0x0000001d78800000,0x0000001d78900000)]
  0x000001a0560ba800 JavaThread "Unconstrained build operations Thread 23" [_thread_blocked, id=30384, stack(0x0000001d78900000,0x0000001d78a00000)]
  0x000001a0560c0000 JavaThread "Unconstrained build operations Thread 24" [_thread_blocked, id=20800, stack(0x0000001d78a00000,0x0000001d78b00000)]
  0x000001a0560bd800 JavaThread "Unconstrained build operations Thread 25" [_thread_blocked, id=7868, stack(0x0000001d78b00000,0x0000001d78c00000)]
  0x000001a0560bc000 JavaThread "Unconstrained build operations Thread 26" [_thread_blocked, id=2400, stack(0x0000001d78c00000,0x0000001d78d00000)]
  0x000001a0560be800 JavaThread "Unconstrained build operations Thread 27" [_thread_blocked, id=18688, stack(0x0000001d78d00000,0x0000001d78e00000)]
  0x000001a0560c1000 JavaThread "Unconstrained build operations Thread 28" [_thread_blocked, id=8028, stack(0x0000001d78e00000,0x0000001d78f00000)]
  0x000001a0560bb000 JavaThread "Unconstrained build operations Thread 29" [_thread_blocked, id=22504, stack(0x0000001d78f00000,0x0000001d79000000)]
  0x000001a0560c3800 JavaThread "Unconstrained build operations Thread 30" [_thread_blocked, id=7352, stack(0x0000001d79000000,0x0000001d79100000)]
  0x000001a0560c2800 JavaThread "Unconstrained build operations Thread 31" [_thread_blocked, id=25852, stack(0x0000001d79100000,0x0000001d79200000)]
  0x000001a0560c4000 JavaThread "Unconstrained build operations Thread 32" [_thread_blocked, id=13368, stack(0x0000001d79200000,0x0000001d79300000)]
  0x000001a0560c6000 JavaThread "Unconstrained build operations Thread 33" [_thread_blocked, id=19888, stack(0x0000001d79300000,0x0000001d79400000)]
  0x000001a0560c5000 JavaThread "Unconstrained build operations Thread 34" [_thread_blocked, id=15884, stack(0x0000001d79400000,0x0000001d79500000)]
  0x000001a0560c6800 JavaThread "Unconstrained build operations Thread 35" [_thread_blocked, id=31272, stack(0x0000001d79500000,0x0000001d79600000)]
  0x000001a0560c7800 JavaThread "Unconstrained build operations Thread 36" [_thread_blocked, id=15896, stack(0x0000001d79600000,0x0000001d79700000)]
  0x000001a0560c1800 JavaThread "Unconstrained build operations Thread 37" [_thread_blocked, id=18812, stack(0x0000001d79700000,0x0000001d79800000)]
  0x000001a04f806000 JavaThread "Unconstrained build operations Thread 38" [_thread_blocked, id=32440, stack(0x0000001d79800000,0x0000001d79900000)]
  0x000001a04f80a000 JavaThread "Unconstrained build operations Thread 39" [_thread_blocked, id=14512, stack(0x0000001d79900000,0x0000001d79a00000)]
  0x000001a04f804000 JavaThread "Unconstrained build operations Thread 40" [_thread_blocked, id=32740, stack(0x0000001d79a00000,0x0000001d79b00000)]
  0x000001a04f810800 JavaThread "Unconstrained build operations Thread 41" [_thread_blocked, id=27504, stack(0x0000001d79b00000,0x0000001d79c00000)]
  0x000001a04f80b000 JavaThread "Unconstrained build operations Thread 42" [_thread_blocked, id=6760, stack(0x0000001d79c00000,0x0000001d79d00000)]
  0x000001a04f812000 JavaThread "Unconstrained build operations Thread 43" [_thread_blocked, id=17824, stack(0x0000001d79d00000,0x0000001d79e00000)]
  0x000001a04f811800 JavaThread "Unconstrained build operations Thread 44" [_thread_blocked, id=31752, stack(0x0000001d79e00000,0x0000001d79f00000)]
  0x000001a04f80c800 JavaThread "Unconstrained build operations Thread 45" [_thread_blocked, id=31032, stack(0x0000001d79f00000,0x0000001d7a000000)]
  0x000001a04f80d000 JavaThread "Unconstrained build operations Thread 46" [_thread_blocked, id=23372, stack(0x0000001d7a000000,0x0000001d7a100000)]
  0x000001a04f06e000 JavaThread "Unconstrained build operations Thread 47" [_thread_blocked, id=15104, stack(0x0000001d7a100000,0x0000001d7a200000)]
  0x000001a04f06c800 JavaThread "Unconstrained build operations Thread 48" [_thread_blocked, id=33996, stack(0x0000001d7a200000,0x0000001d7a300000)]
  0x000001a0585b3800 JavaThread "Unconstrained build operations Thread 49" [_thread_blocked, id=27004, stack(0x0000001d7a300000,0x0000001d7a400000)]
  0x000001a0585b2000 JavaThread "Unconstrained build operations Thread 50" [_thread_blocked, id=12696, stack(0x0000001d7a400000,0x0000001d7a500000)]
  0x000001a0585b4800 JavaThread "Unconstrained build operations Thread 51" [_thread_blocked, id=28560, stack(0x0000001d7a500000,0x0000001d7a600000)]
  0x000001a0585b3000 JavaThread "Unconstrained build operations Thread 52" [_thread_blocked, id=32852, stack(0x0000001d7a600000,0x0000001d7a700000)]
  0x000001a0585b5800 JavaThread "Unconstrained build operations Thread 53" [_thread_blocked, id=27100, stack(0x0000001d7a700000,0x0000001d7a800000)]
  0x000001a0585b1000 JavaThread "Unconstrained build operations Thread 54" [_thread_blocked, id=29236, stack(0x0000001d7a800000,0x0000001d7a900000)]
  0x000001a0585b6000 JavaThread "Unconstrained build operations Thread 55" [_thread_blocked, id=28508, stack(0x0000001d7a900000,0x0000001d7aa00000)]
  0x000001a0585bb000 JavaThread "Unconstrained build operations Thread 56" [_thread_blocked, id=13892, stack(0x0000001d7aa00000,0x0000001d7ab00000)]
  0x000001a0585b7000 JavaThread "Unconstrained build operations Thread 57" [_thread_blocked, id=32984, stack(0x0000001d7ab00000,0x0000001d7ac00000)]
  0x000001a0585bd800 JavaThread "Unconstrained build operations Thread 58" [_thread_blocked, id=10504, stack(0x0000001d7ac00000,0x0000001d7ad00000)]
  0x000001a0585b9800 JavaThread "Unconstrained build operations Thread 59" [_thread_blocked, id=7660, stack(0x0000001d7ad00000,0x0000001d7ae00000)]
  0x000001a0585ba000 JavaThread "Unconstrained build operations Thread 60" [_thread_blocked, id=8036, stack(0x0000001d7ae00000,0x0000001d7af00000)]
  0x000001a0585bc000 JavaThread "Unconstrained build operations Thread 61" [_thread_blocked, id=23236, stack(0x0000001d7af00000,0x0000001d7b000000)]
  0x000001a0585b8000 JavaThread "Unconstrained build operations Thread 62" [_thread_blocked, id=21452, stack(0x0000001d7b000000,0x0000001d7b100000)]
  0x000001a0585bc800 JavaThread "Unconstrained build operations Thread 63" [_thread_blocked, id=33684, stack(0x0000001d7b100000,0x0000001d7b200000)]
  0x000001a0585be800 JavaThread "Unconstrained build operations Thread 64" [_thread_blocked, id=13968, stack(0x0000001d7b200000,0x0000001d7b300000)]
  0x000001a0585b8800 JavaThread "Unconstrained build operations Thread 65" [_thread_blocked, id=31848, stack(0x0000001d7b300000,0x0000001d7b400000)]
  0x000001a0585bf000 JavaThread "Unconstrained build operations Thread 66" [_thread_blocked, id=14324, stack(0x0000001d7b400000,0x0000001d7b500000)]
  0x000001a0585c0000 JavaThread "Unconstrained build operations Thread 67" [_thread_blocked, id=3060, stack(0x0000001d7b500000,0x0000001d7b600000)]
  0x000001a05203a000 JavaThread "Unconstrained build operations Thread 68" [_thread_blocked, id=4608, stack(0x0000001d7b600000,0x0000001d7b700000)]
  0x000001a05203c800 JavaThread "Unconstrained build operations Thread 69" [_thread_blocked, id=10644, stack(0x0000001d7b700000,0x0000001d7b800000)]
  0x000001a052038800 JavaThread "Unconstrained build operations Thread 70" [_thread_blocked, id=6404, stack(0x0000001d7b800000,0x0000001d7b900000)]
  0x000001a05203d800 JavaThread "Unconstrained build operations Thread 71" [_thread_blocked, id=23948, stack(0x0000001d7b900000,0x0000001d7ba00000)]
  0x000001a05203e000 JavaThread "Unconstrained build operations Thread 72" [_thread_blocked, id=31732, stack(0x0000001d7ba00000,0x0000001d7bb00000)]
  0x000001a05203b000 JavaThread "Unconstrained build operations Thread 73" [_thread_blocked, id=6264, stack(0x0000001d7bb00000,0x0000001d7bc00000)]
  0x000001a05203f000 JavaThread "Unconstrained build operations Thread 74" [_thread_blocked, id=28100, stack(0x0000001d7bc00000,0x0000001d7bd00000)]
  0x000001a05203c000 JavaThread "Unconstrained build operations Thread 75" [_thread_blocked, id=10560, stack(0x0000001d7bd00000,0x0000001d7be00000)]
  0x000001a052039800 JavaThread "Unconstrained build operations Thread 76" [_thread_blocked, id=3028, stack(0x0000001d7be00000,0x0000001d7bf00000)]
  0x000001a052042800 JavaThread "Unconstrained build operations Thread 77" [_thread_blocked, id=31716, stack(0x0000001d7bf00000,0x0000001d7c000000)]
  0x000001a052045800 JavaThread "Unconstrained build operations Thread 78" [_thread_blocked, id=23228, stack(0x0000001d7c000000,0x0000001d7c100000)]
  0x000001a052043000 JavaThread "Unconstrained build operations Thread 79" [_thread_blocked, id=15836, stack(0x0000001d7c100000,0x0000001d7c200000)]
  0x000001a052040000 JavaThread "Unconstrained build operations Thread 80" [_thread_blocked, id=30056, stack(0x0000001d7c200000,0x0000001d7c300000)]
  0x000001a052041800 JavaThread "build event listener" [_thread_blocked, id=29896, stack(0x0000001d7c300000,0x0000001d7c400000)]
  0x000001a052044000 JavaThread "Execution worker for ':'" [_thread_blocked, id=2936, stack(0x0000001d7c400000,0x0000001d7c500000)]
  0x000001a052044800 JavaThread "Execution worker for ':' Thread 2" [_thread_blocked, id=9840, stack(0x0000001d7c600000,0x0000001d7c700000)]
  0x000001a052046800 JavaThread "Execution worker for ':' Thread 3" [_thread_blocked, id=11452, stack(0x0000001d7c700000,0x0000001d7c800000)]
  0x000001a052040800 JavaThread "Execution worker for ':' Thread 4" [_thread_blocked, id=26284, stack(0x0000001d7c800000,0x0000001d7c900000)]
  0x000001a052047000 JavaThread "Execution worker for ':' Thread 5" [_thread_blocked, id=10056, stack(0x0000001d7c900000,0x0000001d7ca00000)]
  0x000001a04fc4a800 JavaThread "Execution worker for ':' Thread 6" [_thread_blocked, id=16188, stack(0x0000001d7ca00000,0x0000001d7cb00000)]
  0x000001a04fc4d800 JavaThread "Execution worker for ':' Thread 7" [_thread_blocked, id=1352, stack(0x0000001d7cb00000,0x0000001d7cc00000)]
  0x000001a04fc4e800 JavaThread "Cache worker for execution history cache (C:\Users\onyedikachi.akachukw\AndroidStudioProjects\RickandMortyApi\.gradle\7.2\executionHistory)" [_thread_blocked, id=28228, stack(0x0000001d7cc00000,0x0000001d7cd00000)]
  0x000001a04fc4d000 JavaThread "WorkerExecutor Queue" [_thread_in_native, id=14936, stack(0x0000001d7cd00000,0x0000001d7ce00000)]
  0x000001a04fc48800 JavaThread "RMI RenewClean-[127.0.0.1:17182,org.jetbrains.kotlin.daemon.common.LoopbackNetworkInterface$ClientLoopbackSocketFactory@34755e31]" daemon [_thread_blocked, id=7016, stack(0x0000001d7d300000,0x0000001d7d400000)]
  0x000001a04fc4f000 JavaThread "RMI TCP Connection(2)-127.0.0.1" daemon [_thread_in_native, id=11416, stack(0x0000001d7d400000,0x0000001d7d500000)]

Other Threads:
  0x000001a04cb9b000 VMThread "VM Thread" [stack: 0x0000001d74300000,0x0000001d74400000] [id=34264]
  0x000001a04d69b800 WatcherThread [stack: 0x0000001d74d00000,0x0000001d74e00000] [id=14516]
  0x000001a030798800 GCTaskThread "GC Thread#0" [stack: 0x0000001d73e00000,0x0000001d73f00000] [id=19596]
  0x000001a04e2ba000 GCTaskThread "GC Thread#1" [stack: 0x0000001d74e00000,0x0000001d74f00000] [id=8988]
  0x000001a04e0b9800 GCTaskThread "GC Thread#2" [stack: 0x0000001d74f00000,0x0000001d75000000] [id=18784]
  0x000001a04e7a6000 GCTaskThread "GC Thread#3" [stack: 0x0000001d75a00000,0x0000001d75b00000] [id=25384]
  0x000001a04ea5e800 GCTaskThread "GC Thread#4" [stack: 0x0000001d75b00000,0x0000001d75c00000] [id=7848]
  0x000001a04ea5f800 GCTaskThread "GC Thread#5" [stack: 0x0000001d75c00000,0x0000001d75d00000] [id=9976]
  0x000001a04ea60000 GCTaskThread "GC Thread#6" [stack: 0x0000001d75d00000,0x0000001d75e00000] [id=30344]
  0x000001a04ea61000 GCTaskThread "GC Thread#7" [stack: 0x0000001d75e00000,0x0000001d75f00000] [id=23904]
  0x000001a0307c7800 ConcurrentGCThread "G1 Main Marker" [stack: 0x0000001d73f00000,0x0000001d74000000] [id=27272]
  0x000001a0307c9000 ConcurrentGCThread "G1 Conc#0" [stack: 0x0000001d74000000,0x0000001d74100000] [id=19276]
  0x000001a04e34c800 ConcurrentGCThread "G1 Conc#1" [stack: 0x0000001d76100000,0x0000001d76200000] [id=12380]
  0x000001a030855000 ConcurrentGCThread "G1 Refine#0" [stack: 0x0000001d74100000,0x0000001d74200000] [id=11072]
  0x000001a04d59e800 ConcurrentGCThread "G1 Refine#1" [stack: 0x0000001d73a00000,0x0000001d73b00000] [id=25492]
  0x000001a04c9f0800 ConcurrentGCThread "G1 Young RemSet Sampling" [stack: 0x0000001d74200000,0x0000001d74300000] [id=15924]

Threads with active compile tasks:
C2 CompilerThread06832718 17472   !   4       java.io.ObjectOutputStream::writeSerialData (221 bytes)

VM state:not at safepoint (normal execution)

VM Mutex/Monitor currently owned by a thread: None

Heap address: 0x0000000080000000, size: 2048 MB, Compressed Oops mode: 32-bit
Narrow klass base: 0x0000000000000000, Narrow klass shift: 3
Compressed class space size: 1073741824 Address: 0x0000000100000000

Heap:
 garbage-first heap   total 270336K, used 159795K [0x0000000080000000, 0x0000000100000000)
  region size 1024K, 18 young (18432K), 5 survivors (5120K)
 Metaspace       used 114111K, capacity 117119K, committed 117552K, reserved 1150976K
  class space    used 14488K, capacity 15555K, committed 15744K, reserved 1048576K
Heap Regions: E=young(eden), S=young(survivor), O=old, HS=humongous(starts), HC=humongous(continues), CS=collection set, F=free, A=archive, TAMS=top-at-mark-start (previous, next)
|   0|0x0000000080000000, 0x0000000080100000, 0x0000000080100000|100%| O|  |TAMS 0x0000000080100000, 0x0000000080000000| Untracked 
|   1|0x0000000080100000, 0x0000000080200000, 0x0000000080200000|100%| O|  |TAMS 0x0000000080200000, 0x0000000080100000| Untracked 
|   2|0x0000000080200000, 0x0000000080300000, 0x0000000080300000|100%| O|  |TAMS 0x0000000080300000, 0x0000000080200000| Untracked 
|   3|0x0000000080300000, 0x0000000080400000, 0x0000000080400000|100%|HS|  |TAMS 0x0000000080400000, 0x0000000080300000| Complete 
|   4|0x0000000080400000, 0x0000000080500000, 0x0000000080500000|100%|HC|  |TAMS 0x0000000080500000, 0x0000000080400000| Complete 
|   5|0x0000000080500000, 0x0000000080600000, 0x0000000080600000|100%|HC|  |TAMS 0x0000000080600000, 0x0000000080500000| Complete 
|   6|0x0000000080600000, 0x0000000080700000, 0x0000000080700000|100%| O|  |TAMS 0x0000000080700000, 0x0000000080600000| Untracked 
|   7|0x0000000080700000, 0x0000000080800000, 0x0000000080800000|100%| O|  |TAMS 0x0000000080800000, 0x0000000080700000| Untracked 
|   8|0x0000000080800000, 0x0000000080900000, 0x0000000080900000|100%| O|  |TAMS 0x0000000080900000, 0x0000000080800000| Untracked 
|   9|0x0000000080900000, 0x0000000080a00000, 0x0000000080a00000|100%| O|  |TAMS 0x0000000080a00000, 0x0000000080900000| Untracked 
|  10|0x0000000080a00000, 0x0000000080b00000, 0x0000000080b00000|100%| O|  |TAMS 0x0000000080b00000, 0x0000000080a00000| Untracked 
|  11|0x0000000080b00000, 0x0000000080c00000, 0x0000000080c00000|100%| O|  |TAMS 0x0000000080c00000, 0x0000000080b00000| Untracked 
|  12|0x0000000080c00000, 0x0000000080d00000, 0x0000000080d00000|100%| O|  |TAMS 0x0000000080d00000, 0x0000000080c00000| Untracked 
|  13|0x0000000080d00000, 0x0000000080e00000, 0x0000000080e00000|100%| O|  |TAMS 0x0000000080e00000, 0x0000000080d00000| Untracked 
|  14|0x0000000080e00000, 0x0000000080f00000, 0x0000000080f00000|100%| O|  |TAMS 0x0000000080f00000, 0x0000000080e00000| Untracked 
|  15|0x0000000080f00000, 0x0000000081000000, 0x0000000081000000|100%| O|  |TAMS 0x0000000081000000, 0x0000000080f00000| Untracked 
|  16|0x0000000081000000, 0x0000000081100000, 0x0000000081100000|100%|HS|  |TAMS 0x0000000081100000, 0x0000000081000000| Complete 
|  17|0x0000000081100000, 0x0000000081200000, 0x0000000081200000|100%|HC|  |TAMS 0x0000000081200000, 0x0000000081100000| Complete 
|  18|0x0000000081200000, 0x0000000081300000, 0x0000000081300000|100%|HS|  |TAMS 0x0000000081300000, 0x0000000081200000| Complete 
|  19|0x0000000081300000, 0x0000000081400000, 0x0000000081400000|100%|HC|  |TAMS 0x0000000081400000, 0x0000000081300000| Complete 
|  20|0x0000000081400000, 0x0000000081500000, 0x0000000081500000|100%|HC|  |TAMS 0x0000000081500000, 0x0000000081400000| Complete 
|  21|0x0000000081500000, 0x0000000081600000, 0x0000000081600000|100%|HS|  |TAMS 0x0000000081600000, 0x0000000081500000| Complete 
|  22|0x0000000081600000, 0x0000000081700000, 0x0000000081700000|100%|HC|  |TAMS 0x0000000081700000, 0x0000000081600000| Complete 
|  23|0x0000000081700000, 0x0000000081800000, 0x0000000081800000|100%|HC|  |TAMS 0x0000000081800000, 0x0000000081700000| Complete 
|  24|0x0000000081800000, 0x0000000081900000, 0x0000000081900000|100%|HC|  |TAMS 0x0000000081900000, 0x0000000081800000| Complete 
|  25|0x0000000081900000, 0x0000000081a00000, 0x0000000081a00000|100%| O|  |TAMS 0x0000000081a00000, 0x0000000081900000| Untracked 
|  26|0x0000000081a00000, 0x0000000081b00000, 0x0000000081b00000|100%| O|  |TAMS 0x0000000081b00000, 0x0000000081a00000| Untracked 
|  27|0x0000000081b00000, 0x0000000081c00000, 0x0000000081c00000|100%| O|  |TAMS 0x0000000081c00000, 0x0000000081b00000| Untracked 
|  28|0x0000000081c00000, 0x0000000081d00000, 0x0000000081d00000|100%| O|  |TAMS 0x0000000081d00000, 0x0000000081c00000| Untracked 
|  29|0x0000000081d00000, 0x0000000081e00000, 0x0000000081e00000|100%| O|  |TAMS 0x0000000081e00000, 0x0000000081d00000| Untracked 
|  30|0x0000000081e00000, 0x0000000081f00000, 0x0000000081f00000|100%| O|  |TAMS 0x0000000081f00000, 0x0000000081e00000| Untracked 
|  31|0x0000000081f00000, 0x0000000082000000, 0x0000000082000000|100%| O|  |TAMS 0x0000000082000000, 0x0000000081f00000| Untracked 
|  32|0x0000000082000000, 0x0000000082100000, 0x0000000082100000|100%| O|  |TAMS 0x0000000082100000, 0x0000000082000000| Untracked 
|  33|0x0000000082100000, 0x0000000082200000, 0x0000000082200000|100%| O|  |TAMS 0x0000000082200000, 0x0000000082100000| Untracked 
|  34|0x0000000082200000, 0x0000000082300000, 0x0000000082300000|100%| O|  |TAMS 0x0000000082300000, 0x0000000082200000| Untracked 
|  35|0x0000000082300000, 0x0000000082400000, 0x0000000082400000|100%| O|  |TAMS 0x0000000082400000, 0x0000000082300000| Untracked 
|  36|0x0000000082400000, 0x0000000082500000, 0x0000000082500000|100%| O|  |TAMS 0x0000000082500000, 0x0000000082400000| Untracked 
|  37|0x0000000082500000, 0x0000000082600000, 0x0000000082600000|100%| O|  |TAMS 0x0000000082600000, 0x0000000082500000| Untracked 
|  38|0x0000000082600000, 0x0000000082700000, 0x0000000082700000|100%| O|  |TAMS 0x0000000082700000, 0x0000000082600000| Untracked 
|  39|0x0000000082700000, 0x0000000082800000, 0x0000000082800000|100%|HS|  |TAMS 0x0000000082800000, 0x0000000082700000| Complete 
|  40|0x0000000082800000, 0x0000000082900000, 0x0000000082900000|100%|HC|  |TAMS 0x0000000082900000, 0x0000000082800000| Complete 
|  41|0x0000000082900000, 0x0000000082a00000, 0x0000000082a00000|100%|HC|  |TAMS 0x0000000082a00000, 0x0000000082900000| Complete 
|  42|0x0000000082a00000, 0x0000000082b00000, 0x0000000082b00000|100%| O|  |TAMS 0x0000000082b00000, 0x0000000082a00000| Untracked 
|  43|0x0000000082b00000, 0x0000000082b00000, 0x0000000082c00000|  0%| F|  |TAMS 0x0000000082b00000, 0x0000000082b00000| Untracked 
|  44|0x0000000082c00000, 0x0000000082c00000, 0x0000000082d00000|  0%| F|  |TAMS 0x0000000082c00000, 0x0000000082c00000| Untracked 
|  45|0x0000000082d00000, 0x0000000082d00000, 0x0000000082e00000|  0%| F|  |TAMS 0x0000000082d00000, 0x0000000082d00000| Untracked 
|  46|0x0000000082e00000, 0x0000000082e00000, 0x0000000082f00000|  0%| F|  |TAMS 0x0000000082e00000, 0x0000000082e00000| Untracked 
|  47|0x0000000082f00000, 0x0000000083000000, 0x0000000083000000|100%| O|  |TAMS 0x0000000082f00000, 0x0000000082f00000| Untracked 
|  48|0x0000000083000000, 0x0000000083100000, 0x0000000083100000|100%| O|  |TAMS 0x0000000083100000, 0x0000000083000000| Untracked 
|  49|0x0000000083100000, 0x0000000083200000, 0x0000000083200000|100%| O|  |TAMS 0x0000000083200000, 0x0000000083100000| Untracked 
|  50|0x0000000083200000, 0x0000000083300000, 0x0000000083300000|100%| O|  |TAMS 0x0000000083300000, 0x0000000083200000| Untracked 
|  51|0x0000000083300000, 0x0000000083400000, 0x0000000083400000|100%| O|  |TAMS 0x0000000083400000, 0x0000000083300000| Untracked 
|  52|0x0000000083400000, 0x0000000083500000, 0x0000000083500000|100%| O|  |TAMS 0x0000000083500000, 0x0000000083400000| Untracked 
|  53|0x0000000083500000, 0x0000000083600000, 0x0000000083600000|100%| O|  |TAMS 0x0000000083600000, 0x0000000083500000| Untracked 
|  54|0x0000000083600000, 0x0000000083700000, 0x0000000083700000|100%| O|  |TAMS 0x0000000083700000, 0x0000000083600000| Untracked 
|  55|0x0000000083700000, 0x0000000083800000, 0x0000000083800000|100%|HS|  |TAMS 0x0000000083800000, 0x0000000083700000| Complete 
|  56|0x0000000083800000, 0x0000000083900000, 0x0000000083900000|100%| O|  |TAMS 0x0000000083900000, 0x0000000083800000| Untracked 
|  57|0x0000000083900000, 0x0000000083a00000, 0x0000000083a00000|100%|HS|  |TAMS 0x0000000083a00000, 0x0000000083900000| Complete 
|  58|0x0000000083a00000, 0x0000000083b00000, 0x0000000083b00000|100%|HS|  |TAMS 0x0000000083b00000, 0x0000000083a00000| Complete 
|  59|0x0000000083b00000, 0x0000000083c00000, 0x0000000083c00000|100%| O|  |TAMS 0x0000000083c00000, 0x0000000083b00000| Untracked 
|  60|0x0000000083c00000, 0x0000000083d00000, 0x0000000083d00000|100%| O|  |TAMS 0x0000000083d00000, 0x0000000083c00000| Untracked 
|  61|0x0000000083d00000, 0x0000000083e00000, 0x0000000083e00000|100%| O|  |TAMS 0x0000000083e00000, 0x0000000083d00000| Untracked 
|  62|0x0000000083e00000, 0x0000000083f00000, 0x0000000083f00000|100%| O|  |TAMS 0x0000000083f00000, 0x0000000083e00000| Untracked 
|  63|0x0000000083f00000, 0x0000000084000000, 0x0000000084000000|100%| O|  |TAMS 0x0000000084000000, 0x0000000083f00000| Untracked 
|  64|0x0000000084000000, 0x0000000084100000, 0x0000000084100000|100%| O|  |TAMS 0x0000000084100000, 0x0000000084000000| Untracked 
|  65|0x0000000084100000, 0x0000000084200000, 0x0000000084200000|100%|HS|  |TAMS 0x0000000084200000, 0x0000000084100000| Complete 
|  66|0x0000000084200000, 0x0000000084300000, 0x0000000084300000|100%|HS|  |TAMS 0x0000000084300000, 0x0000000084200000| Complete 
|  67|0x0000000084300000, 0x0000000084400000, 0x0000000084400000|100%|HC|  |TAMS 0x0000000084400000, 0x0000000084300000| Complete 
|  68|0x0000000084400000, 0x0000000084500000, 0x0000000084500000|100%|HC|  |TAMS 0x0000000084500000, 0x0000000084400000| Complete 
|  69|0x0000000084500000, 0x0000000084600000, 0x0000000084600000|100%| O|  |TAMS 0x0000000084600000, 0x0000000084500000| Untracked 
|  70|0x0000000084600000, 0x0000000084700000, 0x0000000084700000|100%|HS|  |TAMS 0x0000000084700000, 0x0000000084600000| Complete 
|  71|0x0000000084700000, 0x0000000084800000, 0x0000000084800000|100%|HC|  |TAMS 0x0000000084800000, 0x0000000084700000| Complete 
|  72|0x0000000084800000, 0x0000000084900000, 0x0000000084900000|100%| O|  |TAMS 0x0000000084800000, 0x0000000084800000| Untracked 
|  73|0x0000000084900000, 0x0000000084a00000, 0x0000000084a00000|100%| O|  |TAMS 0x0000000084a00000, 0x0000000084900000| Untracked 
|  74|0x0000000084a00000, 0x0000000084b00000, 0x0000000084b00000|100%| O|  |TAMS 0x0000000084b00000, 0x0000000084a00000| Untracked 
|  75|0x0000000084b00000, 0x0000000084c00000, 0x0000000084c00000|100%| O|  |TAMS 0x0000000084c00000, 0x0000000084b00000| Untracked 
|  76|0x0000000084c00000, 0x0000000084d00000, 0x0000000084d00000|100%| O|  |TAMS 0x0000000084d00000, 0x0000000084c00000| Untracked 
|  77|0x0000000084d00000, 0x0000000084e00000, 0x0000000084e00000|100%| O|  |TAMS 0x0000000084e00000, 0x0000000084d00000| Untracked 
|  78|0x0000000084e00000, 0x0000000084f00000, 0x0000000084f00000|100%| O|  |TAMS 0x0000000084f00000, 0x0000000084e00000| Untracked 
|  79|0x0000000084f00000, 0x0000000085000000, 0x0000000085000000|100%| O|  |TAMS 0x0000000085000000, 0x0000000084f00000| Untracked 
|  80|0x0000000085000000, 0x0000000085100000, 0x0000000085100000|100%| O|  |TAMS 0x0000000085100000, 0x0000000085000000| Untracked 
|  81|0x0000000085100000, 0x0000000085200000, 0x0000000085200000|100%| O|  |TAMS 0x0000000085200000, 0x0000000085100000| Untracked 
|  82|0x0000000085200000, 0x0000000085300000, 0x0000000085300000|100%| O|  |TAMS 0x0000000085300000, 0x0000000085200000| Untracked 
|  83|0x0000000085300000, 0x0000000085400000, 0x0000000085400000|100%| O|  |TAMS 0x0000000085400000, 0x0000000085300000| Untracked 
|  84|0x0000000085400000, 0x0000000085500000, 0x0000000085500000|100%| O|  |TAMS 0x0000000085500000, 0x0000000085400000| Untracked 
|  85|0x0000000085500000, 0x0000000085600000, 0x0000000085600000|100%| O|  |TAMS 0x0000000085600000, 0x0000000085500000| Untracked 
|  86|0x0000000085600000, 0x0000000085700000, 0x0000000085700000|100%| O|  |TAMS 0x0000000085700000, 0x0000000085600000| Untracked 
|  87|0x0000000085700000, 0x0000000085800000, 0x0000000085800000|100%| O|  |TAMS 0x0000000085800000, 0x0000000085700000| Untracked 
|  88|0x0000000085800000, 0x0000000085900000, 0x0000000085900000|100%| O|  |TAMS 0x0000000085900000, 0x0000000085800000| Untracked 
|  89|0x0000000085900000, 0x0000000085a00000, 0x0000000085a00000|100%| O|  |TAMS 0x0000000085a00000, 0x0000000085900000| Untracked 
|  90|0x0000000085a00000, 0x0000000085b00000, 0x0000000085b00000|100%| O|  |TAMS 0x0000000085b00000, 0x0000000085a00000| Untracked 
|  91|0x0000000085b00000, 0x0000000085c00000, 0x0000000085c00000|100%| O|  |TAMS 0x0000000085c00000, 0x0000000085b00000| Untracked 
|  92|0x0000000085c00000, 0x0000000085d00000, 0x0000000085d00000|100%| O|  |TAMS 0x0000000085d00000, 0x0000000085c00000| Untracked 
|  93|0x0000000085d00000, 0x0000000085e00000, 0x0000000085e00000|100%|HS|  |TAMS 0x0000000085e00000, 0x0000000085d00000| Complete 
|  94|0x0000000085e00000, 0x0000000085f00000, 0x0000000085f00000|100%|HC|  |TAMS 0x0000000085f00000, 0x0000000085e00000| Complete 
|  95|0x0000000085f00000, 0x0000000086000000, 0x0000000086000000|100%|HS|  |TAMS 0x0000000086000000, 0x0000000085f00000| Complete 
|  96|0x0000000086000000, 0x0000000086100000, 0x0000000086100000|100%|HC|  |TAMS 0x0000000086100000, 0x0000000086000000| Complete 
|  97|0x0000000086100000, 0x0000000086200000, 0x0000000086200000|100%|HC|  |TAMS 0x0000000086200000, 0x0000000086100000| Complete 
|  98|0x0000000086200000, 0x0000000086300000, 0x0000000086300000|100%| O|  |TAMS 0x0000000086300000, 0x0000000086200000| Untracked 
|  99|0x0000000086300000, 0x0000000086400000, 0x0000000086400000|100%| O|  |TAMS 0x0000000086400000, 0x0000000086300000| Untracked 
| 100|0x0000000086400000, 0x0000000086500000, 0x0000000086500000|100%|HS|  |TAMS 0x0000000086500000, 0x0000000086400000| Complete 
| 101|0x0000000086500000, 0x0000000086600000, 0x0000000086600000|100%|HC|  |TAMS 0x0000000086600000, 0x0000000086500000| Complete 
| 102|0x0000000086600000, 0x0000000086700000, 0x0000000086700000|100%|HC|  |TAMS 0x0000000086700000, 0x0000000086600000| Complete 
| 103|0x0000000086700000, 0x0000000086800000, 0x0000000086800000|100%|HC|  |TAMS 0x0000000086800000, 0x0000000086700000| Complete 
| 104|0x0000000086800000, 0x0000000086900000, 0x0000000086900000|100%| O|  |TAMS 0x0000000086900000, 0x0000000086800000| Untracked 
| 105|0x0000000086900000, 0x0000000086a00000, 0x0000000086a00000|100%| O|  |TAMS 0x0000000086a00000, 0x0000000086900000| Untracked 
| 106|0x0000000086a00000, 0x0000000086b00000, 0x0000000086b00000|100%| O|  |TAMS 0x0000000086b00000, 0x0000000086a00000| Untracked 
| 107|0x0000000086b00000, 0x0000000086c00000, 0x0000000086c00000|100%| O|  |TAMS 0x0000000086c00000, 0x0000000086b00000| Untracked 
| 108|0x0000000086c00000, 0x0000000086d00000, 0x0000000086d00000|100%| O|  |TAMS 0x0000000086d00000, 0x0000000086c00000| Untracked 
| 109|0x0000000086d00000, 0x0000000086e00000, 0x0000000086e00000|100%| O|  |TAMS 0x0000000086e00000, 0x0000000086d00000| Untracked 
| 110|0x0000000086e00000, 0x0000000086f00000, 0x0000000086f00000|100%| O|  |TAMS 0x0000000086f00000, 0x0000000086e00000| Untracked 
| 111|0x0000000086f00000, 0x0000000087000000, 0x0000000087000000|100%| O|  |TAMS 0x0000000086f00000, 0x0000000086f00000| Untracked 
| 112|0x0000000087000000, 0x0000000087100000, 0x0000000087100000|100%| O|  |TAMS 0x0000000087100000, 0x0000000087000000| Untracked 
| 113|0x0000000087100000, 0x0000000087200000, 0x0000000087200000|100%| O|  |TAMS 0x0000000087100000, 0x0000000087100000| Untracked 
| 114|0x0000000087200000, 0x0000000087300000, 0x0000000087300000|100%| O|  |TAMS 0x0000000087300000, 0x0000000087200000| Untracked 
| 115|0x0000000087300000, 0x0000000087400000, 0x0000000087400000|100%| O|  |TAMS 0x0000000087400000, 0x0000000087300000| Untracked 
| 116|0x0000000087400000, 0x0000000087500000, 0x0000000087500000|100%| O|  |TAMS 0x0000000087500000, 0x0000000087400000| Untracked 
| 117|0x0000000087500000, 0x0000000087600000, 0x0000000087600000|100%| O|  |TAMS 0x0000000087600000, 0x0000000087500000| Untracked 
| 118|0x0000000087600000, 0x0000000087700000, 0x0000000087700000|100%| O|  |TAMS 0x0000000087700000, 0x0000000087600000| Untracked 
| 119|0x0000000087700000, 0x0000000087800000, 0x0000000087800000|100%| O|  |TAMS 0x0000000087800000, 0x0000000087700000| Untracked 
| 120|0x0000000087800000, 0x0000000087900000, 0x0000000087900000|100%| O|  |TAMS 0x0000000087900000, 0x0000000087800000| Untracked 
| 121|0x0000000087900000, 0x0000000087a00000, 0x0000000087a00000|100%| O|  |TAMS 0x0000000087a00000, 0x0000000087900000| Untracked 
| 122|0x0000000087a00000, 0x0000000087adc400, 0x0000000087b00000| 86%| O|  |TAMS 0x0000000087a00000, 0x0000000087a00000| Untracked 
| 123|0x0000000087b00000, 0x0000000087c00000, 0x0000000087c00000|100%| O|  |TAMS 0x0000000087c00000, 0x0000000087b00000| Untracked 
| 124|0x0000000087c00000, 0x0000000087d00000, 0x0000000087d00000|100%| O|  |TAMS 0x0000000087d00000, 0x0000000087c00000| Untracked 
| 125|0x0000000087d00000, 0x0000000087e00000, 0x0000000087e00000|100%| O|  |TAMS 0x0000000087e00000, 0x0000000087d00000| Untracked 
| 126|0x0000000087e00000, 0x0000000087f00000, 0x0000000087f00000|100%| O|  |TAMS 0x0000000087f00000, 0x0000000087e00000| Untracked 
| 127|0x0000000087f00000, 0x0000000088000000, 0x0000000088000000|100%| O|  |TAMS 0x0000000088000000, 0x0000000087f00000| Untracked 
| 128|0x0000000088000000, 0x0000000088100000, 0x0000000088100000|100%| O|  |TAMS 0x0000000088100000, 0x0000000088000000| Untracked 
| 129|0x0000000088100000, 0x0000000088100000, 0x0000000088200000|  0%| F|  |TAMS 0x0000000088100000, 0x0000000088100000| Untracked 
| 130|0x0000000088200000, 0x0000000088300000, 0x0000000088300000|100%| O|  |TAMS 0x0000000088300000, 0x0000000088200000| Untracked 
| 131|0x0000000088300000, 0x0000000088400000, 0x0000000088400000|100%| O|  |TAMS 0x0000000088400000, 0x0000000088300000| Untracked 
| 132|0x0000000088400000, 0x0000000088500000, 0x0000000088500000|100%| O|  |TAMS 0x0000000088500000, 0x0000000088400000| Untracked 
| 133|0x0000000088500000, 0x0000000088600000, 0x0000000088600000|100%| O|  |TAMS 0x0000000088600000, 0x0000000088500000| Untracked 
| 134|0x0000000088600000, 0x0000000088700000, 0x0000000088700000|100%| O|  |TAMS 0x0000000088700000, 0x0000000088600000| Untracked 
| 135|0x0000000088700000, 0x0000000088800000, 0x0000000088800000|100%| O|  |TAMS 0x0000000088800000, 0x0000000088700000| Untracked 
| 136|0x0000000088800000, 0x0000000088900000, 0x0000000088900000|100%| O|  |TAMS 0x0000000088900000, 0x0000000088800000| Untracked 
| 137|0x0000000088900000, 0x0000000088a00000, 0x0000000088a00000|100%| O|  |TAMS 0x0000000088a00000, 0x0000000088900000| Untracked 
| 138|0x0000000088a00000, 0x0000000088a00000, 0x0000000088b00000|  0%| F|  |TAMS 0x0000000088a00000, 0x0000000088a00000| Untracked 
| 139|0x0000000088b00000, 0x0000000088c00000, 0x0000000088c00000|100%| O|  |TAMS 0x0000000088c00000, 0x0000000088b00000| Untracked 
| 140|0x0000000088c00000, 0x0000000088d00000, 0x0000000088d00000|100%| O|  |TAMS 0x0000000088d00000, 0x0000000088c00000| Untracked 
| 141|0x0000000088d00000, 0x0000000088e00000, 0x0000000088e00000|100%| O|  |TAMS 0x0000000088e00000, 0x0000000088d00000| Untracked 
| 142|0x0000000088e00000, 0x0000000088f00000, 0x0000000088f00000|100%| O|  |TAMS 0x0000000088f00000, 0x0000000088e00000| Untracked 
| 143|0x0000000088f00000, 0x0000000089000000, 0x0000000089000000|100%| O|  |TAMS 0x0000000089000000, 0x0000000088f00000| Untracked 
| 144|0x0000000089000000, 0x0000000089100000, 0x0000000089100000|100%| O|  |TAMS 0x0000000089100000, 0x0000000089000000| Untracked 
| 145|0x0000000089100000, 0x0000000089200000, 0x0000000089200000|100%| O|  |TAMS 0x0000000089200000, 0x0000000089100000| Untracked 
| 146|0x0000000089200000, 0x0000000089300000, 0x0000000089300000|100%| O|  |TAMS 0x00000000892df200, 0x0000000089200000| Untracked 
| 147|0x0000000089300000, 0x0000000089300000, 0x0000000089400000|  0%| F|  |TAMS 0x0000000089300000, 0x0000000089300000| Untracked 
| 148|0x0000000089400000, 0x0000000089400000, 0x0000000089500000|  0%| F|  |TAMS 0x0000000089400000, 0x0000000089400000| Untracked 
| 149|0x0000000089500000, 0x0000000089500000, 0x0000000089600000|  0%| F|  |TAMS 0x0000000089500000, 0x0000000089500000| Untracked 
| 150|0x0000000089600000, 0x0000000089600000, 0x0000000089700000|  0%| F|  |TAMS 0x0000000089600000, 0x0000000089600000| Untracked 
| 151|0x0000000089700000, 0x0000000089700000, 0x0000000089800000|  0%| F|  |TAMS 0x0000000089700000, 0x0000000089700000| Untracked 
| 152|0x0000000089800000, 0x0000000089800000, 0x0000000089900000|  0%| F|  |TAMS 0x0000000089800000, 0x0000000089800000| Untracked 
| 153|0x0000000089900000, 0x0000000089900000, 0x0000000089a00000|  0%| F|  |TAMS 0x0000000089900000, 0x0000000089900000| Untracked 
| 154|0x0000000089a00000, 0x0000000089a00000, 0x0000000089b00000|  0%| F|  |TAMS 0x0000000089a00000, 0x0000000089a00000| Untracked 
| 155|0x0000000089b00000, 0x0000000089b00000, 0x0000000089c00000|  0%| F|  |TAMS 0x0000000089b00000, 0x0000000089b00000| Untracked 
| 156|0x0000000089c00000, 0x0000000089c00000, 0x0000000089d00000|  0%| F|  |TAMS 0x0000000089c00000, 0x0000000089c00000| Untracked 
| 157|0x0000000089d00000, 0x0000000089d00000, 0x0000000089e00000|  0%| F|  |TAMS 0x0000000089d00000, 0x0000000089d00000| Untracked 
| 158|0x0000000089e00000, 0x0000000089e00000, 0x0000000089f00000|  0%| F|  |TAMS 0x0000000089e00000, 0x0000000089e00000| Untracked 
| 159|0x0000000089f00000, 0x0000000089f00000, 0x000000008a000000|  0%| F|  |TAMS 0x0000000089f00000, 0x0000000089f00000| Untracked 
| 160|0x000000008a000000, 0x000000008a000000, 0x000000008a100000|  0%| F|  |TAMS 0x000000008a000000, 0x000000008a000000| Untracked 
| 161|0x000000008a100000, 0x000000008a100000, 0x000000008a200000|  0%| F|  |TAMS 0x000000008a100000, 0x000000008a100000| Untracked 
| 162|0x000000008a200000, 0x000000008a200000, 0x000000008a300000|  0%| F|  |TAMS 0x000000008a200000, 0x000000008a200000| Untracked 
| 163|0x000000008a300000, 0x000000008a300000, 0x000000008a400000|  0%| F|  |TAMS 0x000000008a300000, 0x000000008a300000| Untracked 
| 164|0x000000008a400000, 0x000000008a400000, 0x000000008a500000|  0%| F|  |TAMS 0x000000008a400000, 0x000000008a400000| Untracked 
| 165|0x000000008a500000, 0x000000008a500000, 0x000000008a600000|  0%| F|  |TAMS 0x000000008a500000, 0x000000008a500000| Untracked 
| 166|0x000000008a600000, 0x000000008a600000, 0x000000008a700000|  0%| F|  |TAMS 0x000000008a600000, 0x000000008a600000| Untracked 
| 167|0x000000008a700000, 0x000000008a700000, 0x000000008a800000|  0%| F|  |TAMS 0x000000008a700000, 0x000000008a700000| Untracked 
| 168|0x000000008a800000, 0x000000008a800000, 0x000000008a900000|  0%| F|  |TAMS 0x000000008a800000, 0x000000008a800000| Untracked 
| 169|0x000000008a900000, 0x000000008a900000, 0x000000008aa00000|  0%| F|  |TAMS 0x000000008a900000, 0x000000008a900000| Untracked 
| 170|0x000000008aa00000, 0x000000008aa00000, 0x000000008ab00000|  0%| F|  |TAMS 0x000000008aa00000, 0x000000008aa00000| Untracked 
| 171|0x000000008ab00000, 0x000000008ab00000, 0x000000008ac00000|  0%| F|  |TAMS 0x000000008ab00000, 0x000000008ab00000| Untracked 
| 172|0x000000008ac00000, 0x000000008ac00000, 0x000000008ad00000|  0%| F|  |TAMS 0x000000008ac00000, 0x000000008ac00000| Untracked 
| 173|0x000000008ad00000, 0x000000008ad00000, 0x000000008ae00000|  0%| F|  |TAMS 0x000000008ad00000, 0x000000008ad00000| Untracked 
| 174|0x000000008ae00000, 0x000000008ae00000, 0x000000008af00000|  0%| F|  |TAMS 0x000000008ae00000, 0x000000008ae00000| Untracked 
| 175|0x000000008af00000, 0x000000008af00000, 0x000000008b000000|  0%| F|  |TAMS 0x000000008af00000, 0x000000008af00000| Untracked 
| 176|0x000000008b000000, 0x000000008b000000, 0x000000008b100000|  0%| F|  |TAMS 0x000000008b000000, 0x000000008b000000| Untracked 
| 177|0x000000008b100000, 0x000000008b100000, 0x000000008b200000|  0%| F|  |TAMS 0x000000008b100000, 0x000000008b100000| Untracked 
| 178|0x000000008b200000, 0x000000008b200000, 0x000000008b300000|  0%| F|  |TAMS 0x000000008b200000, 0x000000008b200000| Untracked 
| 179|0x000000008b300000, 0x000000008b300000, 0x000000008b400000|  0%| F|  |TAMS 0x000000008b300000, 0x000000008b300000| Untracked 
| 180|0x000000008b400000, 0x000000008b400000, 0x000000008b500000|  0%| F|  |TAMS 0x000000008b400000, 0x000000008b400000| Untracked 
| 181|0x000000008b500000, 0x000000008b500000, 0x000000008b600000|  0%| F|  |TAMS 0x000000008b500000, 0x000000008b500000| Untracked 
| 182|0x000000008b600000, 0x000000008b600000, 0x000000008b700000|  0%| F|  |TAMS 0x000000008b600000, 0x000000008b600000| Untracked 
| 183|0x000000008b700000, 0x000000008b700000, 0x000000008b800000|  0%| F|  |TAMS 0x000000008b700000, 0x000000008b700000| Untracked 
| 184|0x000000008b800000, 0x000000008b800000, 0x000000008b900000|  0%| F|  |TAMS 0x000000008b800000, 0x000000008b800000| Untracked 
| 185|0x000000008b900000, 0x000000008b900000, 0x000000008ba00000|  0%| F|  |TAMS 0x000000008b900000, 0x000000008b900000| Untracked 
| 186|0x000000008ba00000, 0x000000008ba00000, 0x000000008bb00000|  0%| F|  |TAMS 0x000000008ba00000, 0x000000008ba00000| Untracked 
| 187|0x000000008bb00000, 0x000000008bb00000, 0x000000008bc00000|  0%| F|  |TAMS 0x000000008bb00000, 0x000000008bb00000| Untracked 
| 188|0x000000008bc00000, 0x000000008bc00000, 0x000000008bd00000|  0%| F|  |TAMS 0x000000008bc00000, 0x000000008bc00000| Untracked 
| 189|0x000000008bd00000, 0x000000008bd00000, 0x000000008be00000|  0%| F|  |TAMS 0x000000008bd00000, 0x000000008bd00000| Untracked 
| 190|0x000000008be00000, 0x000000008be00000, 0x000000008bf00000|  0%| F|  |TAMS 0x000000008be00000, 0x000000008be00000| Untracked 
| 191|0x000000008bf00000, 0x000000008bf00000, 0x000000008c000000|  0%| F|  |TAMS 0x000000008bf00000, 0x000000008bf00000| Untracked 
| 192|0x000000008c000000, 0x000000008c000000, 0x000000008c100000|  0%| F|  |TAMS 0x000000008c000000, 0x000000008c000000| Untracked 
| 193|0x000000008c100000, 0x000000008c100000, 0x000000008c200000|  0%| F|  |TAMS 0x000000008c100000, 0x000000008c100000| Untracked 
| 194|0x000000008c200000, 0x000000008c200000, 0x000000008c300000|  0%| F|  |TAMS 0x000000008c200000, 0x000000008c200000| Untracked 
| 195|0x000000008c300000, 0x000000008c300000, 0x000000008c400000|  0%| F|  |TAMS 0x000000008c300000, 0x000000008c300000| Untracked 
| 196|0x000000008c400000, 0x000000008c400000, 0x000000008c500000|  0%| F|  |TAMS 0x000000008c400000, 0x000000008c400000| Untracked 
| 197|0x000000008c500000, 0x000000008c500000, 0x000000008c600000|  0%| F|  |TAMS 0x000000008c500000, 0x000000008c500000| Untracked 
| 198|0x000000008c600000, 0x000000008c600000, 0x000000008c700000|  0%| F|  |TAMS 0x000000008c600000, 0x000000008c600000| Untracked 
| 199|0x000000008c700000, 0x000000008c700000, 0x000000008c800000|  0%| F|  |TAMS 0x000000008c700000, 0x000000008c700000| Untracked 
| 200|0x000000008c800000, 0x000000008c800000, 0x000000008c900000|  0%| F|  |TAMS 0x000000008c800000, 0x000000008c800000| Untracked 
| 201|0x000000008c900000, 0x000000008c900000, 0x000000008ca00000|  0%| F|  |TAMS 0x000000008c900000, 0x000000008c900000| Untracked 
| 202|0x000000008ca00000, 0x000000008ca00000, 0x000000008cb00000|  0%| F|  |TAMS 0x000000008ca00000, 0x000000008ca00000| Untracked 
| 203|0x000000008cb00000, 0x000000008cb00000, 0x000000008cc00000|  0%| F|  |TAMS 0x000000008cb00000, 0x000000008cb00000| Untracked 
| 204|0x000000008cc00000, 0x000000008cc00000, 0x000000008cd00000|  0%| F|  |TAMS 0x000000008cc00000, 0x000000008cc00000| Untracked 
| 205|0x000000008cd00000, 0x000000008cd00000, 0x000000008ce00000|  0%| F|  |TAMS 0x000000008cd00000, 0x000000008cd00000| Untracked 
| 206|0x000000008ce00000, 0x000000008ce30990, 0x000000008cf00000| 18%| S|CS|TAMS 0x000000008ce00000, 0x000000008ce00000| Complete 
| 207|0x000000008cf00000, 0x000000008d000000, 0x000000008d000000|100%| S|CS|TAMS 0x000000008cf00000, 0x000000008cf00000| Complete 
| 208|0x000000008d000000, 0x000000008d100000, 0x000000008d100000|100%| S|CS|TAMS 0x000000008d000000, 0x000000008d000000| Complete 
| 209|0x000000008d100000, 0x000000008d200000, 0x000000008d200000|100%| S|CS|TAMS 0x000000008d100000, 0x000000008d100000| Complete 
| 210|0x000000008d200000, 0x000000008d300000, 0x000000008d300000|100%| S|CS|TAMS 0x000000008d200000, 0x000000008d200000| Complete 
| 211|0x000000008d300000, 0x000000008d300000, 0x000000008d400000|  0%| F|  |TAMS 0x000000008d300000, 0x000000008d300000| Untracked 
| 212|0x000000008d400000, 0x000000008d400000, 0x000000008d500000|  0%| F|  |TAMS 0x000000008d400000, 0x000000008d400000| Untracked 
| 213|0x000000008d500000, 0x000000008d500000, 0x000000008d600000|  0%| F|  |TAMS 0x000000008d500000, 0x000000008d500000| Untracked 
| 214|0x000000008d600000, 0x000000008d600000, 0x000000008d700000|  0%| F|  |TAMS 0x000000008d600000, 0x000000008d600000| Untracked 
| 215|0x000000008d700000, 0x000000008d700000, 0x000000008d800000|  0%| F|  |TAMS 0x000000008d700000, 0x000000008d700000| Untracked 
| 216|0x000000008d800000, 0x000000008d800000, 0x000000008d900000|  0%| F|  |TAMS 0x000000008d800000, 0x000000008d800000| Untracked 
| 217|0x000000008d900000, 0x000000008d900000, 0x000000008da00000|  0%| F|  |TAMS 0x000000008d900000, 0x000000008d900000| Untracked 
| 218|0x000000008da00000, 0x000000008da00000, 0x000000008db00000|  0%| F|  |TAMS 0x000000008da00000, 0x000000008da00000| Untracked 
| 219|0x000000008db00000, 0x000000008db00000, 0x000000008dc00000|  0%| F|  |TAMS 0x000000008db00000, 0x000000008db00000| Untracked 
| 220|0x000000008dc00000, 0x000000008dc00000, 0x000000008dd00000|  0%| F|  |TAMS 0x000000008dc00000, 0x000000008dc00000| Untracked 
| 221|0x000000008dd00000, 0x000000008dd00000, 0x000000008de00000|  0%| F|  |TAMS 0x000000008dd00000, 0x000000008dd00000| Untracked 
| 222|0x000000008de00000, 0x000000008de00000, 0x000000008df00000|  0%| F|  |TAMS 0x000000008de00000, 0x000000008de00000| Untracked 
| 223|0x000000008df00000, 0x000000008df00000, 0x000000008e000000|  0%| F|  |TAMS 0x000000008df00000, 0x000000008df00000| Untracked 
| 224|0x000000008e000000, 0x000000008e000000, 0x000000008e100000|  0%| F|  |TAMS 0x000000008e000000, 0x000000008e000000| Untracked 
| 225|0x000000008e100000, 0x000000008e100000, 0x000000008e200000|  0%| F|  |TAMS 0x000000008e100000, 0x000000008e100000| Untracked 
| 226|0x000000008e200000, 0x000000008e200000, 0x000000008e300000|  0%| F|  |TAMS 0x000000008e200000, 0x000000008e200000| Untracked 
| 227|0x000000008e300000, 0x000000008e300000, 0x000000008e400000|  0%| F|  |TAMS 0x000000008e300000, 0x000000008e300000| Untracked 
| 228|0x000000008e400000, 0x000000008e400000, 0x000000008e500000|  0%| F|  |TAMS 0x000000008e400000, 0x000000008e400000| Untracked 
| 229|0x000000008e500000, 0x000000008e500000, 0x000000008e600000|  0%| F|  |TAMS 0x000000008e500000, 0x000000008e500000| Untracked 
| 230|0x000000008e600000, 0x000000008e600000, 0x000000008e700000|  0%| F|  |TAMS 0x000000008e600000, 0x000000008e600000| Untracked 
| 231|0x000000008e700000, 0x000000008e700000, 0x000000008e800000|  0%| F|  |TAMS 0x000000008e700000, 0x000000008e700000| Untracked 
| 232|0x000000008e800000, 0x000000008e800000, 0x000000008e900000|  0%| F|  |TAMS 0x000000008e800000, 0x000000008e800000| Untracked 
| 233|0x000000008e900000, 0x000000008e900000, 0x000000008ea00000|  0%| F|  |TAMS 0x000000008e900000, 0x000000008e900000| Untracked 
| 234|0x000000008ea00000, 0x000000008ea00000, 0x000000008eb00000|  0%| F|  |TAMS 0x000000008ea00000, 0x000000008ea00000| Untracked 
| 235|0x000000008eb00000, 0x000000008eb00000, 0x000000008ec00000|  0%| F|  |TAMS 0x000000008eb00000, 0x000000008eb00000| Untracked 
| 236|0x000000008ec00000, 0x000000008ec00000, 0x000000008ed00000|  0%| F|  |TAMS 0x000000008ec00000, 0x000000008ec00000| Untracked 
| 237|0x000000008ed00000, 0x000000008ed00000, 0x000000008ee00000|  0%| F|  |TAMS 0x000000008ed00000, 0x000000008ed00000| Untracked 
| 238|0x000000008ee00000, 0x000000008ee00000, 0x000000008ef00000|  0%| F|  |TAMS 0x000000008ee00000, 0x000000008ee00000| Untracked 
| 239|0x000000008ef00000, 0x000000008ef00000, 0x000000008f000000|  0%| F|  |TAMS 0x000000008ef00000, 0x000000008ef00000| Untracked 
| 240|0x000000008f000000, 0x000000008f000000, 0x000000008f100000|  0%| F|  |TAMS 0x000000008f000000, 0x000000008f000000| Untracked 
| 241|0x000000008f100000, 0x000000008f100000, 0x000000008f200000|  0%| F|  |TAMS 0x000000008f100000, 0x000000008f100000| Untracked 
| 242|0x000000008f200000, 0x000000008f200000, 0x000000008f300000|  0%| F|  |TAMS 0x000000008f200000, 0x000000008f200000| Untracked 
| 243|0x000000008f300000, 0x000000008f300000, 0x000000008f400000|  0%| F|  |TAMS 0x000000008f300000, 0x000000008f300000| Untracked 
| 244|0x000000008f400000, 0x000000008f400000, 0x000000008f500000|  0%| F|  |TAMS 0x000000008f400000, 0x000000008f400000| Untracked 
| 245|0x000000008f500000, 0x000000008f500000, 0x000000008f600000|  0%| F|  |TAMS 0x000000008f500000, 0x000000008f500000| Untracked 
| 246|0x000000008f600000, 0x000000008f600000, 0x000000008f700000|  0%| F|  |TAMS 0x000000008f600000, 0x000000008f600000| Untracked 
| 247|0x000000008f700000, 0x000000008f700000, 0x000000008f800000|  0%| F|  |TAMS 0x000000008f700000, 0x000000008f700000| Untracked 
| 248|0x000000008f800000, 0x000000008f800000, 0x000000008f900000|  0%| F|  |TAMS 0x000000008f800000, 0x000000008f800000| Untracked 
| 249|0x000000008f900000, 0x000000008f900000, 0x000000008fa00000|  0%| F|  |TAMS 0x000000008f900000, 0x000000008f900000| Untracked 
| 250|0x000000008fa00000, 0x000000008fa00000, 0x000000008fb00000|  0%| F|  |TAMS 0x000000008fa00000, 0x000000008fa00000| Untracked 
| 251|0x000000008fb00000, 0x000000008fb89318, 0x000000008fc00000| 53%| E|  |TAMS 0x000000008fb00000, 0x000000008fb00000| Complete 
| 252|0x000000008fc00000, 0x000000008fd00000, 0x000000008fd00000|100%| E|CS|TAMS 0x000000008fc00000, 0x000000008fc00000| Complete 
| 253|0x000000008fd00000, 0x000000008fe00000, 0x000000008fe00000|100%| E|  |TAMS 0x000000008fd00000, 0x000000008fd00000| Complete 
| 254|0x000000008fe00000, 0x000000008ff00000, 0x000000008ff00000|100%| E|CS|TAMS 0x000000008fe00000, 0x000000008fe00000| Complete 
| 255|0x000000008ff00000, 0x0000000090000000, 0x0000000090000000|100%| E|CS|TAMS 0x000000008ff00000, 0x000000008ff00000| Complete 
| 256|0x0000000090000000, 0x0000000090100000, 0x0000000090100000|100%| E|CS|TAMS 0x0000000090000000, 0x0000000090000000| Complete 
| 257|0x0000000090100000, 0x0000000090200000, 0x0000000090200000|100%| E|CS|TAMS 0x0000000090100000, 0x0000000090100000| Complete 
| 258|0x0000000090200000, 0x0000000090300000, 0x0000000090300000|100%| E|CS|TAMS 0x0000000090200000, 0x0000000090200000| Complete 
| 259|0x0000000090300000, 0x0000000090400000, 0x0000000090400000|100%| E|CS|TAMS 0x0000000090300000, 0x0000000090300000| Complete 
| 260|0x0000000090400000, 0x0000000090500000, 0x0000000090500000|100%| E|CS|TAMS 0x0000000090400000, 0x0000000090400000| Complete 
| 261|0x0000000090500000, 0x0000000090600000, 0x0000000090600000|100%| E|CS|TAMS 0x0000000090500000, 0x0000000090500000| Complete 
| 262|0x0000000090600000, 0x0000000090700000, 0x0000000090700000|100%| E|CS|TAMS 0x0000000090600000, 0x0000000090600000| Complete 
| 263|0x0000000090700000, 0x0000000090800000, 0x0000000090800000|100%| E|CS|TAMS 0x0000000090700000, 0x0000000090700000| Complete 

Card table byte_map: [0x000001a0458d0000,0x000001a045cd0000] _byte_map_base: 0x000001a0454d0000

Marking Bits (Prev, Next): (CMBitMap*) 0x000001a0307bdcb0, (CMBitMap*) 0x000001a0307bdc78
 Prev Bits: [0x000001a0480d0000, 0x000001a04a0d0000)
 Next Bits: [0x000001a0460d0000, 0x000001a0480d0000)

Polling page: 0x000001a030860000

Metaspace:

Usage:
  Non-class:     99.18 MB capacity,    97.29 MB ( 98%) used,     1.56 MB (  2%) free+waste,   345.31 KB ( <1%) overhead. 
      Class:     15.19 MB capacity,    14.15 MB ( 93%) used,   912.48 KB (  6%) free+waste,   154.44 KB ( <1%) overhead. 
       Both:    114.37 MB capacity,   111.44 MB ( 97%) used,     2.45 MB (  2%) free+waste,   499.75 KB ( <1%) overhead. 

Virtual space:
  Non-class space:      100.00 MB reserved,      99.42 MB (>99%) committed 
      Class space:        1.00 GB reserved,      15.38 MB (  2%) committed 
             Both:        1.10 GB reserved,     114.80 MB ( 10%) committed 

Chunk freelists:
   Non-Class:  116.00 KB
       Class:  63.00 KB
        Both:  179.00 KB

MaxMetaspaceSize: 17179869184.00 GB
CompressedClassSpaceSize: 1.00 GB

CodeHeap 'non-profiled nmethods': size=120000Kb used=10625Kb max_used=10625Kb free=109374Kb
 bounds [0x000001a03d520000, 0x000001a03df90000, 0x000001a044a50000]
CodeHeap 'profiled nmethods': size=120000Kb used=37291Kb max_used=37291Kb free=82708Kb
 bounds [0x000001a035ff0000, 0x000001a038460000, 0x000001a03d520000]
CodeHeap 'non-nmethods': size=5760Kb used=2366Kb max_used=2408Kb free=3393Kb
 bounds [0x000001a035a50000, 0x000001a035cc0000, 0x000001a035ff0000]
 total_blobs=17852 nmethods=16865 adapters=897
 compilation: enabled
              stopped_count=0, restarted_count=0
 full_count=0

Compilation events (20 events):
Event: 6826.069 Thread 0x000001a04cbcf000 nmethod 17469 0x000001a03844ff90 code [0x000001a038450140, 0x000001a0384502d8]
Event: 6826.069 Thread 0x000001a04cbcf000 17470       3       java.lang.Long::formatUnsignedLong0 (47 bytes)
Event: 6826.070 Thread 0x000001a04cbcf000 nmethod 17470 0x000001a038450390 code [0x000001a038450560, 0x000001a038450778]
Event: 6832.291 Thread 0x000001a04cbcf000 17471       3       java.io.ObjectStreamClass::<init> (10 bytes)
Event: 6832.291 Thread 0x000001a04cbcf000 nmethod 17471 0x000001a038450910 code [0x000001a038450ac0, 0x000001a038450c18]
Event: 6832.297 Thread 0x000001a04d540000 17472   !   4       java.io.ObjectOutputStream::writeSerialData (221 bytes)
Event: 6832.309 Thread 0x000001a04cbcf000 17473       1       java.io.ObjectStreamClass::getName (5 bytes)
Event: 6832.309 Thread 0x000001a04cbcf000 nmethod 17473 0x000001a03df80390 code [0x000001a03df80540, 0x000001a03df805f8]
Event: 6832.323 Thread 0x000001a04cbcf000 17474       3       sun.rmi.runtime.Log$LoggerLog::isLoggable (9 bytes)
Event: 6832.324 Thread 0x000001a04cbcf000 nmethod 17474 0x000001a038450d10 code [0x000001a038450ec0, 0x000001a038451158]
Event: 6832.329 Thread 0x000001a04cbcf000 17475       3       sun.rmi.server.MarshalOutputStream::replaceObject (33 bytes)
Event: 6832.337 Thread 0x000001a04cbcf000 nmethod 17475 0x000001a038451290 code [0x000001a038451500, 0x000001a038452208]
Event: 6832.402 Thread 0x000001a04cbcf000 17477       3       java.io.ObjectInputStream$BlockDataInputStream::readShort (73 bytes)
Event: 6832.403 Thread 0x000001a04cbcf000 nmethod 17477 0x000001a038452610 code [0x000001a038452800, 0x000001a038452b18]
Event: 6832.403 Thread 0x000001a04cbcf000 17480   !   3       java.io.ObjectInputStream::readSerialData (563 bytes)
Event: 6832.409 Thread 0x000001a04cbcf000 nmethod 17480 0x000001a038452c90 code [0x000001a038453200, 0x000001a038456318]
Event: 6832.409 Thread 0x000001a04cbcf000 17478       3       java.lang.ClassLoader::getBuiltinPlatformClassLoader (4 bytes)
Event: 6832.409 Thread 0x000001a04cbcf000 nmethod 17478 0x000001a038457a10 code [0x000001a038457bc0, 0x000001a038457cf8]
Event: 6832.409 Thread 0x000001a04cbcf000 17479   !   3       java.io.ObjectStreamClass::newInstance (157 bytes)
Event: 6832.412 Thread 0x000001a04cbcf000 nmethod 17479 0x000001a038457d90 code [0x000001a0384581a0, 0x000001a038459d78]

GC Heap History (20 events):
Event: 6697.061 GC heap before
{Heap before GC invocations=96 (full 0):
 garbage-first heap   total 187392K, used 157696K [0x0000000080000000, 0x0000000100000000)
  region size 1024K, 26 young (26624K), 4 survivors (4096K)
 Metaspace       used 109572K, capacity 112202K, committed 112432K, reserved 1146880K
  class space    used 13890K, capacity 14857K, committed 14976K, reserved 1048576K
}
Event: 6697.070 GC heap after
{Heap after GC invocations=97 (full 0):
 garbage-first heap   total 187392K, used 138497K [0x0000000080000000, 0x0000000100000000)
  region size 1024K, 3 young (3072K), 3 survivors (3072K)
 Metaspace       used 109572K, capacity 112202K, committed 112432K, reserved 1146880K
  class space    used 13890K, capacity 14857K, committed 14976K, reserved 1048576K
}
Event: 6697.497 GC heap before
{Heap before GC invocations=97 (full 0):
 garbage-first heap   total 187392K, used 144641K [0x0000000080000000, 0x0000000100000000)
  region size 1024K, 9 young (9216K), 3 survivors (3072K)
 Metaspace       used 109590K, capacity 112202K, committed 112432K, reserved 1146880K
  class space    used 13891K, capacity 14857K, committed 14976K, reserved 1048576K
}
Event: 6697.531 GC heap after
{Heap after GC invocations=98 (full 0):
 garbage-first heap   total 187392K, used 135234K [0x0000000080000000, 0x0000000100000000)
  region size 1024K, 1 young (1024K), 1 survivors (1024K)
 Metaspace       used 109590K, capacity 112202K, committed 112432K, reserved 1146880K
  class space    used 13891K, capacity 14857K, committed 14976K, reserved 1048576K
}
Event: 6698.738 GC heap before
{Heap before GC invocations=98 (full 0):
 garbage-first heap   total 187392K, used 157762K [0x0000000080000000, 0x0000000100000000)
  region size 1024K, 23 young (23552K), 1 survivors (1024K)
 Metaspace       used 110241K, capacity 112896K, committed 113072K, reserved 1146880K
  class space    used 13970K, capacity 14960K, committed 15104K, reserved 1048576K
}
Event: 6698.748 GC heap after
{Heap after GC invocations=99 (full 0):
 garbage-first heap   total 225280K, used 138785K [0x0000000080000000, 0x0000000100000000)
  region size 1024K, 3 young (3072K), 3 survivors (3072K)
 Metaspace       used 110241K, capacity 112896K, committed 113072K, reserved 1146880K
  class space    used 13970K, capacity 14960K, committed 15104K, reserved 1048576K
}
Event: 6699.563 GC heap before
{Heap before GC invocations=100 (full 0):
 garbage-first heap   total 225280K, used 174625K [0x0000000080000000, 0x0000000100000000)
  region size 1024K, 39 young (39936K), 3 survivors (3072K)
 Metaspace       used 111295K, capacity 114001K, committed 114224K, reserved 1148928K
  class space    used 14120K, capacity 15113K, committed 15232K, reserved 1048576K
}
Event: 6699.578 GC heap after
{Heap after GC invocations=101 (full 0):
 garbage-first heap   total 225280K, used 141548K [0x0000000080000000, 0x0000000100000000)
  region size 1024K, 3 young (3072K), 3 survivors (3072K)
 Metaspace       used 111295K, capacity 114001K, committed 114224K, reserved 1148928K
  class space    used 14120K, capacity 15113K, committed 15232K, reserved 1048576K
}
Event: 6699.700 GC heap before
{Heap before GC invocations=101 (full 0):
 garbage-first heap   total 225280K, used 149740K [0x0000000080000000, 0x0000000100000000)
  region size 1024K, 11 young (11264K), 3 survivors (3072K)
 Metaspace       used 111295K, capacity 114001K, committed 114224K, reserved 1148928K
  class space    used 14121K, capacity 15113K, committed 15232K, reserved 1048576K
}
Event: 6699.710 GC heap after
{Heap after GC invocations=102 (full 0):
 garbage-first heap   total 225280K, used 142000K [0x0000000080000000, 0x0000000100000000)
  region size 1024K, 2 young (2048K), 2 survivors (2048K)
 Metaspace       used 111295K, capacity 114001K, committed 114224K, reserved 1148928K
  class space    used 14121K, capacity 15113K, committed 15232K, reserved 1048576K
}
Event: 6700.261 GC heap before
{Heap before GC invocations=102 (full 0):
 garbage-first heap   total 225280K, used 177840K [0x0000000080000000, 0x0000000100000000)
  region size 1024K, 38 young (38912K), 2 survivors (2048K)
 Metaspace       used 111325K, capacity 114005K, committed 114224K, reserved 1148928K
  class space    used 14122K, capacity 15114K, committed 15232K, reserved 1048576K
}
Event: 6700.271 GC heap after
{Heap after GC invocations=103 (full 0):
 garbage-first heap   total 225280K, used 144657K [0x0000000080000000, 0x0000000100000000)
  region size 1024K, 4 young (4096K), 4 survivors (4096K)
 Metaspace       used 111325K, capacity 114005K, committed 114224K, reserved 1148928K
  class space    used 14122K, capacity 15114K, committed 15232K, reserved 1048576K
}
Event: 6734.671 GC heap before
{Heap before GC invocations=104 (full 0):
 garbage-first heap   total 225280K, used 180497K [0x0000000080000000, 0x0000000100000000)
  region size 1024K, 40 young (40960K), 4 survivors (4096K)
 Metaspace       used 113122K, capacity 116046K, committed 116400K, reserved 1150976K
  class space    used 14410K, capacity 15505K, committed 15616K, reserved 1048576K
}
Event: 6734.724 GC heap after
{Heap after GC invocations=105 (full 0):
 garbage-first heap   total 225280K, used 146665K [0x0000000080000000, 0x0000000100000000)
  region size 1024K, 3 young (3072K), 3 survivors (3072K)
 Metaspace       used 113122K, capacity 116046K, committed 116400K, reserved 1150976K
  class space    used 14410K, capacity 15505K, committed 15616K, reserved 1048576K
}
Event: 6757.494 GC heap before
{Heap before GC invocations=105 (full 0):
 garbage-first heap   total 225280K, used 153833K [0x0000000080000000, 0x0000000100000000)
  region size 1024K, 11 young (11264K), 3 survivors (3072K)
 Metaspace       used 113563K, capacity 116601K, committed 116912K, reserved 1150976K
  class space    used 14473K, capacity 15556K, committed 15616K, reserved 1048576K
}
Event: 6757.625 GC heap after
{Heap after GC invocations=106 (full 0):
 garbage-first heap   total 225280K, used 143662K [0x0000000080000000, 0x0000000100000000)
  region size 1024K, 1 young (1024K), 1 survivors (1024K)
 Metaspace       used 113563K, capacity 116601K, committed 116912K, reserved 1150976K
  class space    used 14473K, capacity 15556K, committed 15616K, reserved 1048576K
}
Event: 6811.670 GC heap before
{Heap before GC invocations=106 (full 0):
 garbage-first heap   total 225280K, used 181550K [0x0000000080000000, 0x0000000100000000)
  region size 1024K, 39 young (39936K), 1 survivors (1024K)
 Metaspace       used 113980K, capacity 116971K, committed 117168K, reserved 1150976K
  class space    used 14515K, capacity 15612K, committed 15616K, reserved 1048576K
}
Event: 6811.918 GC heap after
{Heap after GC invocations=107 (full 0):
 garbage-first heap   total 270336K, used 148348K [0x0000000080000000, 0x0000000100000000)
  region size 1024K, 5 young (5120K), 5 survivors (5120K)
 Metaspace       used 113980K, capacity 116971K, committed 117168K, reserved 1150976K
  class space    used 14515K, capacity 15612K, committed 15616K, reserved 1048576K
}
Event: 6817.421 GC heap before
{Heap before GC invocations=108 (full 0):
 garbage-first heap   total 270336K, used 201596K [0x0000000080000000, 0x0000000100000000)
  region size 1024K, 58 young (59392K), 5 survivors (5120K)
 Metaspace       used 114069K, capacity 117047K, committed 117552K, reserved 1150976K
  class space    used 14486K, capacity 15553K, committed 15744K, reserved 1048576K
}
Event: 6817.453 GC heap after
{Heap after GC invocations=109 (full 0):
 garbage-first heap   total 270336K, used 148531K [0x0000000080000000, 0x0000000100000000)
  region size 1024K, 5 young (5120K), 5 survivors (5120K)
 Metaspace       used 114069K, capacity 117047K, committed 117552K, reserved 1150976K
  class space    used 14486K, capacity 15553K, committed 15744K, reserved 1048576K
}

Deoptimization events (20 events):
Event: 6832.294 Thread 0x000001a04fc4d000 Uncommon trap: trap_request=0xffffffde fr.pc=0x000001a03d68ed00 relative=0x00000000000009a0
Event: 6832.294 Thread 0x000001a04fc4d000 Uncommon trap: reason=class_check action=maybe_recompile pc=0x000001a03d68ed00 method=java.util.WeakHashMap.eq(Ljava/lang/Object;Ljava/lang/Object;)Z @ 7 c2
Event: 6832.294 Thread 0x000001a04fc4d000 DEOPT PACKING pc=0x000001a03d68ed00 sp=0x0000001d7cdfcc80
Event: 6832.294 Thread 0x000001a04fc4d000 DEOPT UNPACKING pc=0x000001a035a7662f sp=0x0000001d7cdfcbf0 mode 2
Event: 6832.308 Thread 0x000001a04fc4d000 Uncommon trap: trap_request=0xffffffde fr.pc=0x000001a03dd170ac relative=0x000000000000010c
Event: 6832.308 Thread 0x000001a04fc4d000 Uncommon trap: reason=class_check action=maybe_recompile pc=0x000001a03dd170ac method=java.lang.reflect.Array.newInstance(Ljava/lang/Class;I)Ljava/lang/Object; @ 2 c2
Event: 6832.308 Thread 0x000001a04fc4d000 DEOPT PACKING pc=0x000001a03dd170ac sp=0x0000001d7cdfc250
Event: 6832.309 Thread 0x000001a04fc4d000 DEOPT UNPACKING pc=0x000001a035a7662f sp=0x0000001d7cdfc1e8 mode 2
Event: 6832.400 Thread 0x000001a04fc4f000 Uncommon trap: trap_request=0xffffffde fr.pc=0x000001a03d8a8f7c relative=0x00000000000000bc
Event: 6832.400 Thread 0x000001a04fc4f000 Uncommon trap: reason=class_check action=maybe_recompile pc=0x000001a03d8a8f7c method=java.lang.ThreadLocal.set(Ljava/lang/Object;)V @ 26 c2
Event: 6832.400 Thread 0x000001a04fc4f000 DEOPT PACKING pc=0x000001a03d8a8f7c sp=0x0000001d7d4fda00
Event: 6832.400 Thread 0x000001a04fc4f000 DEOPT UNPACKING pc=0x000001a035a7662f sp=0x0000001d7d4fd990 mode 2
Event: 6832.403 Thread 0x000001a04fc4f000 Uncommon trap: trap_request=0xffffffc6 fr.pc=0x000001a03d953714 relative=0x0000000000000e74
Event: 6832.404 Thread 0x000001a04fc4f000 Uncommon trap: reason=bimorphic_or_optimized_type_check action=maybe_recompile pc=0x000001a03d953714 method=java.util.Hashtable.put(Ljava/lang/Object;Ljava/lang/Object;)Ljava/lang/Object; @ 18 c2
Event: 6832.404 Thread 0x000001a04fc4f000 DEOPT PACKING pc=0x000001a03d953714 sp=0x0000001d7d4fbad0
Event: 6832.404 Thread 0x000001a04fc4f000 DEOPT UNPACKING pc=0x000001a035a7662f sp=0x0000001d7d4fba98 mode 2
Event: 6832.404 Thread 0x000001a04fc4f000 Uncommon trap: trap_request=0xffffffc6 fr.pc=0x000001a03d953714 relative=0x0000000000000e74
Event: 6832.404 Thread 0x000001a04fc4f000 Uncommon trap: reason=bimorphic_or_optimized_type_check action=maybe_recompile pc=0x000001a03d953714 method=java.util.Hashtable.put(Ljava/lang/Object;Ljava/lang/Object;)Ljava/lang/Object; @ 18 c2
Event: 6832.404 Thread 0x000001a04fc4f000 DEOPT PACKING pc=0x000001a03d953714 sp=0x0000001d7d4fbad0
Event: 6832.405 Thread 0x000001a04fc4f000 DEOPT UNPACKING pc=0x000001a035a7662f sp=0x0000001d7d4fba98 mode 2

Classes redefined (0 events):
No events

Internal exceptions (20 events):
Event: 6740.878 Thread 0x000001a0560b8800 Exception <a 'java/net/ConnectException'{0x000000008d456b08}: Connection refused: connect> (0x000000008d456b08) thrown at [./src/hotspot/share/prims/jni.cpp, line 636]
Event: 6759.316 Thread 0x000001a04f55e000 Exception <a 'java/lang/NoSuchMethodError'{0x000000008d9afdc8}: <clinit>> (0x000000008d9afdc8) thrown at [./src/hotspot/share/prims/jni.cpp, line 1362]
Event: 6759.361 Thread 0x000001a04f55e000 Exception <a 'java/lang/NoSuchMethodError'{0x000000008d9c0df0}: <clinit>> (0x000000008d9c0df0) thrown at [./src/hotspot/share/prims/jni.cpp, line 1362]
Event: 6759.364 Thread 0x000001a04f55e000 Exception <a 'java/lang/NoSuchMethodError'{0x000000008d9c24d8}: <clinit>> (0x000000008d9c24d8) thrown at [./src/hotspot/share/prims/jni.cpp, line 1362]
Event: 6759.372 Thread 0x000001a04f55e000 Exception <a 'java/lang/NoSuchMethodError'{0x000000008d9d7020}: <clinit>> (0x000000008d9d7020) thrown at [./src/hotspot/share/prims/jni.cpp, line 1362]
Event: 6759.375 Thread 0x000001a04f55e000 Exception <a 'java/lang/NoSuchMethodError'{0x000000008d9e3190}: <clinit>> (0x000000008d9e3190) thrown at [./src/hotspot/share/prims/jni.cpp, line 1362]
Event: 6759.391 Thread 0x000001a04f55e000 Exception <a 'java/lang/NoSuchMethodError'{0x000000008d9f84d0}: <clinit>> (0x000000008d9f84d0) thrown at [./src/hotspot/share/prims/jni.cpp, line 1362]
Event: 6806.572 Thread 0x000001a04f55c000 Exception <a 'sun/nio/fs/WindowsException'{0x000000008bf912c8}> (0x000000008bf912c8) thrown at [./src/hotspot/share/prims/jni.cpp, line 615]
Event: 6812.127 Thread 0x000001a04f55c000 Exception <a 'sun/nio/fs/WindowsException'{0x00000000905c3f50}> (0x00000000905c3f50) thrown at [./src/hotspot/share/prims/jni.cpp, line 615]
Event: 6812.220 Thread 0x000001a04f55c000 Exception <a 'sun/nio/fs/WindowsException'{0x000000009045f790}> (0x000000009045f790) thrown at [./src/hotspot/share/prims/jni.cpp, line 615]
Event: 6812.220 Thread 0x000001a04f55c000 Exception <a 'sun/nio/fs/WindowsException'{0x0000000090460b68}> (0x0000000090460b68) thrown at [./src/hotspot/share/prims/jni.cpp, line 615]
Event: 6812.221 Thread 0x000001a04f55c000 Exception <a 'sun/nio/fs/WindowsException'{0x0000000090461f90}> (0x0000000090461f90) thrown at [./src/hotspot/share/prims/jni.cpp, line 615]
Event: 6812.221 Thread 0x000001a04f55c000 Exception <a 'sun/nio/fs/WindowsException'{0x00000000904633b8}> (0x00000000904633b8) thrown at [./src/hotspot/share/prims/jni.cpp, line 615]
Event: 6819.475 Thread 0x000001a04fc4d000 Exception <a 'java/net/ConnectException'{0x000000008fd1a518}: Connection refused: connect> (0x000000008fd1a518) thrown at [./src/hotspot/share/prims/jni.cpp, line 636]
Event: 6821.719 Thread 0x000001a04fc4d000 Exception <a 'java/net/ConnectException'{0x000000008fd1b248}: Connection refused: connect> (0x000000008fd1b248) thrown at [./src/hotspot/share/prims/jni.cpp, line 636]
Event: 6823.992 Thread 0x000001a04fc4d000 Exception <a 'java/net/ConnectException'{0x000000008fd1bf78}: Connection refused: connect> (0x000000008fd1bf78) thrown at [./src/hotspot/share/prims/jni.cpp, line 636]
Event: 6828.121 Thread 0x000001a04fc4d000 Exception <a 'java/net/ConnectException'{0x000000008fd5bc88}: Connection refused: connect> (0x000000008fd5bc88) thrown at [./src/hotspot/share/prims/jni.cpp, line 636]
Event: 6830.182 Thread 0x000001a04fc4d000 Exception <a 'java/net/ConnectException'{0x000000008fd5c9b8}: Connection refused: connect> (0x000000008fd5c9b8) thrown at [./src/hotspot/share/prims/jni.cpp, line 636]
Event: 6832.239 Thread 0x000001a04fc4d000 Exception <a 'java/net/ConnectException'{0x000000008fd74c40}: Connection refused: connect> (0x000000008fd74c40) thrown at [./src/hotspot/share/prims/jni.cpp, line 636]
Event: 6832.309 Thread 0x000001a04fc48800 Exception <a 'java/lang/InterruptedException'{0x000000008fd92ba8}> (0x000000008fd92ba8) thrown at [./src/hotspot/share/runtime/objectMonitor.cpp, line 1635]

Events (20 events):
Event: 6832.327 Executing VM operation: RevokeBias done
Event: 6832.327 Executing VM operation: RevokeBias
Event: 6832.327 Executing VM operation: RevokeBias done
Event: 6832.327 Executing VM operation: RevokeBias
Event: 6832.327 Executing VM operation: RevokeBias done
Event: 6832.328 Executing VM operation: RevokeBias
Event: 6832.328 Executing VM operation: RevokeBias done
Event: 6832.329 Executing VM operation: BulkRevokeBias
Event: 6832.336 Executing VM operation: BulkRevokeBias done
Event: 6832.399 Thread 0x000001a04fc4f000 Thread added: 0x000001a04fc4f000
Event: 6832.400 Executing VM operation: RevokeBias
Event: 6832.400 Executing VM operation: RevokeBias done
Event: 6832.400 Executing VM operation: RevokeBias
Event: 6832.400 Executing VM operation: RevokeBias done
Event: 6832.403 Executing VM operation: RevokeBias
Event: 6832.403 Executing VM operation: RevokeBias done
Event: 6832.403 Executing VM operation: RevokeBias
Event: 6832.404 Executing VM operation: RevokeBias done
Event: 6832.404 Executing VM operation: RevokeBias
Event: 6832.404 Executing VM operation: RevokeBias done


Dynamic libraries:
0x00007ff77d0c0000 - 0x00007ff77d0ca000 	C:\Program Files\Android\Android Studio1\jre\bin\java.exe
0x00007ffeee0d0000 - 0x00007ffeee2c8000 	C:\WINDOWS\SYSTEM32\ntdll.dll
0x00007ffeedc20000 - 0x00007ffeedcdf000 	C:\WINDOWS\System32\KERNEL32.DLL
0x00007ffeebe40000 - 0x00007ffeec112000 	C:\WINDOWS\System32\KERNELBASE.dll
0x00007ffeebca0000 - 0x00007ffeebda0000 	C:\WINDOWS\System32\ucrtbase.dll
0x00007ffee2ac0000 - 0x00007ffee2ad9000 	C:\Program Files\Android\Android Studio1\jre\bin\jli.dll
0x00007ffee2aa0000 - 0x00007ffee2ab7000 	C:\Program Files\Android\Android Studio1\jre\bin\VCRUNTIME140.dll
0x00007ffeed9a0000 - 0x00007ffeedb3d000 	C:\WINDOWS\System32\USER32.dll
0x00007ffeebda0000 - 0x00007ffeebdc2000 	C:\WINDOWS\System32\win32u.dll
0x00007ffeedce0000 - 0x00007ffeedd0b000 	C:\WINDOWS\System32\GDI32.dll
0x00007ffeebb90000 - 0x00007ffeebc9f000 	C:\WINDOWS\System32\gdi32full.dll
0x00007ffeeb9b0000 - 0x00007ffeeba4d000 	C:\WINDOWS\System32\msvcp_win.dll
0x00007ffed0bb0000 - 0x00007ffed0e4a000 	C:\WINDOWS\WinSxS\amd64_microsoft.windows.common-controls_6595b64144ccf1df_6.0.19041.1110_none_60b5254171f9507e\COMCTL32.dll
0x00007ffeec1f0000 - 0x00007ffeec28e000 	C:\WINDOWS\System32\msvcrt.dll
0x00007ffeece30000 - 0x00007ffeece62000 	C:\WINDOWS\System32\IMM32.DLL
0x00007ffeab7f0000 - 0x00007ffeab88d000 	C:\Program Files\Android\Android Studio1\jre\bin\msvcp140.dll
0x00007ffe83030000 - 0x00007ffe83b05000 	C:\Program Files\Android\Android Studio1\jre\bin\server\jvm.dll
0x00007ffeed210000 - 0x00007ffeed2be000 	C:\WINDOWS\System32\ADVAPI32.dll
0x00007ffeecf30000 - 0x00007ffeecfcc000 	C:\WINDOWS\System32\sechost.dll
0x00007ffeedd10000 - 0x00007ffeede35000 	C:\WINDOWS\System32\RPCRT4.dll
0x00007ffeec5f0000 - 0x00007ffeec5f8000 	C:\WINDOWS\System32\PSAPI.DLL
0x00007ffeea320000 - 0x00007ffeea32a000 	C:\WINDOWS\SYSTEM32\VERSION.dll
0x00007ffecc1b0000 - 0x00007ffecc1b9000 	C:\WINDOWS\SYSTEM32\WSOCK32.dll
0x00007ffeccb70000 - 0x00007ffeccb97000 	C:\WINDOWS\SYSTEM32\WINMM.dll
0x00007ffeecdb0000 - 0x00007ffeece1b000 	C:\WINDOWS\System32\WS2_32.dll
0x00007ffee9dd0000 - 0x00007ffee9de2000 	C:\WINDOWS\SYSTEM32\kernel.appcore.dll
0x00007ffee7d30000 - 0x00007ffee7d41000 	C:\Program Files\Android\Android Studio1\jre\bin\verify.dll
0x00007ffee93e0000 - 0x00007ffee95c4000 	C:\WINDOWS\SYSTEM32\DBGHELP.DLL
0x00007ffecc2a0000 - 0x00007ffecc2cc000 	C:\WINDOWS\SYSTEM32\dbgcore.DLL
0x00007ffeebb00000 - 0x00007ffeebb82000 	C:\WINDOWS\System32\bcryptPrimitives.dll
0x00007ffee4e00000 - 0x00007ffee4e29000 	C:\Program Files\Android\Android Studio1\jre\bin\java.dll
0x00007ffee7a30000 - 0x00007ffee7a3b000 	C:\Program Files\Android\Android Studio1\jre\bin\jimage.dll
0x00007ffee4de0000 - 0x00007ffee4df8000 	C:\Program Files\Android\Android Studio1\jre\bin\zip.dll
0x00007ffeec600000 - 0x00007ffeecd43000 	C:\WINDOWS\System32\SHELL32.dll
0x00007ffee95d0000 - 0x00007ffee9d62000 	C:\WINDOWS\SYSTEM32\windows.storage.dll
0x00007ffeec290000 - 0x00007ffeec5e4000 	C:\WINDOWS\System32\combase.dll
0x00007ffeeb1c0000 - 0x00007ffeeb1f0000 	C:\WINDOWS\SYSTEM32\Wldp.dll
0x00007ffeed160000 - 0x00007ffeed20d000 	C:\WINDOWS\System32\SHCORE.dll
0x00007ffeeced0000 - 0x00007ffeecf25000 	C:\WINDOWS\System32\shlwapi.dll
0x00007ffeeb710000 - 0x00007ffeeb72f000 	C:\WINDOWS\SYSTEM32\profapi.dll
0x00007ffee4dc0000 - 0x00007ffee4dda000 	C:\Program Files\Android\Android Studio1\jre\bin\net.dll
0x00007ffeea750000 - 0x00007ffeea85c000 	C:\WINDOWS\SYSTEM32\WINHTTP.dll
0x00007ffeeaeb0000 - 0x00007ffeeaf1a000 	C:\WINDOWS\system32\mswsock.dll
0x00007ffee4bb0000 - 0x00007ffee4bc4000 	C:\Program Files\Android\Android Studio1\jre\bin\nio.dll
0x00007ffed0920000 - 0x00007ffed0947000 	C:\Users\onyedikachi.akachukw\.gradle\native\e1d6ef7f7dcc3fd88c89a11ec53ec762bb8ba0a96d01ffa2cd45eb1d1d8dd5c5\windows-amd64\native-platform.dll
0x00007ffea8910000 - 0x00007ffea8a54000 	C:\Users\onyedikachi.akachukw\.gradle\native\5664cfc778a61ccfe75a443a1ab52a65af34e5dc3c78e0209fed803814484fcb\windows-amd64\native-platform-file-events.dll
0x00007ffee7a20000 - 0x00007ffee7a2a000 	C:\Program Files\Android\Android Studio1\jre\bin\management.dll
0x00007ffee55a0000 - 0x00007ffee55ad000 	C:\Program Files\Android\Android Studio1\jre\bin\management_ext.dll
0x00007ffeeb0a0000 - 0x00007ffeeb0b8000 	C:\WINDOWS\SYSTEM32\CRYPTSP.dll
0x00007ffeea6c0000 - 0x00007ffeea6f4000 	C:\WINDOWS\system32\rsaenh.dll
0x00007ffeeb980000 - 0x00007ffeeb9a7000 	C:\WINDOWS\System32\bcrypt.dll
0x00007ffeeb6d0000 - 0x00007ffeeb6fe000 	C:\WINDOWS\SYSTEM32\USERENV.dll
0x00007ffeeb0c0000 - 0x00007ffeeb0cc000 	C:\WINDOWS\SYSTEM32\CRYPTBASE.dll
0x00007ffeeaba0000 - 0x00007ffeeabdb000 	C:\WINDOWS\SYSTEM32\IPHLPAPI.DLL
0x00007ffeece20000 - 0x00007ffeece28000 	C:\WINDOWS\System32\NSI.dll
0x00007ffee4d20000 - 0x00007ffee4d37000 	C:\WINDOWS\SYSTEM32\dhcpcsvc6.DLL
0x00007ffee4c10000 - 0x00007ffee4c2d000 	C:\WINDOWS\SYSTEM32\dhcpcsvc.DLL
0x00007ffeeabe0000 - 0x00007ffeeacaa000 	C:\WINDOWS\SYSTEM32\DNSAPI.dll
0x00007ffee29e0000 - 0x00007ffee29fe000 	C:\Users\onyedikachi.akachukw\AppData\Local\Temp\native-platform12619785310158041214dir\native-platform.dll
0x00007ffee7da0000 - 0x00007ffee7da8000 	C:\Program Files\Android\Android Studio1\jre\bin\rmi.dll

dbghelp: loaded successfully - version: 4.0.5 - missing functions: none
symbol engine: initialized successfully - sym options: 0x614 - pdb path: .;C:\Program Files\Android\Android Studio1\jre\bin;C:\WINDOWS\SYSTEM32;C:\WINDOWS\WinSxS\amd64_microsoft.windows.common-controls_6595b64144ccf1df_6.0.19041.1110_none_60b5254171f9507e;C:\Program Files\Android\Android Studio1\jre\bin\server;C:\Users\onyedikachi.akachukw\.gradle\native\e1d6ef7f7dcc3fd88c89a11ec53ec762bb8ba0a96d01ffa2cd45eb1d1d8dd5c5\windows-amd64;C:\Users\onyedikachi.akachukw\.gradle\native\5664cfc778a61ccfe75a443a1ab52a65af34e5dc3c78e0209fed803814484fcb\windows-amd64;C:\Users\onyedikachi.akachukw\AppData\Local\Temp\native-platform12619785310158041214dir

VM Arguments:
jvm_args: --add-opens=java.base/java.util=ALL-UNNAMED --add-opens=java.base/java.lang=ALL-UNNAMED --add-opens=java.base/java.lang.invoke=ALL-UNNAMED --add-opens=java.base/java.util=ALL-UNNAMED --add-opens=java.prefs/java.util.prefs=ALL-UNNAMED --add-opens=java.prefs/java.util.prefs=ALL-UNNAMED --add-opens=java.base/java.nio.charset=ALL-UNNAMED --add-opens=java.base/java.net=ALL-UNNAMED --add-opens=java.base/java.util.concurrent.atomic=ALL-UNNAMED -Xmx2048m -Dfile.encoding=windows-1252 -Duser.country=US -Duser.language=en -Duser.variant 
java_command: org.gradle.launcher.daemon.bootstrap.GradleDaemon 7.2
java_class_path (initial): C:\Users\onyedikachi.akachukw\.gradle\wrapper\dists\gradle-7.2-all\260hg96vuh6ex27h9vo47iv4d\gradle-7.2\lib\gradle-launcher-7.2.jar
Launcher Type: SUN_STANDARD

[Global flags]
     intx CICompilerCount                          = 4                                         {product} {ergonomic}
     uint ConcGCThreads                            = 2                                         {product} {ergonomic}
     uint G1ConcRefinementThreads                  = 8                                         {product} {ergonomic}
   size_t G1HeapRegionSize                         = 1048576                                   {product} {ergonomic}
    uintx GCDrainStackTargetSize                   = 64                                        {product} {ergonomic}
   size_t InitialHeapSize                          = 132120576                                 {product} {ergonomic}
   size_t MarkStackSize                            = 4194304                                   {product} {ergonomic}
   size_t MaxHeapSize                              = 2147483648                                {product} {command line}
   size_t MaxNewSize                               = 1287651328                                {product} {ergonomic}
   size_t MinHeapDeltaBytes                        = 1048576                                   {product} {ergonomic}
    uintx NonNMethodCodeHeapSize                   = 5836300                                {pd product} {ergonomic}
    uintx NonProfiledCodeHeapSize                  = 122910970                              {pd product} {ergonomic}
    uintx ProfiledCodeHeapSize                     = 122910970                              {pd product} {ergonomic}
    uintx ReservedCodeCacheSize                    = 251658240                              {pd product} {ergonomic}
     bool SegmentedCodeCache                       = true                                      {product} {ergonomic}
     bool UseCompressedClassPointers               = true                                 {lp64_product} {ergonomic}
     bool UseCompressedOops                        = true                                 {lp64_product} {ergonomic}
     bool UseG1GC                                  = true                                      {product} {ergonomic}
     bool UseLargePagesIndividualAllocation        = false                                  {pd product} {ergonomic}

Logging:
Log output configuration:
 #0: stdout all=warning uptime,level,tags
 #1: stderr all=off uptime,level,tags

Environment Variables:
CLASSPATH=C:\DISC\jlib\bigraphbean.jar;C:\DISC\jlib\LW_PfjBean.jar;C:\DISC\jlib\bigraphbean-nls.zip
PATH=C:\Program Files\Common Files\Oracle\Java\javapath;C:\DISC\jdk\jre\bin\classic;C:\DISC\jdk\jre\bin;C:\DISC\bin;C:\DISC\jlib;C:\Program Files (x86)\Oracle\jre\1.1.8\bin;C:\Program Files (x86)\Oracle\jre\1.3.1\bin;C:\forms6i\bin;C:\WINDOWS\system32;C:\WINDOWS;C:\WINDOWS\System32\Wbem;C:\WINDOWS\System32\WindowsPowerShell\v1.0\;C:\WINDOWS\System32\OpenSSH\;C:\forms6i\jdk\bin;C:\Program Files\Git\cmd;C:\Users\onyedikachi.akachukw\AppData\Local\Microsoft\WindowsApps;C:\Users\onyedikachi.akachukw\AndroidStudioProjects\Git\cmd
USERNAME=onyedikachi.akachukw
OS=Windows_NT
PROCESSOR_IDENTIFIER=Intel64 Family 6 Model 142 Stepping 12, GenuineIntel



---------------  S Y S T E M  ---------------

OS: Windows 10 , 64 bit Build 19041 (10.0.19041.2251)
OS uptime: 4 days 2:29 hours

CPU:total 8 (initial active 8) (4 cores per cpu, 2 threads per core) family 6 model 142 stepping 12 microcode 0xf4, cmov, cx8, fxsr, mmx, sse, sse2, sse3, ssse3, sse4.1, sse4.2, popcnt, avx, avx2, aes, clmul, erms, 3dnowpref, lzcnt, ht, tsc, tscinvbit, bmi1, bmi2, adx, fma

Memory: 4k page, system-wide physical 7998M (199M free)
TotalPageFile size 32574M (AvailPageFile size 4M)
current process WorkingSet (physical memory assigned to process): 334M, peak: 407M
current process commit charge ("private bytes"): 614M, peak: 616M

vm_info: OpenJDK 64-Bit Server VM (11.0.11+9-b60-7590822) for windows-amd64 JRE (11.0.11+9-b60-7590822), built on Jul 29 2021 21:43:44 by "builder" with MS VC++ 14.0 (VS2015)

END.
