#
# There is insufficient memory for the Java Runtime Environment to continue.
# Native memory allocation (malloc) failed to allocate 2127696 bytes for Chunk::new
# Possible reasons:
#   The system is out of physical RAM or swap space
#   The process is running with CompressedOops enabled, and the Java Heap may be blocking the growth of the native heap
# Possible solutions:
#   Reduce memory load on the system
#   Increase physical memory or swap space
#   Check if swap backing store is full
#   Decrease Java heap size (-Xmx/-Xms)
#   Decrease number of Java threads
#   Decrease Java thread stack sizes (-Xss)
#   Set larger code cache with -XX:ReservedCodeCacheSize=
#   JVM is running with Unscaled Compressed Oops mode in which the Java heap is
#     placed in the first 4GB address space. The Java Heap base address is the
#     maximum limit for the native heap growth. Please use -XX:HeapBaseMinAddress
#     to set the Java Heap base and to place the Java Heap above 4GB virtual address.
# This output file may be truncated or incomplete.
#
#  Out of Memory Error (./src/hotspot/share/memory/arena.cpp:197), pid=23384, tid=14492
#
# JRE version: OpenJDK Runtime Environment (11.0.11+9) (build 11.0.11+9-b60-7590822)
# Java VM: OpenJDK 64-Bit Server VM (11.0.11+9-b60-7590822, mixed mode, tiered, compressed oops, g1 gc, windows-amd64)
# No core dump will be written. Minidumps are not enabled by default on client versions of Windows
#

---------------  S U M M A R Y ------------

Command Line: org.jetbrains.kotlin.cli.jvm.K2JVMCompiler @C:\Users\onyedikachi.akachukw\AndroidStudioProjects\RickandMortyApi\app\build\20221214_6783848968442888172.compiler.options

Host: Intel(R) Core(TM) i5-8365U CPU @ 1.60GHz, 8 cores, 7G,  Windows 10 , 64 bit Build 19041 (10.0.19041.2251)
Time: Wed Dec 14 16:00:09 2022 W. Central Africa Standard Time elapsed time: 13.746676 seconds (0d 0h 0m 13s)

---------------  T H R E A D  ---------------

Current thread (0x00000212e81a0000):  JavaThread "C2 CompilerThread0" daemon [_thread_in_native, id=14492, stack(0x000000c77de00000,0x000000c77df00000)]


Current CompileTask:
C2:  13746 7493   !   4       org.jetbrains.kotlin.metadata.ProtoBuf$Function::<init> (1410 bytes)

Stack: [0x000000c77de00000,0x000000c77df00000]
Native frames: (J=compiled Java code, j=interpreted, Vv=VM code, C=native code)
V  [jvm.dll+0x5f214a]
V  [jvm.dll+0x726fb5]
V  [jvm.dll+0x7285cd]
V  [jvm.dll+0x728c83]
V  [jvm.dll+0x243278]
V  [jvm.dll+0xbc53c]
V  [jvm.dll+0xbca3c]
V  [jvm.dll+0x353e7d]
V  [jvm.dll+0x321893]
V  [jvm.dll+0x320d8a]
V  [jvm.dll+0x1fc1e2]
V  [jvm.dll+0x1fb3d4]
V  [jvm.dll+0x183d6c]
V  [jvm.dll+0x209a57]
V  [jvm.dll+0x2082a1]
V  [jvm.dll+0x6ef58f]
V  [jvm.dll+0x6e80b5]
V  [jvm.dll+0x5f1036]
C  [ucrtbase.dll+0x21bb2]
C  [KERNEL32.DLL+0x174b4]
C  [ntdll.dll+0x526a1]


---------------  P R O C E S S  ---------------

Threads class SMR info:
_java_thread_list=0x00000212e82f6840, length=10, elements={
0x00000212cd54a800, 0x00000212e7819000, 0x00000212e781a000, 0x00000212e8197800,
0x00000212e8199800, 0x00000212e819b000, 0x00000212e81a0000, 0x00000212e783b000,
0x00000212e783c000, 0x00000212e82f7000
}

Java Threads: ( => current thread )
  0x00000212cd54a800 JavaThread "main" [_thread_in_Java, id=34528, stack(0x000000c77d200000,0x000000c77d300000)]
  0x00000212e7819000 JavaThread "Reference Handler" daemon [_thread_blocked, id=23388, stack(0x000000c77d900000,0x000000c77da00000)]
  0x00000212e781a000 JavaThread "Finalizer" daemon [_thread_blocked, id=9960, stack(0x000000c77da00000,0x000000c77db00000)]
  0x00000212e8197800 JavaThread "Signal Dispatcher" daemon [_thread_blocked, id=30696, stack(0x000000c77db00000,0x000000c77dc00000)]
  0x00000212e8199800 JavaThread "Attach Listener" daemon [_thread_blocked, id=12752, stack(0x000000c77dc00000,0x000000c77dd00000)]
  0x00000212e819b000 JavaThread "Service Thread" daemon [_thread_blocked, id=29152, stack(0x000000c77dd00000,0x000000c77de00000)]
=>0x00000212e81a0000 JavaThread "C2 CompilerThread0" daemon [_thread_in_native, id=14492, stack(0x000000c77de00000,0x000000c77df00000)]
  0x00000212e783b000 JavaThread "C1 CompilerThread0" daemon [_thread_in_vm, id=31056, stack(0x000000c77df00000,0x000000c77e000000)]
  0x00000212e783c000 JavaThread "Sweeper thread" daemon [_thread_blocked, id=4700, stack(0x000000c77e000000,0x000000c77e100000)]
  0x00000212e82f7000 JavaThread "Common-Cleaner" daemon [_thread_blocked, id=32312, stack(0x000000c77e200000,0x000000c77e300000)]

Other Threads:
  0x00000212e77f3800 VMThread "VM Thread" [stack: 0x000000c77d800000,0x000000c77d900000] [id=29036]
  0x00000212e82ec800 WatcherThread [stack: 0x000000c77e100000,0x000000c77e200000] [id=2832]
  0x00000212cd562000 GCTaskThread "GC Thread#0" [stack: 0x000000c77d300000,0x000000c77d400000] [id=25776]
  0x00000212e896d800 GCTaskThread "GC Thread#1" [stack: 0x000000c77e300000,0x000000c77e400000] [id=3632]
  0x00000212e88ce800 GCTaskThread "GC Thread#2" [stack: 0x000000c77e400000,0x000000c77e500000] [id=33212]
  0x00000212cd592800 ConcurrentGCThread "G1 Main Marker" [stack: 0x000000c77d400000,0x000000c77d500000] [id=23480]
  0x00000212cd594800 ConcurrentGCThread "G1 Conc#0" [stack: 0x000000c77d500000,0x000000c77d600000] [id=22008]
  0x00000212e9563000 ConcurrentGCThread "G1 Conc#1" [stack: 0x000000c77e500000,0x000000c77e600000] [id=9928]
  0x00000212cd626800 ConcurrentGCThread "G1 Refine#0" [stack: 0x000000c77d600000,0x000000c77d700000] [id=27320]
  0x00000212e955a800 ConcurrentGCThread "G1 Refine#1" [stack: 0x000000c77e600000,0x000000c77e700000] [id=16528]
  0x00000212e7660800 ConcurrentGCThread "G1 Young RemSet Sampling" [stack: 0x000000c77d700000,0x000000c77d800000] [id=20368]

Threads with active compile tasks:
C2 CompilerThread0  13793 7493   !   4       org.jetbrains.kotlin.metadata.ProtoBuf$Function::<init> (1410 bytes)
C1 CompilerThread0  13793 7586       2       org.jetbrains.kotlin.com.intellij.lang.impl.PsiBuilderImpl::bind (300 bytes)

VM state:not at safepoint (normal execution)

VM Mutex/Monitor currently owned by a thread:  ([mutex/lock_event])
[0x00000212cd53fcd0] CodeCache_lock - owner thread: 0x00000212e783b000

Heap address: 0x0000000083000000, size: 2000 MB, Compressed Oops mode: 32-bit
Narrow klass base: 0x0000000000000000, Narrow klass shift: 3
Compressed class space size: 1073741824 Address: 0x0000000100000000

Heap:
 garbage-first heap   total 158720K, used 90032K [0x0000000083000000, 0x0000000100000000)
  region size 1024K, 45 young (46080K), 3 survivors (3072K)
 Metaspace       used 64035K, capacity 64812K, committed 64900K, reserved 1105920K
  class space    used 7352K, capacity 7680K, committed 7680K, reserved 1048576K
Heap Regions: E=young(eden), S=young(survivor), O=old, HS=humongous(starts), HC=humongous(continues), CS=collection set, F=free, A=archive, TAMS=top-at-mark-start (previous, next)
|   0|0x0000000083000000, 0x0000000083100000, 0x0000000083100000|100%|HS|  |TAMS 0x0000000083100000, 0x0000000083000000| Complete 
|   1|0x0000000083100000, 0x0000000083200000, 0x0000000083200000|100%|HC|  |TAMS 0x0000000083200000, 0x0000000083100000| Complete 
|   2|0x0000000083200000, 0x0000000083300000, 0x0000000083300000|100%|HC|  |TAMS 0x0000000083300000, 0x0000000083200000| Complete 
|   3|0x0000000083300000, 0x0000000083400000, 0x0000000083400000|100%|HS|  |TAMS 0x0000000083400000, 0x0000000083300000| Complete 
|   4|0x0000000083400000, 0x0000000083500000, 0x0000000083500000|100%|HC|  |TAMS 0x0000000083500000, 0x0000000083400000| Complete 
|   5|0x0000000083500000, 0x0000000083600000, 0x0000000083600000|100%|HC|  |TAMS 0x0000000083600000, 0x0000000083500000| Complete 
|   6|0x0000000083600000, 0x0000000083700000, 0x0000000083700000|100%| O|  |TAMS 0x0000000083700000, 0x0000000083600000| Untracked 
|   7|0x0000000083700000, 0x0000000083800000, 0x0000000083800000|100%| O|  |TAMS 0x0000000083800000, 0x0000000083700000| Untracked 
|   8|0x0000000083800000, 0x0000000083900000, 0x0000000083900000|100%| O|  |TAMS 0x0000000083900000, 0x0000000083800000| Untracked 
|   9|0x0000000083900000, 0x0000000083a00000, 0x0000000083a00000|100%| O|  |TAMS 0x0000000083a00000, 0x0000000083900000| Untracked 
|  10|0x0000000083a00000, 0x0000000083b00000, 0x0000000083b00000|100%| O|  |TAMS 0x0000000083b00000, 0x0000000083a00000| Untracked 
|  11|0x0000000083b00000, 0x0000000083c00000, 0x0000000083c00000|100%| O|  |TAMS 0x0000000083c00000, 0x0000000083b00000| Untracked 
|  12|0x0000000083c00000, 0x0000000083d00000, 0x0000000083d00000|100%| O|  |TAMS 0x0000000083d00000, 0x0000000083c00000| Untracked 
|  13|0x0000000083d00000, 0x0000000083e00000, 0x0000000083e00000|100%| O|  |TAMS 0x0000000083e00000, 0x0000000083d00000| Untracked 
|  14|0x0000000083e00000, 0x0000000083f00000, 0x0000000083f00000|100%| O|  |TAMS 0x0000000083f00000, 0x0000000083e00000| Untracked 
|  15|0x0000000083f00000, 0x0000000084000000, 0x0000000084000000|100%| O|  |TAMS 0x0000000084000000, 0x0000000083f00000| Untracked 
|  16|0x0000000084000000, 0x0000000084100000, 0x0000000084100000|100%| O|  |TAMS 0x0000000084100000, 0x0000000084000000| Untracked 
|  17|0x0000000084100000, 0x0000000084200000, 0x0000000084200000|100%| O|  |TAMS 0x0000000084200000, 0x0000000084100000| Untracked 
|  18|0x0000000084200000, 0x0000000084300000, 0x0000000084300000|100%| O|  |TAMS 0x0000000084300000, 0x0000000084200000| Untracked 
|  19|0x0000000084300000, 0x0000000084400000, 0x0000000084400000|100%| O|  |TAMS 0x0000000084400000, 0x0000000084300000| Untracked 
|  20|0x0000000084400000, 0x0000000084500000, 0x0000000084500000|100%| O|  |TAMS 0x0000000084500000, 0x0000000084400000| Untracked 
|  21|0x0000000084500000, 0x0000000084600000, 0x0000000084600000|100%|HS|  |TAMS 0x0000000084600000, 0x0000000084500000| Complete 
|  22|0x0000000084600000, 0x0000000084700000, 0x0000000084700000|100%|HC|  |TAMS 0x0000000084700000, 0x0000000084600000| Complete 
|  23|0x0000000084700000, 0x0000000084800000, 0x0000000084800000|100%| O|  |TAMS 0x0000000084800000, 0x0000000084700000| Untracked 
|  24|0x0000000084800000, 0x0000000084900000, 0x0000000084900000|100%| O|  |TAMS 0x0000000084900000, 0x0000000084800000| Untracked 
|  25|0x0000000084900000, 0x0000000084a00000, 0x0000000084a00000|100%| O|  |TAMS 0x0000000084a00000, 0x0000000084900000| Untracked 
|  26|0x0000000084a00000, 0x0000000084b00000, 0x0000000084b00000|100%| O|  |TAMS 0x0000000084b00000, 0x0000000084a00000| Untracked 
|  27|0x0000000084b00000, 0x0000000084c00000, 0x0000000084c00000|100%| O|  |TAMS 0x0000000084c00000, 0x0000000084b00000| Untracked 
|  28|0x0000000084c00000, 0x0000000084d00000, 0x0000000084d00000|100%| O|  |TAMS 0x0000000084d00000, 0x0000000084c00000| Untracked 
|  29|0x0000000084d00000, 0x0000000084e00000, 0x0000000084e00000|100%| O|  |TAMS 0x0000000084e00000, 0x0000000084d00000| Untracked 
|  30|0x0000000084e00000, 0x0000000084f00000, 0x0000000084f00000|100%| O|  |TAMS 0x0000000084f00000, 0x0000000084e00000| Untracked 
|  31|0x0000000084f00000, 0x0000000085000000, 0x0000000085000000|100%| O|  |TAMS 0x0000000085000000, 0x0000000084f00000| Untracked 
|  32|0x0000000085000000, 0x0000000085100000, 0x0000000085100000|100%| O|  |TAMS 0x0000000085100000, 0x0000000085000000| Untracked 
|  33|0x0000000085100000, 0x0000000085200000, 0x0000000085200000|100%| O|  |TAMS 0x0000000085200000, 0x0000000085100000| Untracked 
|  34|0x0000000085200000, 0x0000000085300000, 0x0000000085300000|100%| O|  |TAMS 0x0000000085300000, 0x0000000085200000| Untracked 
|  35|0x0000000085300000, 0x0000000085400000, 0x0000000085400000|100%| O|  |TAMS 0x0000000085400000, 0x0000000085300000| Untracked 
|  36|0x0000000085400000, 0x0000000085500000, 0x0000000085500000|100%| O|  |TAMS 0x0000000085500000, 0x0000000085400000| Untracked 
|  37|0x0000000085500000, 0x0000000085600000, 0x0000000085600000|100%| O|  |TAMS 0x0000000085600000, 0x0000000085500000| Untracked 
|  38|0x0000000085600000, 0x0000000085700000, 0x0000000085700000|100%| O|  |TAMS 0x0000000085700000, 0x0000000085600000| Untracked 
|  39|0x0000000085700000, 0x0000000085800000, 0x0000000085800000|100%| O|  |TAMS 0x0000000085800000, 0x0000000085700000| Untracked 
|  40|0x0000000085800000, 0x0000000085900000, 0x0000000085900000|100%| O|  |TAMS 0x0000000085900000, 0x0000000085800000| Untracked 
|  41|0x0000000085900000, 0x0000000085a00000, 0x0000000085a00000|100%| O|  |TAMS 0x0000000085a00000, 0x0000000085900000| Untracked 
|  42|0x0000000085a00000, 0x0000000085b00000, 0x0000000085b00000|100%| O|  |TAMS 0x0000000085b00000, 0x0000000085a00000| Untracked 
|  43|0x0000000085b00000, 0x0000000085bec200, 0x0000000085c00000| 92%| O|  |TAMS 0x0000000085bec200, 0x0000000085b00000| Untracked 
|  44|0x0000000085c00000, 0x0000000085c00000, 0x0000000085d00000|  0%| F|  |TAMS 0x0000000085c00000, 0x0000000085c00000| Untracked 
|  45|0x0000000085d00000, 0x0000000085d00000, 0x0000000085e00000|  0%| F|  |TAMS 0x0000000085d00000, 0x0000000085d00000| Untracked 
|  46|0x0000000085e00000, 0x0000000085e00000, 0x0000000085f00000|  0%| F|  |TAMS 0x0000000085e00000, 0x0000000085e00000| Untracked 
|  47|0x0000000085f00000, 0x0000000085f00000, 0x0000000086000000|  0%| F|  |TAMS 0x0000000085f00000, 0x0000000085f00000| Untracked 
|  48|0x0000000086000000, 0x0000000086000000, 0x0000000086100000|  0%| F|  |TAMS 0x0000000086000000, 0x0000000086000000| Untracked 
|  49|0x0000000086100000, 0x0000000086100000, 0x0000000086200000|  0%| F|  |TAMS 0x0000000086100000, 0x0000000086100000| Untracked 
|  50|0x0000000086200000, 0x0000000086200000, 0x0000000086300000|  0%| F|  |TAMS 0x0000000086200000, 0x0000000086200000| Untracked 
|  51|0x0000000086300000, 0x0000000086300000, 0x0000000086400000|  0%| F|  |TAMS 0x0000000086300000, 0x0000000086300000| Untracked 
|  52|0x0000000086400000, 0x0000000086400000, 0x0000000086500000|  0%| F|  |TAMS 0x0000000086400000, 0x0000000086400000| Untracked 
|  53|0x0000000086500000, 0x0000000086500000, 0x0000000086600000|  0%| F|  |TAMS 0x0000000086500000, 0x0000000086500000| Untracked 
|  54|0x0000000086600000, 0x0000000086600000, 0x0000000086700000|  0%| F|  |TAMS 0x0000000086600000, 0x0000000086600000| Untracked 
|  55|0x0000000086700000, 0x0000000086700000, 0x0000000086800000|  0%| F|  |TAMS 0x0000000086700000, 0x0000000086700000| Untracked 
|  56|0x0000000086800000, 0x0000000086800000, 0x0000000086900000|  0%| F|  |TAMS 0x0000000086800000, 0x0000000086800000| Untracked 
|  57|0x0000000086900000, 0x0000000086900000, 0x0000000086a00000|  0%| F|  |TAMS 0x0000000086900000, 0x0000000086900000| Untracked 
|  58|0x0000000086a00000, 0x0000000086a00000, 0x0000000086b00000|  0%| F|  |TAMS 0x0000000086a00000, 0x0000000086a00000| Untracked 
|  59|0x0000000086b00000, 0x0000000086b00000, 0x0000000086c00000|  0%| F|  |TAMS 0x0000000086b00000, 0x0000000086b00000| Untracked 
|  60|0x0000000086c00000, 0x0000000086c00000, 0x0000000086d00000|  0%| F|  |TAMS 0x0000000086c00000, 0x0000000086c00000| Untracked 
|  61|0x0000000086d00000, 0x0000000086d00000, 0x0000000086e00000|  0%| F|  |TAMS 0x0000000086d00000, 0x0000000086d00000| Untracked 
|  62|0x0000000086e00000, 0x0000000086e00000, 0x0000000086f00000|  0%| F|  |TAMS 0x0000000086e00000, 0x0000000086e00000| Untracked 
|  63|0x0000000086f00000, 0x0000000086f00000, 0x0000000087000000|  0%| F|  |TAMS 0x0000000086f00000, 0x0000000086f00000| Untracked 
|  64|0x0000000087000000, 0x0000000087000000, 0x0000000087100000|  0%| F|  |TAMS 0x0000000087000000, 0x0000000087000000| Untracked 
|  65|0x0000000087100000, 0x0000000087100000, 0x0000000087200000|  0%| F|  |TAMS 0x0000000087100000, 0x0000000087100000| Untracked 
|  66|0x0000000087200000, 0x0000000087200000, 0x0000000087300000|  0%| F|  |TAMS 0x0000000087200000, 0x0000000087200000| Untracked 
|  67|0x0000000087300000, 0x0000000087300000, 0x0000000087400000|  0%| F|  |TAMS 0x0000000087300000, 0x0000000087300000| Untracked 
|  68|0x0000000087400000, 0x0000000087400000, 0x0000000087500000|  0%| F|  |TAMS 0x0000000087400000, 0x0000000087400000| Untracked 
|  69|0x0000000087500000, 0x0000000087500000, 0x0000000087600000|  0%| F|  |TAMS 0x0000000087500000, 0x0000000087500000| Untracked 
|  70|0x0000000087600000, 0x0000000087600000, 0x0000000087700000|  0%| F|  |TAMS 0x0000000087600000, 0x0000000087600000| Untracked 
|  71|0x0000000087700000, 0x0000000087700000, 0x0000000087800000|  0%| F|  |TAMS 0x0000000087700000, 0x0000000087700000| Untracked 
|  72|0x0000000087800000, 0x0000000087800000, 0x0000000087900000|  0%| F|  |TAMS 0x0000000087800000, 0x0000000087800000| Untracked 
|  73|0x0000000087900000, 0x0000000087900000, 0x0000000087a00000|  0%| F|  |TAMS 0x0000000087900000, 0x0000000087900000| Untracked 
|  74|0x0000000087a00000, 0x0000000087a00000, 0x0000000087b00000|  0%| F|  |TAMS 0x0000000087a00000, 0x0000000087a00000| Untracked 
|  75|0x0000000087b00000, 0x0000000087b00000, 0x0000000087c00000|  0%| F|  |TAMS 0x0000000087b00000, 0x0000000087b00000| Untracked 
|  76|0x0000000087c00000, 0x0000000087c00000, 0x0000000087d00000|  0%| F|  |TAMS 0x0000000087c00000, 0x0000000087c00000| Untracked 
|  77|0x0000000087d00000, 0x0000000087d00000, 0x0000000087e00000|  0%| F|  |TAMS 0x0000000087d00000, 0x0000000087d00000| Untracked 
|  78|0x0000000087e00000, 0x0000000087e00000, 0x0000000087f00000|  0%| F|  |TAMS 0x0000000087e00000, 0x0000000087e00000| Untracked 
|  79|0x0000000087f00000, 0x0000000087f00000, 0x0000000088000000|  0%| F|  |TAMS 0x0000000087f00000, 0x0000000087f00000| Untracked 
|  80|0x0000000088000000, 0x0000000088000000, 0x0000000088100000|  0%| F|  |TAMS 0x0000000088000000, 0x0000000088000000| Untracked 
|  81|0x0000000088100000, 0x0000000088100000, 0x0000000088200000|  0%| F|  |TAMS 0x0000000088100000, 0x0000000088100000| Untracked 
|  82|0x0000000088200000, 0x0000000088200000, 0x0000000088300000|  0%| F|  |TAMS 0x0000000088200000, 0x0000000088200000| Untracked 
|  83|0x0000000088300000, 0x0000000088300000, 0x0000000088400000|  0%| F|  |TAMS 0x0000000088300000, 0x0000000088300000| Untracked 
|  84|0x0000000088400000, 0x0000000088400000, 0x0000000088500000|  0%| F|  |TAMS 0x0000000088400000, 0x0000000088400000| Untracked 
|  85|0x0000000088500000, 0x0000000088500000, 0x0000000088600000|  0%| F|  |TAMS 0x0000000088500000, 0x0000000088500000| Untracked 
|  86|0x0000000088600000, 0x0000000088600000, 0x0000000088700000|  0%| F|  |TAMS 0x0000000088600000, 0x0000000088600000| Untracked 
|  87|0x0000000088700000, 0x0000000088700000, 0x0000000088800000|  0%| F|  |TAMS 0x0000000088700000, 0x0000000088700000| Untracked 
|  88|0x0000000088800000, 0x0000000088800000, 0x0000000088900000|  0%| F|  |TAMS 0x0000000088800000, 0x0000000088800000| Untracked 
|  89|0x0000000088900000, 0x0000000088900000, 0x0000000088a00000|  0%| F|  |TAMS 0x0000000088900000, 0x0000000088900000| Untracked 
|  90|0x0000000088a00000, 0x0000000088a00000, 0x0000000088b00000|  0%| F|  |TAMS 0x0000000088a00000, 0x0000000088a00000| Untracked 
|  91|0x0000000088b00000, 0x0000000088b00000, 0x0000000088c00000|  0%| F|  |TAMS 0x0000000088b00000, 0x0000000088b00000| Untracked 
|  92|0x0000000088c00000, 0x0000000088c00000, 0x0000000088d00000|  0%| F|  |TAMS 0x0000000088c00000, 0x0000000088c00000| Untracked 
|  93|0x0000000088d00000, 0x0000000088d00000, 0x0000000088e00000|  0%| F|  |TAMS 0x0000000088d00000, 0x0000000088d00000| Untracked 
|  94|0x0000000088e00000, 0x0000000088e00000, 0x0000000088f00000|  0%| F|  |TAMS 0x0000000088e00000, 0x0000000088e00000| Untracked 
|  95|0x0000000088f00000, 0x0000000088f00000, 0x0000000089000000|  0%| F|  |TAMS 0x0000000088f00000, 0x0000000088f00000| Untracked 
|  96|0x0000000089000000, 0x0000000089000000, 0x0000000089100000|  0%| F|  |TAMS 0x0000000089000000, 0x0000000089000000| Untracked 
|  97|0x0000000089100000, 0x0000000089100000, 0x0000000089200000|  0%| F|  |TAMS 0x0000000089100000, 0x0000000089100000| Untracked 
|  98|0x0000000089200000, 0x0000000089200000, 0x0000000089300000|  0%| F|  |TAMS 0x0000000089200000, 0x0000000089200000| Untracked 
|  99|0x0000000089300000, 0x0000000089300000, 0x0000000089400000|  0%| F|  |TAMS 0x0000000089300000, 0x0000000089300000| Untracked 
| 100|0x0000000089400000, 0x0000000089400000, 0x0000000089500000|  0%| F|  |TAMS 0x0000000089400000, 0x0000000089400000| Untracked 
| 101|0x0000000089500000, 0x0000000089500000, 0x0000000089600000|  0%| F|  |TAMS 0x0000000089500000, 0x0000000089500000| Untracked 
| 102|0x0000000089600000, 0x0000000089600000, 0x0000000089700000|  0%| F|  |TAMS 0x0000000089600000, 0x0000000089600000| Untracked 
| 103|0x0000000089700000, 0x0000000089700000, 0x0000000089800000|  0%| F|  |TAMS 0x0000000089700000, 0x0000000089700000| Untracked 
| 104|0x0000000089800000, 0x0000000089800000, 0x0000000089900000|  0%| F|  |TAMS 0x0000000089800000, 0x0000000089800000| Untracked 
| 105|0x0000000089900000, 0x0000000089900000, 0x0000000089a00000|  0%| F|  |TAMS 0x0000000089900000, 0x0000000089900000| Untracked 
| 106|0x0000000089a00000, 0x0000000089a00000, 0x0000000089b00000|  0%| F|  |TAMS 0x0000000089a00000, 0x0000000089a00000| Untracked 
| 107|0x0000000089b00000, 0x0000000089b00000, 0x0000000089c00000|  0%| F|  |TAMS 0x0000000089b00000, 0x0000000089b00000| Untracked 
| 108|0x0000000089c00000, 0x0000000089c00000, 0x0000000089d00000|  0%| F|  |TAMS 0x0000000089c00000, 0x0000000089c00000| Untracked 
| 109|0x0000000089d00000, 0x0000000089d00000, 0x0000000089e00000|  0%| F|  |TAMS 0x0000000089d00000, 0x0000000089d00000| Untracked 
| 110|0x0000000089e00000, 0x0000000089f00000, 0x0000000089f00000|100%| E|  |TAMS 0x0000000089e00000, 0x0000000089e00000| Complete 
| 111|0x0000000089f00000, 0x000000008a000000, 0x000000008a000000|100%| E|CS|TAMS 0x0000000089f00000, 0x0000000089f00000| Complete 
| 112|0x000000008a000000, 0x000000008a100000, 0x000000008a100000|100%| E|CS|TAMS 0x000000008a000000, 0x000000008a000000| Complete 
| 113|0x000000008a100000, 0x000000008a200000, 0x000000008a200000|100%| E|CS|TAMS 0x000000008a100000, 0x000000008a100000| Complete 
| 114|0x000000008a200000, 0x000000008a300000, 0x000000008a300000|100%| E|CS|TAMS 0x000000008a200000, 0x000000008a200000| Complete 
| 115|0x000000008a300000, 0x000000008a400000, 0x000000008a400000|100%| E|CS|TAMS 0x000000008a300000, 0x000000008a300000| Complete 
| 116|0x000000008a400000, 0x000000008a500000, 0x000000008a500000|100%| E|CS|TAMS 0x000000008a400000, 0x000000008a400000| Complete 
| 117|0x000000008a500000, 0x000000008a600000, 0x000000008a600000|100%| E|CS|TAMS 0x000000008a500000, 0x000000008a500000| Complete 
| 118|0x000000008a600000, 0x000000008a700000, 0x000000008a700000|100%| E|CS|TAMS 0x000000008a600000, 0x000000008a600000| Complete 
| 119|0x000000008a700000, 0x000000008a800000, 0x000000008a800000|100%| E|CS|TAMS 0x000000008a700000, 0x000000008a700000| Complete 
| 120|0x000000008a800000, 0x000000008a900000, 0x000000008a900000|100%| E|CS|TAMS 0x000000008a800000, 0x000000008a800000| Complete 
| 121|0x000000008a900000, 0x000000008aa00000, 0x000000008aa00000|100%| E|CS|TAMS 0x000000008a900000, 0x000000008a900000| Complete 
| 122|0x000000008aa00000, 0x000000008ab00000, 0x000000008ab00000|100%| E|CS|TAMS 0x000000008aa00000, 0x000000008aa00000| Complete 
| 123|0x000000008ab00000, 0x000000008ac00000, 0x000000008ac00000|100%| E|CS|TAMS 0x000000008ab00000, 0x000000008ab00000| Complete 
| 124|0x000000008ac00000, 0x000000008ad00000, 0x000000008ad00000|100%| E|CS|TAMS 0x000000008ac00000, 0x000000008ac00000| Complete 
| 125|0x000000008ad00000, 0x000000008ae00000, 0x000000008ae00000|100%| E|CS|TAMS 0x000000008ad00000, 0x000000008ad00000| Complete 
| 126|0x000000008ae00000, 0x000000008af00000, 0x000000008af00000|100%| E|CS|TAMS 0x000000008ae00000, 0x000000008ae00000| Complete 
| 127|0x000000008af00000, 0x000000008b000000, 0x000000008b000000|100%| E|CS|TAMS 0x000000008af00000, 0x000000008af00000| Complete 
| 128|0x000000008b000000, 0x000000008b100000, 0x000000008b100000|100%| S|CS|TAMS 0x000000008b000000, 0x000000008b000000| Complete 
| 129|0x000000008b100000, 0x000000008b200000, 0x000000008b200000|100%| S|CS|TAMS 0x000000008b100000, 0x000000008b100000| Complete 
| 130|0x000000008b200000, 0x000000008b300000, 0x000000008b300000|100%| S|CS|TAMS 0x000000008b200000, 0x000000008b200000| Complete 
| 131|0x000000008b300000, 0x000000008b400000, 0x000000008b400000|100%| E|CS|TAMS 0x000000008b300000, 0x000000008b300000| Complete 
| 132|0x000000008b400000, 0x000000008b500000, 0x000000008b500000|100%| E|CS|TAMS 0x000000008b400000, 0x000000008b400000| Complete 
| 133|0x000000008b500000, 0x000000008b600000, 0x000000008b600000|100%| E|CS|TAMS 0x000000008b500000, 0x000000008b500000| Complete 
| 134|0x000000008b600000, 0x000000008b700000, 0x000000008b700000|100%| E|CS|TAMS 0x000000008b600000, 0x000000008b600000| Complete 
| 135|0x000000008b700000, 0x000000008b800000, 0x000000008b800000|100%| E|CS|TAMS 0x000000008b700000, 0x000000008b700000| Complete 
| 136|0x000000008b800000, 0x000000008b900000, 0x000000008b900000|100%| E|CS|TAMS 0x000000008b800000, 0x000000008b800000| Complete 
| 137|0x000000008b900000, 0x000000008ba00000, 0x000000008ba00000|100%| E|CS|TAMS 0x000000008b900000, 0x000000008b900000| Complete 
| 138|0x000000008ba00000, 0x000000008bb00000, 0x000000008bb00000|100%| E|CS|TAMS 0x000000008ba00000, 0x000000008ba00000| Complete 
| 139|0x000000008bb00000, 0x000000008bc00000, 0x000000008bc00000|100%| E|CS|TAMS 0x000000008bb00000, 0x000000008bb00000| Complete 
| 140|0x000000008bc00000, 0x000000008bd00000, 0x000000008bd00000|100%| E|CS|TAMS 0x000000008bc00000, 0x000000008bc00000| Complete 
| 141|0x000000008bd00000, 0x000000008be00000, 0x000000008be00000|100%| E|CS|TAMS 0x000000008bd00000, 0x000000008bd00000| Complete 
| 142|0x000000008be00000, 0x000000008bf00000, 0x000000008bf00000|100%| E|CS|TAMS 0x000000008be00000, 0x000000008be00000| Complete 
| 143|0x000000008bf00000, 0x000000008c000000, 0x000000008c000000|100%| E|CS|TAMS 0x000000008bf00000, 0x000000008bf00000| Complete 
| 144|0x000000008c000000, 0x000000008c100000, 0x000000008c100000|100%| E|CS|TAMS 0x000000008c000000, 0x000000008c000000| Complete 
| 145|0x000000008c100000, 0x000000008c200000, 0x000000008c200000|100%| E|CS|TAMS 0x000000008c100000, 0x000000008c100000| Complete 
| 146|0x000000008c200000, 0x000000008c300000, 0x000000008c300000|100%| E|CS|TAMS 0x000000008c200000, 0x000000008c200000| Complete 
| 147|0x000000008c300000, 0x000000008c400000, 0x000000008c400000|100%| E|CS|TAMS 0x000000008c300000, 0x000000008c300000| Complete 
| 148|0x000000008c400000, 0x000000008c500000, 0x000000008c500000|100%| E|CS|TAMS 0x000000008c400000, 0x000000008c400000| Complete 
| 149|0x000000008c500000, 0x000000008c600000, 0x000000008c600000|100%| E|CS|TAMS 0x000000008c500000, 0x000000008c500000| Complete 
| 150|0x000000008c600000, 0x000000008c700000, 0x000000008c700000|100%| E|CS|TAMS 0x000000008c600000, 0x000000008c600000| Complete 
| 151|0x000000008c700000, 0x000000008c800000, 0x000000008c800000|100%| E|CS|TAMS 0x000000008c700000, 0x000000008c700000| Complete 
| 152|0x000000008c800000, 0x000000008c900000, 0x000000008c900000|100%| E|CS|TAMS 0x000000008c800000, 0x000000008c800000| Complete 
| 153|0x000000008c900000, 0x000000008ca00000, 0x000000008ca00000|100%| E|CS|TAMS 0x000000008c900000, 0x000000008c900000| Complete 
| 154|0x000000008ca00000, 0x000000008cb00000, 0x000000008cb00000|100%| E|CS|TAMS 0x000000008ca00000, 0x000000008ca00000| Complete 

Card table byte_map: [0x00000212e0770000,0x00000212e0b60000] _byte_map_base: 0x00000212e0358000

Marking Bits (Prev, Next): (CMBitMap*) 0x00000212cd589ae0, (CMBitMap*) 0x00000212cd589aa8
 Prev Bits: [0x00000212e2e90000, 0x00000212e4dd0000)
 Next Bits: [0x00000212e0f50000, 0x00000212e2e90000)

Polling page: 0x00000212cb490000

Metaspace:

Usage:
  Non-class:     55.86 MB capacity,    55.37 MB (>99%) used,   392.61 KB ( <1%) free+waste,   104.19 KB ( <1%) overhead. 
      Class:      7.50 MB capacity,     7.18 MB ( 96%) used,   280.84 KB (  4%) free+waste,    46.25 KB ( <1%) overhead. 
       Both:     63.36 MB capacity,    62.55 MB ( 99%) used,   673.45 KB (  1%) free+waste,   150.44 KB ( <1%) overhead. 

Virtual space:
  Non-class space:       56.00 MB reserved,      55.88 MB (>99%) committed 
      Class space:        1.00 GB reserved,       7.50 MB ( <1%) committed 
             Both:        1.05 GB reserved,      63.38 MB (  6%) committed 

Chunk freelists:
   Non-Class:  24.00 KB
       Class:  0 bytes
        Both:  24.00 KB

MaxMetaspaceSize: 17179869184.00 GB
CompressedClassSpaceSize: 1.00 GB

CodeHeap 'non-profiled nmethods': size=120000Kb used=2513Kb max_used=2513Kb free=117486Kb
 bounds [0x00000212d8b20000, 0x00000212d8da0000, 0x00000212e0050000]
CodeHeap 'profiled nmethods': size=120000Kb used=15414Kb max_used=15414Kb free=104585Kb
 bounds [0x00000212d15f0000, 0x00000212d2500000, 0x00000212d8b20000]
CodeHeap 'non-nmethods': size=5760Kb used=1232Kb max_used=1266Kb free=4528Kb
 bounds [0x00000212d1050000, 0x00000212d12c0000, 0x00000212d15f0000]
 total_blobs=8029 nmethods=7431 adapters=507
 compilation: enabled
              stopped_count=0, restarted_count=0
 full_count=0

Compilation events (20 events):
Event: 13.722 Thread 0x00000212e783b000 7538       2       java.io.File::getAbsolutePath (8 bytes)
Event: 13.722 Thread 0x00000212e783b000 nmethod 7538 0x00000212d24e2b90 code [0x00000212d24e2d40, 0x00000212d24e2e68]
Event: 13.722 Thread 0x00000212e783b000 7539       2       org.jetbrains.kotlin.com.intellij.openapi.vfs.local.CoreLocalVirtualFile::getPath (20 bytes)
Event: 13.723 Thread 0x00000212e783b000 nmethod 7539 0x00000212d24e2f10 code [0x00000212d24e3120, 0x00000212d24e3388]
Event: 13.723 Thread 0x00000212e783b000 7540       2       org.jetbrains.kotlin.com.intellij.openapi.util.io.FileUtil::toSystemIndependentName (23 bytes)
Event: 13.723 Thread 0x00000212e783b000 nmethod 7540 0x00000212d24e3510 code [0x00000212d24e3700, 0x00000212d24e38c8]
Event: 13.723 Thread 0x00000212e783b000 7541       2       org.jetbrains.kotlin.com.intellij.openapi.util.io.FileUtilRt::toSystemIndependentName (27 bytes)
Event: 13.723 Thread 0x00000212e783b000 nmethod 7541 0x00000212d24e3a10 code [0x00000212d24e3be0, 0x00000212d24e3d48]
Event: 13.723 Thread 0x00000212e783b000 7542   !   2       java.io.WinNTFileSystem::resolve (362 bytes)
Event: 13.728 Thread 0x00000212e783b000 nmethod 7542 0x00000212d24e3e90 code [0x00000212d24e4440, 0x00000212d24e6008]
Event: 13.728 Thread 0x00000212e783b000 7545       2       org.jetbrains.kotlin.com.intellij.psi.PsiElementVisitor::visitElement (12 bytes)
Event: 13.728 Thread 0x00000212e783b000 nmethod 7545 0x00000212d24e6f10 code [0x00000212d24e70e0, 0x00000212d24e7238]
Event: 13.728 Thread 0x00000212e783b000 7544       2       org.jetbrains.kotlin.psi.KtNameReferenceExpression::accept (16 bytes)
Event: 13.729 Thread 0x00000212e783b000 nmethod 7544 0x00000212d24e7310 code [0x00000212d24e7500, 0x00000212d24e77c8]
Event: 13.729 Thread 0x00000212e783b000 7546       2       org.jetbrains.kotlin.types.TypeUtils::makeUnsubstitutedType (53 bytes)
Event: 13.730 Thread 0x00000212e783b000 nmethod 7546 0x00000212d24e7990 code [0x00000212d24e7be0, 0x00000212d24e8078]
Event: 13.730 Thread 0x00000212e783b000 7548       2       org.jetbrains.kotlin.types.TypeUtils::getDefaultTypeProjections (86 bytes)
Event: 13.731 Thread 0x00000212e783b000 nmethod 7548 0x00000212d24e8310 code [0x00000212d24e85a0, 0x00000212d24e8cc8]
Event: 13.731 Thread 0x00000212e783b000 7547       2       org.jetbrains.kotlin.types.TypeUtils::makeUnsubstitutedType (61 bytes)
Event: 13.731 Thread 0x00000212e783b000 nmethod 7547 0x00000212d24e9110 code [0x00000212d24e9300, 0x00000212d24e9528]

GC Heap History (18 events):
Event: 1.101 GC heap before
{Heap before GC invocations=0 (full 0):
 garbage-first heap   total 129024K, used 27648K [0x0000000083000000, 0x0000000100000000)
  region size 1024K, 24 young (24576K), 0 survivors (0K)
 Metaspace       used 12353K, capacity 12504K, committed 12800K, reserved 1060864K
  class space    used 1163K, capacity 1207K, committed 1280K, reserved 1048576K
}
Event: 1.108 GC heap after
{Heap after GC invocations=1 (full 0):
 garbage-first heap   total 129024K, used 5736K [0x0000000083000000, 0x0000000100000000)
  region size 1024K, 3 young (3072K), 3 survivors (3072K)
 Metaspace       used 12353K, capacity 12504K, committed 12800K, reserved 1060864K
  class space    used 1163K, capacity 1207K, committed 1280K, reserved 1048576K
}
Event: 2.175 GC heap before
{Heap before GC invocations=1 (full 0):
 garbage-first heap   total 129024K, used 41576K [0x0000000083000000, 0x0000000100000000)
  region size 1024K, 39 young (39936K), 3 survivors (3072K)
 Metaspace       used 20954K, capacity 21178K, committed 21296K, reserved 1069056K
  class space    used 2281K, capacity 2379K, committed 2432K, reserved 1048576K
}
Event: 2.194 GC heap after
{Heap after GC invocations=2 (full 0):
 garbage-first heap   total 129024K, used 9440K [0x0000000083000000, 0x0000000100000000)
  region size 1024K, 7 young (7168K), 7 survivors (7168K)
 Metaspace       used 20954K, capacity 21178K, committed 21296K, reserved 1069056K
  class space    used 2281K, capacity 2379K, committed 2432K, reserved 1048576K
}
Event: 4.118 GC heap before
{Heap before GC invocations=3 (full 0):
 garbage-first heap   total 129024K, used 62688K [0x0000000083000000, 0x0000000100000000)
  region size 1024K, 54 young (55296K), 7 survivors (7168K)
 Metaspace       used 31983K, capacity 32461K, committed 32688K, reserved 1077248K
  class space    used 3848K, capacity 4009K, committed 4096K, reserved 1048576K
}
Event: 4.159 GC heap after
{Heap after GC invocations=4 (full 0):
 garbage-first heap   total 129024K, used 20472K [0x0000000083000000, 0x0000000100000000)
  region size 1024K, 7 young (7168K), 7 survivors (7168K)
 Metaspace       used 31983K, capacity 32461K, committed 32688K, reserved 1077248K
  class space    used 3848K, capacity 4009K, committed 4096K, reserved 1048576K
}
Event: 4.316 GC heap before
{Heap before GC invocations=4 (full 0):
 garbage-first heap   total 129024K, used 22520K [0x0000000083000000, 0x0000000100000000)
  region size 1024K, 9 young (9216K), 7 survivors (7168K)
 Metaspace       used 32006K, capacity 32493K, committed 32688K, reserved 1077248K
  class space    used 3853K, capacity 4041K, committed 4096K, reserved 1048576K
}
Event: 4.343 GC heap after
{Heap after GC invocations=5 (full 0):
 garbage-first heap   total 129024K, used 22103K [0x0000000083000000, 0x0000000100000000)
  region size 1024K, 2 young (2048K), 2 survivors (2048K)
 Metaspace       used 32006K, capacity 32493K, committed 32688K, reserved 1077248K
  class space    used 3853K, capacity 4041K, committed 4096K, reserved 1048576K
}
Event: 5.286 GC heap before
{Heap before GC invocations=5 (full 0):
 garbage-first heap   total 129024K, used 33367K [0x0000000083000000, 0x0000000100000000)
  region size 1024K, 14 young (14336K), 2 survivors (2048K)
 Metaspace       used 35359K, capacity 35805K, committed 35920K, reserved 1081344K
  class space    used 4431K, capacity 4588K, committed 4608K, reserved 1048576K
}
Event: 5.293 GC heap after
{Heap after GC invocations=6 (full 0):
 garbage-first heap   total 158720K, used 22109K [0x0000000083000000, 0x0000000100000000)
  region size 1024K, 2 young (2048K), 2 survivors (2048K)
 Metaspace       used 35359K, capacity 35805K, committed 35920K, reserved 1081344K
  class space    used 4431K, capacity 4588K, committed 4608K, reserved 1048576K
}
Event: 7.827 GC heap before
{Heap before GC invocations=7 (full 0):
 garbage-first heap   total 158720K, used 81501K [0x0000000083000000, 0x0000000100000000)
  region size 1024K, 58 young (59392K), 2 survivors (2048K)
 Metaspace       used 46893K, capacity 47417K, committed 47536K, reserved 1091584K
  class space    used 5591K, capacity 5805K, committed 5888K, reserved 1048576K
}
Event: 7.840 GC heap after
{Heap after GC invocations=8 (full 0):
 garbage-first heap   total 158720K, used 27744K [0x0000000083000000, 0x0000000100000000)
  region size 1024K, 7 young (7168K), 7 survivors (7168K)
 Metaspace       used 46893K, capacity 47417K, committed 47536K, reserved 1091584K
  class space    used 5591K, capacity 5805K, committed 5888K, reserved 1048576K
}
Event: 9.680 GC heap before
{Heap before GC invocations=8 (full 0):
 garbage-first heap   total 158720K, used 91232K [0x0000000083000000, 0x0000000100000000)
  region size 1024K, 68 young (69632K), 7 survivors (7168K)
 Metaspace       used 53796K, capacity 54456K, committed 54704K, reserved 1097728K
  class space    used 6375K, capacity 6637K, committed 6656K, reserved 1048576K
}
Event: 9.711 GC heap after
{Heap after GC invocations=9 (full 0):
 garbage-first heap   total 158720K, used 39157K [0x0000000083000000, 0x0000000100000000)
  region size 1024K, 9 young (9216K), 9 survivors (9216K)
 Metaspace       used 53796K, capacity 54456K, committed 54704K, reserved 1097728K
  class space    used 6375K, capacity 6637K, committed 6656K, reserved 1048576K
}
Event: 11.079 GC heap before
{Heap before GC invocations=9 (full 0):
 garbage-first heap   total 158720K, used 97525K [0x0000000083000000, 0x0000000100000000)
  region size 1024K, 66 young (67584K), 9 survivors (9216K)
 Metaspace       used 56819K, capacity 57540K, committed 57776K, reserved 1099776K
  class space    used 6584K, capacity 6876K, committed 6912K, reserved 1048576K
}
Event: 11.110 GC heap after
{Heap after GC invocations=10 (full 0):
 garbage-first heap   total 158720K, used 45425K [0x0000000083000000, 0x0000000100000000)
  region size 1024K, 9 young (9216K), 9 survivors (9216K)
 Metaspace       used 56819K, capacity 57540K, committed 57776K, reserved 1099776K
  class space    used 6584K, capacity 6876K, committed 6912K, reserved 1048576K
}
Event: 11.819 GC heap before
{Heap before GC invocations=10 (full 0):
 garbage-first heap   total 158720K, used 68977K [0x0000000083000000, 0x0000000100000000)
  region size 1024K, 33 young (33792K), 9 survivors (9216K)
 Metaspace       used 59669K, capacity 60325K, committed 60420K, reserved 1101824K
  class space    used 6925K, capacity 7248K, committed 7296K, reserved 1048576K
}
Event: 11.846 GC heap after
{Heap after GC invocations=11 (full 0):
 garbage-first heap   total 158720K, used 48048K [0x0000000083000000, 0x0000000100000000)
  region size 1024K, 3 young (3072K), 3 survivors (3072K)
 Metaspace       used 59669K, capacity 60325K, committed 60420K, reserved 1101824K
  class space    used 6925K, capacity 7248K, committed 7296K, reserved 1048576K
}

Deoptimization events (20 events):
Event: 13.381 Thread 0x00000212cd54a800 Uncommon trap: trap_request=0xfffffff4 fr.pc=0x00000212d8d88298 relative=0x00000000000000d8
Event: 13.381 Thread 0x00000212cd54a800 Uncommon trap: reason=null_check action=make_not_entrant pc=0x00000212d8d88298 method=org.jetbrains.kotlin.config.LanguageVersionSettingsImpl.getFeatureSupport(Lorg/jetbrains/kotlin/config/LanguageFeature;)Lorg/jetbrains/kotlin/config/LanguageFeature$Stat
Event: 13.381 Thread 0x00000212cd54a800 DEOPT PACKING pc=0x00000212d8d88298 sp=0x000000c77d2fbcc0
Event: 13.381 Thread 0x00000212cd54a800 DEOPT UNPACKING pc=0x00000212d107662f sp=0x000000c77d2fbb68 mode 2
Event: 13.393 Thread 0x00000212cd54a800 DEOPT PACKING pc=0x00000212d1b5b7d1 sp=0x000000c77d2fd110
Event: 13.393 Thread 0x00000212cd54a800 DEOPT UNPACKING pc=0x00000212d1076dde sp=0x000000c77d2fc5d8 mode 0
Event: 13.405 Thread 0x00000212cd54a800 DEOPT PACKING pc=0x00000212d1b5b7d1 sp=0x000000c77d2fd800
Event: 13.405 Thread 0x00000212cd54a800 DEOPT UNPACKING pc=0x00000212d1076dde sp=0x000000c77d2fccc8 mode 0
Event: 13.608 Thread 0x00000212cd54a800 Uncommon trap: trap_request=0xffffff4d fr.pc=0x00000212d8d7f5bc relative=0x00000000000004dc
Event: 13.608 Thread 0x00000212cd54a800 Uncommon trap: reason=unstable_if action=reinterpret pc=0x00000212d8d7f5bc method=kotlin.LazyKt__LazyJVMKt.lazy(Lkotlin/LazyThreadSafetyMode;Lkotlin/jvm/functions/Function0;)Lkotlin/Lazy; @ 21 c2
Event: 13.608 Thread 0x00000212cd54a800 DEOPT PACKING pc=0x00000212d8d7f5bc sp=0x000000c77d2fddd0
Event: 13.608 Thread 0x00000212cd54a800 DEOPT UNPACKING pc=0x00000212d107662f sp=0x000000c77d2fdd90 mode 2
Event: 13.729 Thread 0x00000212cd54a800 Uncommon trap: trap_request=0xffffffc6 fr.pc=0x00000212d8d3aef8 relative=0x00000000000003f8
Event: 13.729 Thread 0x00000212cd54a800 Uncommon trap: reason=bimorphic_or_optimized_type_check action=maybe_recompile pc=0x00000212d8d3aef8 method=org.jetbrains.kotlin.storage.LockBasedStorageManager$LockBasedLazyValue.invoke()Ljava/lang/Object; @ 181 c2
Event: 13.729 Thread 0x00000212cd54a800 DEOPT PACKING pc=0x00000212d8d3aef8 sp=0x000000c77d2fc8c0
Event: 13.729 Thread 0x00000212cd54a800 DEOPT UNPACKING pc=0x00000212d107662f sp=0x000000c77d2fc7f0 mode 2
Event: 13.739 Thread 0x00000212cd54a800 Uncommon trap: trap_request=0xffffff4d fr.pc=0x00000212d8d11870 relative=0x0000000000002a70
Event: 13.739 Thread 0x00000212cd54a800 Uncommon trap: reason=unstable_if action=reinterpret pc=0x00000212d8d11870 method=org.jetbrains.org.objectweb.asm.ClassReader.readMethod(Lorg/jetbrains/org/objectweb/asm/ClassVisitor;Lorg/jetbrains/org/objectweb/asm/Context;I)I @ 151 c2
Event: 13.739 Thread 0x00000212cd54a800 DEOPT PACKING pc=0x00000212d8d11870 sp=0x000000c77d2fc130
Event: 13.739 Thread 0x00000212cd54a800 DEOPT UNPACKING pc=0x00000212d107662f sp=0x000000c77d2fc0b8 mode 2

Classes redefined (0 events):
No events

Internal exceptions (20 events):
Event: 11.134 Thread 0x00000212cd54a800 Exception <a 'java/lang/NoSuchMethodError'{0x000000008c920e60}: 'java.lang.Object java.lang.invoke.Invokers$Holder.linkToTargetMethod(java.lang.Object, java.lang.Object, java.lang.Object, java.lang.Object, java.lang.Object, java.lang.Object)'> (0x000000008c920e60) thrown at [./src/hotspot/share/interpreter/linkResolver.cpp, line 773]
Event: 11.356 Thread 0x00000212cd54a800 Exception <a 'java/lang/NoSuchMethodError'{0x000000008bc19b20}: 'java.lang.Object java.lang.invoke.Invokers$Holder.linkToTargetMethod(java.lang.Object, java.lang.Object, java.lang.Object, int, int, java.lang.Object)'> (0x000000008bc19b20) thrown at [./src/hotspot/share/interpreter/linkResolver.cpp, line 773]
Event: 11.408 Thread 0x00000212cd54a800 Implicit null exception at 0x00000212d8b7d05e to 0x00000212d8b7d7ca
Event: 11.408 Thread 0x00000212cd54a800 Implicit null exception at 0x00000212d8b6ebaf to 0x00000212d8b6ec1d
Event: 11.462 Thread 0x00000212cd54a800 Implicit null exception at 0x00000212d8c3e8cc to 0x00000212d8c3e9a8
Event: 11.467 Thread 0x00000212cd54a800 Implicit null exception at 0x00000212d8b3a5f7 to 0x00000212d8b3aaf4
Event: 11.521 Thread 0x00000212cd54a800 Exception <a 'java/lang/NoSuchMethodError'{0x000000008b9cf028}: 'java.lang.Object java.lang.invoke.DirectMethodHandle$Holder.invokeInterface(java.lang.Object, java.lang.Object, java.lang.Object)'> (0x000000008b9cf028) thrown at [./src/hotspot/share/interpreter/linkResolver.cpp, line 773]
Event: 11.522 Thread 0x00000212cd54a800 Exception <a 'java/lang/IncompatibleClassChangeError'{0x000000008b9d2258}: Found class java.lang.Object, but interface was expected> (0x000000008b9d2258) thrown at [./src/hotspot/share/interpreter/linkResolver.cpp, line 839]
Event: 11.525 Thread 0x00000212cd54a800 Implicit null exception at 0x00000212d8cf4d31 to 0x00000212d8cf50c0
Event: 11.586 Thread 0x00000212cd54a800 Implicit null exception at 0x00000212d8b3b3f4 to 0x00000212d8b3b908
Event: 11.593 Thread 0x00000212cd54a800 Implicit null exception at 0x00000212d8cf2d75 to 0x00000212d8cf2f48
Event: 11.994 Thread 0x00000212cd54a800 Implicit null exception at 0x00000212d8cf1a33 to 0x00000212d8cf1dd0
Event: 12.113 Thread 0x00000212cd54a800 Exception <a 'java/lang/NoSuchMethodError'{0x000000008c60b478}: 'java.lang.Object java.lang.invoke.Invokers$Holder.linkToTargetMethod(java.lang.Object, java.lang.Object, java.lang.Object, java.lang.Object, java.lang.Object, java.lang.Object, java.lang.Object)'> (0x000000008c60b478) thrown at [./src/hotspot/share/interpreter/linkResolver.cpp, line 773]
Event: 12.391 Thread 0x00000212cd54a800 Exception <a 'java/lang/NoSuchMethodError'{0x000000008bf9bd08}: 'java.lang.Object java.lang.invoke.DirectMethodHandle$Holder.invokeStatic(java.lang.Object, int, java.lang.Object, java.lang.Object)'> (0x000000008bf9bd08) thrown at [./src/hotspot/share/interpreter/linkResolver.cpp, line 773]
Event: 12.393 Thread 0x00000212cd54a800 Exception <a 'java/lang/NoSuchMethodError'{0x000000008bfa69e0}: 'int java.lang.invoke.DirectMethodHandle$Holder.invokeInterface(java.lang.Object, java.lang.Object)'> (0x000000008bfa69e0) thrown at [./src/hotspot/share/interpreter/linkResolver.cpp, line 773]
Event: 12.483 Thread 0x00000212cd54a800 Implicit null exception at 0x00000212d8b75bf5 to 0x00000212d8b75dbc
Event: 12.769 Thread 0x00000212cd54a800 Exception <a 'java/lang/NoSuchMethodError'{0x000000008b7a54f0}: 'int java.lang.invoke.DirectMethodHandle$Holder.invokeStaticInit(java.lang.Object, int)'> (0x000000008b7a54f0) thrown at [./src/hotspot/share/interpreter/linkResolver.cpp, line 773]
Event: 13.141 Thread 0x00000212cd54a800 Exception <a 'java/lang/NoSuchMethodError'{0x000000008a90cfe8}: 'java.lang.Object java.lang.invoke.DirectMethodHandle$Holder.invokeSpecial(java.lang.Object, java.lang.Object, java.lang.Object, java.lang.Object, java.lang.Object, java.lang.Object, java.lang.Object, java.lang.Object, java.lang.Object)'> (0x000000008a90cfe8) thrown at [./src/hotspot/share/interpreter/linkResolver.cpp, line 773]
Event: 13.141 Thread 0x00000212cd54a800 Exception <a 'java/lang/NoSuchMethodError'{0x000000008a9111e0}: 'java.lang.Object java.lang.invoke.Invokers$Holder.linkToTargetMethod(java.lang.Object, java.lang.Object, java.lang.Object, java.lang.Object, java.lang.Object, java.lang.Object, java.lang.Object, java.lang.Object)'> (0x000000008a9111e0) thrown at [./src/hotspot/share/interpreter/linkResolver.cpp, line 773]
Event: 13.381 Thread 0x00000212cd54a800 Implicit null exception at 0x00000212d8d88210 to 0x00000212d8d8828d

Events (20 events):
Event: 13.728 loading class org/jetbrains/kotlin/descriptors/impl/MutableClassDescriptor
Event: 13.728 loading class org/jetbrains/kotlin/descriptors/impl/MutableClassDescriptor done
Event: 13.729 loading class org/jetbrains/kotlin/codegen/SyntheticClassDescriptorForLambda
Event: 13.729 loading class org/jetbrains/kotlin/codegen/SyntheticClassDescriptorForLambda done
Event: 13.730 loading class org/jetbrains/kotlin/load/java/lazy/descriptors/LazyJavaPackageFragment$partToFacade$2$WhenMappings
Event: 13.730 loading class org/jetbrains/kotlin/load/java/lazy/descriptors/LazyJavaPackageFragment$partToFacade$2$WhenMappings done
Event: 13.730 loading class org/jetbrains/kotlin/codegen/state/KotlinTypeMapper$ContainingClassesInfo
Event: 13.730 loading class org/jetbrains/kotlin/codegen/state/KotlinTypeMapper$ContainingClassesInfo done
Event: 13.731 loading class org/jetbrains/kotlin/codegen/state/KotlinTypeMapper$ContainingClassesInfo$Companion
Event: 13.731 loading class org/jetbrains/kotlin/codegen/state/KotlinTypeMapper$ContainingClassesInfo$Companion done
Event: 13.731 loading class org/jetbrains/kotlin/codegen/inline/SourceCompilerForInlineKt
Event: 13.731 loading class org/jetbrains/kotlin/codegen/inline/SourceCompilerForInlineKt done
Event: 13.733 loading class org/jetbrains/kotlin/codegen/inline/MethodId
Event: 13.733 loading class org/jetbrains/kotlin/codegen/inline/MethodId done
Event: 13.733 loading class org/jetbrains/kotlin/codegen/inline/InlineCodegenUtilsKt
Event: 13.733 loading class org/jetbrains/kotlin/codegen/inline/InlineCodegenUtilsKt done
Event: 13.739 loading class org/jetbrains/kotlin/codegen/inline/InlineCodegenUtilsKt$getMethodNode$$inlined$getMethodNode$1
Event: 13.739 loading class org/jetbrains/kotlin/codegen/inline/InlineCodegenUtilsKt$getMethodNode$$inlined$getMethodNode$1 done
Event: 13.739 loading class org/jetbrains/org/objectweb/asm/tree/MethodNode
Event: 13.739 loading class org/jetbrains/org/objectweb/asm/tree/MethodNode done


Dynamic libraries:
0x00007ff77d0c0000 - 0x00007ff77d0ca000 	C:\Program Files\Android\Android Studio1\jre\bin\java.exe
0x00007ffeee0d0000 - 0x00007ffeee2c8000 	C:\WINDOWS\SYSTEM32\ntdll.dll
0x00007ffeedc20000 - 0x00007ffeedcdf000 	C:\WINDOWS\System32\KERNEL32.DLL
0x00007ffeebe40000 - 0x00007ffeec112000 	C:\WINDOWS\System32\KERNELBASE.dll
0x00007ffeebca0000 - 0x00007ffeebda0000 	C:\WINDOWS\System32\ucrtbase.dll
0x00007ffee2ac0000 - 0x00007ffee2ad9000 	C:\Program Files\Android\Android Studio1\jre\bin\jli.dll
0x00007ffee2aa0000 - 0x00007ffee2ab7000 	C:\Program Files\Android\Android Studio1\jre\bin\VCRUNTIME140.dll
0x00007ffeed9a0000 - 0x00007ffeedb3d000 	C:\WINDOWS\System32\USER32.dll
0x00007ffeebda0000 - 0x00007ffeebdc2000 	C:\WINDOWS\System32\win32u.dll
0x00007ffeedce0000 - 0x00007ffeedd0b000 	C:\WINDOWS\System32\GDI32.dll
0x00007ffeebb90000 - 0x00007ffeebc9f000 	C:\WINDOWS\System32\gdi32full.dll
0x00007ffeeb9b0000 - 0x00007ffeeba4d000 	C:\WINDOWS\System32\msvcp_win.dll
0x00007ffed0bb0000 - 0x00007ffed0e4a000 	C:\WINDOWS\WinSxS\amd64_microsoft.windows.common-controls_6595b64144ccf1df_6.0.19041.1110_none_60b5254171f9507e\COMCTL32.dll
0x00007ffeec1f0000 - 0x00007ffeec28e000 	C:\WINDOWS\System32\msvcrt.dll
0x00007ffeece30000 - 0x00007ffeece62000 	C:\WINDOWS\System32\IMM32.DLL
0x00007ffeab7f0000 - 0x00007ffeab88d000 	C:\Program Files\Android\Android Studio1\jre\bin\msvcp140.dll
0x00007ffe83030000 - 0x00007ffe83b05000 	C:\Program Files\Android\Android Studio1\jre\bin\server\jvm.dll
0x00007ffeed210000 - 0x00007ffeed2be000 	C:\WINDOWS\System32\ADVAPI32.dll
0x00007ffeecf30000 - 0x00007ffeecfcc000 	C:\WINDOWS\System32\sechost.dll
0x00007ffeedd10000 - 0x00007ffeede35000 	C:\WINDOWS\System32\RPCRT4.dll
0x00007ffeec5f0000 - 0x00007ffeec5f8000 	C:\WINDOWS\System32\PSAPI.DLL
0x00007ffeea320000 - 0x00007ffeea32a000 	C:\WINDOWS\SYSTEM32\VERSION.dll
0x00007ffecc1b0000 - 0x00007ffecc1b9000 	C:\WINDOWS\SYSTEM32\WSOCK32.dll
0x00007ffeecdb0000 - 0x00007ffeece1b000 	C:\WINDOWS\System32\WS2_32.dll
0x00007ffeccb70000 - 0x00007ffeccb97000 	C:\WINDOWS\SYSTEM32\WINMM.dll
0x00007ffee9dd0000 - 0x00007ffee9de2000 	C:\WINDOWS\SYSTEM32\kernel.appcore.dll
0x00007ffee7d30000 - 0x00007ffee7d41000 	C:\Program Files\Android\Android Studio1\jre\bin\verify.dll
0x00007ffee93e0000 - 0x00007ffee95c4000 	C:\WINDOWS\SYSTEM32\DBGHELP.DLL
0x00007ffecc2a0000 - 0x00007ffecc2cc000 	C:\WINDOWS\SYSTEM32\dbgcore.DLL
0x00007ffeebb00000 - 0x00007ffeebb82000 	C:\WINDOWS\System32\bcryptPrimitives.dll
0x00007ffee4e00000 - 0x00007ffee4e29000 	C:\Program Files\Android\Android Studio1\jre\bin\java.dll
0x00007ffee7a30000 - 0x00007ffee7a3b000 	C:\Program Files\Android\Android Studio1\jre\bin\jimage.dll
0x00007ffee4de0000 - 0x00007ffee4df8000 	C:\Program Files\Android\Android Studio1\jre\bin\zip.dll
0x00007ffeec600000 - 0x00007ffeecd43000 	C:\WINDOWS\System32\SHELL32.dll
0x00007ffee95d0000 - 0x00007ffee9d62000 	C:\WINDOWS\SYSTEM32\windows.storage.dll
0x00007ffeec290000 - 0x00007ffeec5e4000 	C:\WINDOWS\System32\combase.dll
0x00007ffeeb1c0000 - 0x00007ffeeb1f0000 	C:\WINDOWS\SYSTEM32\Wldp.dll
0x00007ffeed160000 - 0x00007ffeed20d000 	C:\WINDOWS\System32\SHCORE.dll
0x00007ffeeced0000 - 0x00007ffeecf25000 	C:\WINDOWS\System32\shlwapi.dll
0x00007ffeeb710000 - 0x00007ffeeb72f000 	C:\WINDOWS\SYSTEM32\profapi.dll
0x00007ffee4dc0000 - 0x00007ffee4dda000 	C:\Program Files\Android\Android Studio1\jre\bin\net.dll
0x00007ffeea750000 - 0x00007ffeea85c000 	C:\WINDOWS\SYSTEM32\WINHTTP.dll
0x00007ffeeaeb0000 - 0x00007ffeeaf1a000 	C:\WINDOWS\system32\mswsock.dll
0x00007ffee4bb0000 - 0x00007ffee4bc4000 	C:\Program Files\Android\Android Studio1\jre\bin\nio.dll

dbghelp: loaded successfully - version: 4.0.5 - missing functions: none
symbol engine: initialized successfully - sym options: 0x614 - pdb path: .;C:\Program Files\Android\Android Studio1\jre\bin;C:\WINDOWS\SYSTEM32;C:\WINDOWS\WinSxS\amd64_microsoft.windows.common-controls_6595b64144ccf1df_6.0.19041.1110_none_60b5254171f9507e;C:\Program Files\Android\Android Studio1\jre\bin\server

VM Arguments:
java_command: org.jetbrains.kotlin.cli.jvm.K2JVMCompiler @C:\Users\onyedikachi.akachukw\AndroidStudioProjects\RickandMortyApi\app\build\20221214_6783848968442888172.compiler.options
java_class_path (initial): C:\Users\onyedikachi.akachukw\.gradle\caches\modules-2\files-2.1\org.jetbrains.kotlin\kotlin-compiler-embeddable\1.6.21\97bdd5a752ce73b58ef16c17bc7f0ea2faff7a2e\kotlin-compiler-embeddable-1.6.21.jar;C:\Users\onyedikachi.akachukw\.gradle\caches\modules-2\files-2.1\org.jetbrains.kotlin\kotlin-reflect\1.6.21\5dc3574d9b7bebfcb4ec6b10ada4aaa9e140bd0b\kotlin-reflect-1.6.21.jar;C:\Users\onyedikachi.akachukw\.gradle\caches\modules-2\files-2.1\org.jetbrains.kotlin\kotlin-stdlib\1.6.21\11ef67f1900634fd951bad28c53ec957fabbe5b8\kotlin-stdlib-1.6.21.jar;C:\Users\onyedikachi.akachukw\.gradle\caches\modules-2\files-2.1\org.jetbrains.kotlin\kotlin-script-runtime\1.6.21\99c6675100da5d6d5b1c5a1032f27f28008d101b\kotlin-script-runtime-1.6.21.jar;C:\Users\onyedikachi.akachukw\.gradle\caches\modules-2\files-2.1\org.jetbrains.kotlin\kotlin-daemon-embeddable\1.6.21\46b78cf392e1c4f10854c3cadba44abb7b82250f\kotlin-daemon-embeddable-1.6.21.jar;C:\Users\onyedikachi.akachukw\.gradle\caches\modules-2\files-2.1\org.jetbrains.intellij.deps\trove4j\1.0.20200330\3afb14d5f9ceb459d724e907a21145e8ff394f02\trove4j-1.0.20200330.jar;C:\Users\onyedikachi.akachukw\.gradle\caches\modules-2\files-2.1\net.java.dev.jna\jna\5.6.0\330f2244e9030119ab3030fc3fededc86713d9cc\jna-5.6.0.jar;C:\Users\onyedikachi.akachukw\.gradle\caches\modules-2\files-2.1\org.jetbrains.kotlin\kotlin-stdlib-common\1.6.21\5e5b55c26dbc80372a920aef60eb774b714559b8\kotlin-stdlib-common-1.6.21.jar;C:\Users\onyedikachi.akachukw\.gradle\caches\modules-2\files-2.1\org.jetbrains\annotations\13.0\919f0dfe192fb4e063e7dacadee7f8bb9a2672a9\annotations-13.0.jar
Launcher Type: SUN_STANDARD

[Global flags]
     intx CICompilerCount                          = 4                                         {product} {ergonomic}
     uint ConcGCThreads                            = 2                                         {product} {ergonomic}
     uint G1ConcRefinementThreads                  = 8                                         {product} {ergonomic}
   size_t G1HeapRegionSize                         = 1048576                                   {product} {ergonomic}
    uintx GCDrainStackTargetSize                   = 64                                        {product} {ergonomic}
   size_t InitialHeapSize                          = 132120576                                 {product} {ergonomic}
   size_t MarkStackSize                            = 4194304                                   {product} {ergonomic}
   size_t MaxHeapSize                              = 2097152000                                {product} {ergonomic}
   size_t MaxNewSize                               = 1258291200                                {product} {ergonomic}
   size_t MinHeapDeltaBytes                        = 1048576                                   {product} {ergonomic}
    uintx NonNMethodCodeHeapSize                   = 5836300                                {pd product} {ergonomic}
    uintx NonProfiledCodeHeapSize                  = 122910970                              {pd product} {ergonomic}
    uintx ProfiledCodeHeapSize                     = 122910970                              {pd product} {ergonomic}
    uintx ReservedCodeCacheSize                    = 251658240                              {pd product} {ergonomic}
     bool SegmentedCodeCache                       = true                                      {product} {ergonomic}
     bool UseCompressedClassPointers               = true                                 {lp64_product} {ergonomic}
     bool UseCompressedOops                        = true                                 {lp64_product} {ergonomic}
     bool UseG1GC                                  = true                                      {product} {ergonomic}
     bool UseLargePagesIndividualAllocation        = false                                  {pd product} {ergonomic}

Logging:
Log output configuration:
 #0: stdout all=warning uptime,level,tags
 #1: stderr all=off uptime,level,tags

Environment Variables:
CLASSPATH=C:\DISC\jlib\bigraphbean.jar;C:\DISC\jlib\LW_PfjBean.jar;C:\DISC\jlib\bigraphbean-nls.zip
PATH=C:\Program Files\Common Files\Oracle\Java\javapath;C:\DISC\jdk\jre\bin\classic;C:\DISC\jdk\jre\bin;C:\DISC\bin;C:\DISC\jlib;C:\Program Files (x86)\Oracle\jre\1.1.8\bin;C:\Program Files (x86)\Oracle\jre\1.3.1\bin;C:\forms6i\bin;C:\WINDOWS\system32;C:\WINDOWS;C:\WINDOWS\System32\Wbem;C:\WINDOWS\System32\WindowsPowerShell\v1.0\;C:\WINDOWS\System32\OpenSSH\;C:\forms6i\jdk\bin;C:\Program Files\Git\cmd;C:\Users\onyedikachi.akachukw\AppData\Local\Microsoft\WindowsApps;C:\Users\onyedikachi.akachukw\AndroidStudioProjects\Git\cmd
USERNAME=onyedikachi.akachukw
OS=Windows_NT
PROCESSOR_IDENTIFIER=Intel64 Family 6 Model 142 Stepping 12, GenuineIntel



---------------  S Y S T E M  ---------------

OS: Windows 10 , 64 bit Build 19041 (10.0.19041.2251)
OS uptime: 4 days 2:28 hours

CPU:total 8 (initial active 8) (4 cores per cpu, 2 threads per core) family 6 model 142 stepping 12 microcode 0xf4, cmov, cx8, fxsr, mmx, sse, sse2, sse3, ssse3, sse4.1, sse4.2, popcnt, avx, avx2, aes, clmul, erms, 3dnowpref, lzcnt, ht, tsc, tscinvbit, bmi1, bmi2, adx, fma

Memory: 4k page, system-wide physical 7998M (157M free)
TotalPageFile size 32574M (AvailPageFile size 7M)
current process WorkingSet (physical memory assigned to process): 299M, peak: 299M
current process commit charge ("private bytes"): 360M, peak: 361M

vm_info: OpenJDK 64-Bit Server VM (11.0.11+9-b60-7590822) for windows-amd64 JRE (11.0.11+9-b60-7590822), built on Jul 29 2021 21:43:44 by "builder" with MS VC++ 14.0 (VS2015)

END.
