#
# There is insufficient memory for the Java Runtime Environment to continue.
# Native memory allocation (malloc) failed to allocate 1128016 bytes for Chunk::new
# Possible reasons:
#   The system is out of physical RAM or swap space
#   The process is running with CompressedOops enabled, and the Java Heap may be blocking the growth of the native heap
# Possible solutions:
#   Reduce memory load on the system
#   Increase physical memory or swap space
#   Check if swap backing store is full
#   Decrease Java heap size (-Xmx/-Xms)
#   Decrease number of Java threads
#   Decrease Java thread stack sizes (-Xss)
#   Set larger code cache with -XX:ReservedCodeCacheSize=
#   JVM is running with Unscaled Compressed Oops mode in which the Java heap is
#     placed in the first 4GB address space. The Java Heap base address is the
#     maximum limit for the native heap growth. Please use -XX:HeapBaseMinAddress
#     to set the Java Heap base and to place the Java Heap above 4GB virtual address.
# This output file may be truncated or incomplete.
#
#  Out of Memory Error (./src/hotspot/share/memory/arena.cpp:197), pid=25632, tid=14796
#
# JRE version: OpenJDK Runtime Environment (11.0.11+9) (build 11.0.11+9-b60-7590822)
# Java VM: OpenJDK 64-Bit Server VM (11.0.11+9-b60-7590822, mixed mode, tiered, compressed oops, g1 gc, windows-amd64)
# No core dump will be written. Minidumps are not enabled by default on client versions of Windows
#

---------------  S U M M A R Y ------------

Command Line: --add-opens=java.base/java.util=ALL-UNNAMED --add-opens=java.base/java.lang=ALL-UNNAMED --add-opens=java.base/java.lang.invoke=ALL-UNNAMED --add-opens=java.base/java.util=ALL-UNNAMED --add-opens=java.prefs/java.util.prefs=ALL-UNNAMED --add-opens=java.prefs/java.util.prefs=ALL-UNNAMED --add-opens=java.base/java.nio.charset=ALL-UNNAMED --add-opens=java.base/java.net=ALL-UNNAMED --add-opens=java.base/java.util.concurrent.atomic=ALL-UNNAMED -Xmx2048m -Dfile.encoding=windows-1252 -Duser.country=US -Duser.language=en -Duser.variant org.gradle.launcher.daemon.bootstrap.GradleDaemon 7.2

Host: Intel(R) Core(TM) i5-8365U CPU @ 1.60GHz, 8 cores, 7G,  Windows 10 , 64 bit Build 19041 (10.0.19041.2251)
Time: Wed Dec 14 16:03:46 2022 W. Central Africa Standard Time elapsed time: 74.021688 seconds (0d 0h 1m 14s)

---------------  T H R E A D  ---------------

Current thread (0x0000021b28eee000):  JavaThread "C2 CompilerThread0" daemon [_thread_in_native, id=14796, stack(0x0000002cde400000,0x0000002cde500000)]


Current CompileTask:
C2:  74021 12673   !   4       java.nio.file.FileTreeWalker::visit (204 bytes)

Stack: [0x0000002cde400000,0x0000002cde500000]
Native frames: (J=compiled Java code, j=interpreted, Vv=VM code, C=native code)
V  [jvm.dll+0x5f214a]
V  [jvm.dll+0x726fb5]
V  [jvm.dll+0x7285cd]
V  [jvm.dll+0x728c83]
V  [jvm.dll+0x243278]
V  [jvm.dll+0xbc53c]
V  [jvm.dll+0xbca3c]
V  [jvm.dll+0x353e7d]
V  [jvm.dll+0x321893]
V  [jvm.dll+0x320d8a]
V  [jvm.dll+0x1fc1e2]
V  [jvm.dll+0x1fb3d4]
V  [jvm.dll+0x183d6c]
V  [jvm.dll+0x209a57]
V  [jvm.dll+0x2082a1]
V  [jvm.dll+0x6ef58f]
V  [jvm.dll+0x6e80b5]
V  [jvm.dll+0x5f1036]
C  [ucrtbase.dll+0x21bb2]
C  [KERNEL32.DLL+0x174b4]
C  [ntdll.dll+0x526a1]


---------------  P R O C E S S  ---------------

Threads class SMR info:
_java_thread_list=0x0000021b305532f0, length=137, elements={
0x0000021b0ea3c000, 0x0000021b28ec1800, 0x0000021b28ec2800, 0x0000021b28edf000,
0x0000021b28ee0000, 0x0000021b28ee1000, 0x0000021b28eee000, 0x0000021b28ef2800,
0x0000021b28ef5800, 0x0000021b299b1000, 0x0000021b2abc8800, 0x0000021b2adc0800,
0x0000021b2b113800, 0x0000021b2ad61000, 0x0000021b2ba3d000, 0x0000021b2ae19800,
0x0000021b2ab96000, 0x0000021b2b323000, 0x0000021b2b1ee800, 0x0000021b2b1ed000,
0x0000021b2b1ec000, 0x0000021b2b1ef800, 0x0000021b2b1f2800, 0x0000021b2b1ed800,
0x0000021b2b1f0000, 0x0000021b2b1f1000, 0x0000021b2b1f2000, 0x0000021b2d756800,
0x0000021b2d757000, 0x0000021b2d758000, 0x0000021b2d759800, 0x0000021b2d754000,
0x0000021b2d75a800, 0x0000021b2d75b000, 0x0000021b2d755800, 0x0000021b2d75e800,
0x0000021b2d75d000, 0x0000021b2d75f800, 0x0000021b2d75c000, 0x0000021b2d760000,
0x0000021b2d761000, 0x0000021b2d75d800, 0x0000021b2d762000, 0x0000021b2d762800,
0x0000021b2daf2800, 0x0000021b2daf4000, 0x0000021b2daf1800, 0x0000021b2daf3000,
0x0000021b2daee800, 0x0000021b2daf5000, 0x0000021b2daf0800, 0x0000021b2daf0000,
0x0000021b2daef000, 0x0000021b2dafa800, 0x0000021b2daf7800, 0x0000021b2dafb800,
0x0000021b2daf5800, 0x0000021b2daf8000, 0x0000021b2daf6800, 0x0000021b2dafc000,
0x0000021b2dafd000, 0x0000021b2daf9000, 0x0000021b2daf9800, 0x0000021b2a5c0000,
0x0000021b2a5c4000, 0x0000021b2a5c1000, 0x0000021b2a5c3800, 0x0000021b2a5c5000,
0x0000021b2a5bf800, 0x0000021b2a5c6800, 0x0000021b2a5c2800, 0x0000021b2a5c6000,
0x0000021b2a5c1800, 0x0000021b2a5cc800, 0x0000021b2a5c9000, 0x0000021b2a5c7800,
0x0000021b2a5ce000, 0x0000021b2a5cb800, 0x0000021b2a5ca000, 0x0000021b2a5ca800,
0x0000021b2a5cd000, 0x0000021b2a5c8800, 0x0000021b2d954800, 0x0000021b2d953800,
0x0000021b2d952000, 0x0000021b2d956000, 0x0000021b2d957000, 0x0000021b2d958800,
0x0000021b2d953000, 0x0000021b2d957800, 0x0000021b2d959800, 0x0000021b2d95a000,
0x0000021b2d95b000, 0x0000021b2d955800, 0x0000021b2d95c800, 0x0000021b2d95e000,
0x0000021b2d95d800, 0x0000021b2d95f000, 0x0000021b2d960000, 0x0000021b2d960800,
0x0000021b2d95c000, 0x0000021b2b8a1000, 0x0000021b2b8a3000, 0x0000021b2b8a0800,
0x0000021b2b8a2000, 0x0000021b2b89e000, 0x0000021b2b8a4800, 0x0000021b2b8a3800,
0x0000021b2b89e800, 0x0000021b2b8a5000, 0x0000021b2b89f800, 0x0000021b2b8a7800,
0x0000021b2b8a8800, 0x0000021b2b8a9800, 0x0000021b2b8aa000, 0x0000021b2b8ab000,
0x0000021b2b8ac000, 0x0000021b2b8a6000, 0x0000021b2b8ac800, 0x0000021b2b8a7000,
0x0000021b30416000, 0x0000021b30417800, 0x0000021b30418800, 0x0000021b30413800,
0x0000021b30417000, 0x0000021b30415800, 0x0000021b3041a000, 0x0000021b30414800,
0x0000021b3041c000, 0x0000021b3041e000, 0x0000021b3041d800, 0x0000021b3041b000,
0x0000021b30422800, 0x0000021b3041f000, 0x0000021b3041c800, 0x0000021b30420000,
0x0000021b30420800
}

Java Threads: ( => current thread )
  0x0000021b0ea3c000 JavaThread "main" [_thread_blocked, id=12984, stack(0x0000002cdd800000,0x0000002cdd900000)]
  0x0000021b28ec1800 JavaThread "Reference Handler" daemon [_thread_blocked, id=32460, stack(0x0000002cddf00000,0x0000002cde000000)]
  0x0000021b28ec2800 JavaThread "Finalizer" daemon [_thread_blocked, id=7460, stack(0x0000002cde000000,0x0000002cde100000)]
  0x0000021b28edf000 JavaThread "Signal Dispatcher" daemon [_thread_blocked, id=10520, stack(0x0000002cde100000,0x0000002cde200000)]
  0x0000021b28ee0000 JavaThread "Attach Listener" daemon [_thread_blocked, id=30472, stack(0x0000002cde200000,0x0000002cde300000)]
  0x0000021b28ee1000 JavaThread "Service Thread" daemon [_thread_blocked, id=11868, stack(0x0000002cde300000,0x0000002cde400000)]
=>0x0000021b28eee000 JavaThread "C2 CompilerThread0" daemon [_thread_in_native, id=14796, stack(0x0000002cde400000,0x0000002cde500000)]
  0x0000021b28ef2800 JavaThread "C1 CompilerThread0" daemon [_thread_blocked, id=6728, stack(0x0000002cde500000,0x0000002cde600000)]
  0x0000021b28ef5800 JavaThread "Sweeper thread" daemon [_thread_blocked, id=6428, stack(0x0000002cde600000,0x0000002cde700000)]
  0x0000021b299b1000 JavaThread "Common-Cleaner" daemon [_thread_blocked, id=33644, stack(0x0000002cde700000,0x0000002cde800000)]
  0x0000021b2abc8800 JavaThread "Daemon health stats" [_thread_blocked, id=21592, stack(0x0000002cdeb00000,0x0000002cdec00000)]
  0x0000021b2adc0800 JavaThread "Incoming local TCP Connector on port 65185" [_thread_in_native, id=24564, stack(0x0000002cdec00000,0x0000002cded00000)]
  0x0000021b2b113800 JavaThread "Daemon periodic checks" [_thread_blocked, id=33312, stack(0x0000002cded00000,0x0000002cdee00000)]
  0x0000021b2ad61000 JavaThread "Daemon" [_thread_blocked, id=14612, stack(0x0000002cdee00000,0x0000002cdef00000)]
  0x0000021b2ba3d000 JavaThread "Handler for socket connection from /127.0.0.1:65185 to /127.0.0.1:65186" [_thread_in_native, id=24144, stack(0x0000002cdef00000,0x0000002cdf000000)]
  0x0000021b2ae19800 JavaThread "Cancel handler" [_thread_blocked, id=14604, stack(0x0000002cdf000000,0x0000002cdf100000)]
  0x0000021b2ab96000 JavaThread "Daemon worker" [_thread_blocked, id=17012, stack(0x0000002cdf100000,0x0000002cdf200000)]
  0x0000021b2b323000 JavaThread "Asynchronous log dispatcher for DefaultDaemonConnection: socket connection from /127.0.0.1:65185 to /127.0.0.1:65186" [_thread_blocked, id=27252, stack(0x0000002cdf200000,0x0000002cdf300000)]
  0x0000021b2b1ee800 JavaThread "Daemon client event forwarder" [_thread_blocked, id=21536, stack(0x0000002cdf400000,0x0000002cdf500000)]
  0x0000021b2b1ed000 JavaThread "Cache worker for journal cache (C:\Users\onyedikachi.akachukw\.gradle\caches\journal-1)" [_thread_blocked, id=22596, stack(0x0000002cdfa00000,0x0000002cdfb00000)]
  0x0000021b2b1ec000 JavaThread "File lock request listener" [_thread_in_native, id=14864, stack(0x0000002cdfb00000,0x0000002cdfc00000)]
  0x0000021b2b1ef800 JavaThread "Cache worker for file hash cache (C:\Users\onyedikachi.akachukw\.gradle\caches\7.2\fileHashes)" [_thread_blocked, id=21660, stack(0x0000002cdfc00000,0x0000002cdfd00000)]
  0x0000021b2b1f2800 JavaThread "Cache worker for file hash cache (C:\Users\onyedikachi.akachukw\AndroidStudioProjects\RickandMortyApi\.gradle\7.2\fileHashes)" [_thread_blocked, id=21860, stack(0x0000002cdfe00000,0x0000002cdff00000)]
  0x0000021b2b1ed800 JavaThread "File watcher server" daemon [_thread_in_native, id=23972, stack(0x0000002cdff00000,0x0000002ce0000000)]
  0x0000021b2b1f0000 JavaThread "File watcher consumer" daemon [_thread_blocked, id=24880, stack(0x0000002ce0000000,0x0000002ce0100000)]
  0x0000021b2b1f1000 JavaThread "Cache worker for checksums cache (C:\Users\onyedikachi.akachukw\AndroidStudioProjects\RickandMortyApi\.gradle\checksums)" [_thread_blocked, id=30060, stack(0x0000002ce0100000,0x0000002ce0200000)]
  0x0000021b2b1f2000 JavaThread "Cache worker for cache directory md-supplier (C:\Users\onyedikachi.akachukw\.gradle\caches\7.2\md-supplier)" [_thread_blocked, id=14144, stack(0x0000002ce0200000,0x0000002ce0300000)]
  0x0000021b2d756800 JavaThread "Cache worker for cache directory md-rule (C:\Users\onyedikachi.akachukw\.gradle\caches\7.2\md-rule)" [_thread_blocked, id=25552, stack(0x0000002ce0300000,0x0000002ce0400000)]
  0x0000021b2d757000 JavaThread "Cache worker for execution history cache (C:\Users\onyedikachi.akachukw\.gradle\caches\7.2\executionHistory)" [_thread_blocked, id=4772, stack(0x0000002ce0400000,0x0000002ce0500000)]
  0x0000021b2d758000 JavaThread "jar transforms" [_thread_blocked, id=5740, stack(0x0000002ce0500000,0x0000002ce0600000)]
  0x0000021b2d759800 JavaThread "jar transforms Thread 2" [_thread_blocked, id=32880, stack(0x0000002ce0600000,0x0000002ce0700000)]
  0x0000021b2d754000 JavaThread "Cache worker for file content cache (C:\Users\onyedikachi.akachukw\.gradle\caches\7.2\fileContent)" [_thread_blocked, id=14300, stack(0x0000002ce0700000,0x0000002ce0800000)]
  0x0000021b2d75a800 JavaThread "Cache worker for dependencies-accessors (C:\Users\onyedikachi.akachukw\AndroidStudioProjects\RickandMortyApi\.gradle\7.2\dependencies-accessors)" [_thread_blocked, id=15484, stack(0x0000002ce0800000,0x0000002ce0900000)]
  0x0000021b2d75b000 JavaThread "jar transforms Thread 3" [_thread_blocked, id=11940, stack(0x0000002ce0900000,0x0000002ce0a00000)]
  0x0000021b2d755800 JavaThread "Cache worker for Build Output Cleanup Cache (C:\Users\onyedikachi.akachukw\AndroidStudioProjects\RickandMortyApi\.gradle\buildOutputCleanup)" [_thread_blocked, id=11000, stack(0x0000002ce0a00000,0x0000002ce0b00000)]
  0x0000021b2d75e800 JavaThread "Unconstrained build operations" [_thread_blocked, id=16748, stack(0x0000002ce0b00000,0x0000002ce0c00000)]
  0x0000021b2d75d000 JavaThread "Unconstrained build operations Thread 2" [_thread_blocked, id=19188, stack(0x0000002ce0c00000,0x0000002ce0d00000)]
  0x0000021b2d75f800 JavaThread "Unconstrained build operations Thread 3" [_thread_blocked, id=14488, stack(0x0000002ce0d00000,0x0000002ce0e00000)]
  0x0000021b2d75c000 JavaThread "Unconstrained build operations Thread 4" [_thread_blocked, id=33244, stack(0x0000002ce0e00000,0x0000002ce0f00000)]
  0x0000021b2d760000 JavaThread "Unconstrained build operations Thread 5" [_thread_blocked, id=4724, stack(0x0000002ce0f00000,0x0000002ce1000000)]
  0x0000021b2d761000 JavaThread "Unconstrained build operations Thread 6" [_thread_blocked, id=29216, stack(0x0000002ce1000000,0x0000002ce1100000)]
  0x0000021b2d75d800 JavaThread "Unconstrained build operations Thread 7" [_thread_blocked, id=29572, stack(0x0000002ce1100000,0x0000002ce1200000)]
  0x0000021b2d762000 JavaThread "Unconstrained build operations Thread 8" [_thread_blocked, id=29644, stack(0x0000002ce1200000,0x0000002ce1300000)]
  0x0000021b2d762800 JavaThread "Unconstrained build operations Thread 9" [_thread_blocked, id=24932, stack(0x0000002ce1300000,0x0000002ce1400000)]
  0x0000021b2daf2800 JavaThread "Unconstrained build operations Thread 10" [_thread_blocked, id=25788, stack(0x0000002ce1400000,0x0000002ce1500000)]
  0x0000021b2daf4000 JavaThread "Unconstrained build operations Thread 11" [_thread_blocked, id=3984, stack(0x0000002ce1500000,0x0000002ce1600000)]
  0x0000021b2daf1800 JavaThread "Unconstrained build operations Thread 12" [_thread_blocked, id=29816, stack(0x0000002ce1600000,0x0000002ce1700000)]
  0x0000021b2daf3000 JavaThread "Unconstrained build operations Thread 13" [_thread_blocked, id=33032, stack(0x0000002ce1700000,0x0000002ce1800000)]
  0x0000021b2daee800 JavaThread "Unconstrained build operations Thread 14" [_thread_blocked, id=5412, stack(0x0000002ce1800000,0x0000002ce1900000)]
  0x0000021b2daf5000 JavaThread "Unconstrained build operations Thread 15" [_thread_blocked, id=25076, stack(0x0000002ce1900000,0x0000002ce1a00000)]
  0x0000021b2daf0800 JavaThread "Unconstrained build operations Thread 16" [_thread_blocked, id=21204, stack(0x0000002ce1a00000,0x0000002ce1b00000)]
  0x0000021b2daf0000 JavaThread "Unconstrained build operations Thread 17" [_thread_blocked, id=18832, stack(0x0000002ce1b00000,0x0000002ce1c00000)]
  0x0000021b2daef000 JavaThread "Unconstrained build operations Thread 18" [_thread_blocked, id=6384, stack(0x0000002ce1c00000,0x0000002ce1d00000)]
  0x0000021b2dafa800 JavaThread "Unconstrained build operations Thread 19" [_thread_blocked, id=18944, stack(0x0000002ce1d00000,0x0000002ce1e00000)]
  0x0000021b2daf7800 JavaThread "Unconstrained build operations Thread 20" [_thread_blocked, id=17212, stack(0x0000002ce1e00000,0x0000002ce1f00000)]
  0x0000021b2dafb800 JavaThread "Unconstrained build operations Thread 21" [_thread_blocked, id=11980, stack(0x0000002ce1f00000,0x0000002ce2000000)]
  0x0000021b2daf5800 JavaThread "Unconstrained build operations Thread 22" [_thread_blocked, id=33436, stack(0x0000002ce2000000,0x0000002ce2100000)]
  0x0000021b2daf8000 JavaThread "Unconstrained build operations Thread 23" [_thread_blocked, id=4720, stack(0x0000002ce2100000,0x0000002ce2200000)]
  0x0000021b2daf6800 JavaThread "Unconstrained build operations Thread 24" [_thread_blocked, id=29472, stack(0x0000002ce2200000,0x0000002ce2300000)]
  0x0000021b2dafc000 JavaThread "Unconstrained build operations Thread 25" [_thread_blocked, id=25088, stack(0x0000002ce2300000,0x0000002ce2400000)]
  0x0000021b2dafd000 JavaThread "Unconstrained build operations Thread 26" [_thread_blocked, id=33372, stack(0x0000002ce2400000,0x0000002ce2500000)]
  0x0000021b2daf9000 JavaThread "Unconstrained build operations Thread 27" [_thread_blocked, id=33696, stack(0x0000002ce2500000,0x0000002ce2600000)]
  0x0000021b2daf9800 JavaThread "Unconstrained build operations Thread 28" [_thread_blocked, id=8244, stack(0x0000002ce2600000,0x0000002ce2700000)]
  0x0000021b2a5c0000 JavaThread "Unconstrained build operations Thread 29" [_thread_blocked, id=29624, stack(0x0000002ce2700000,0x0000002ce2800000)]
  0x0000021b2a5c4000 JavaThread "Unconstrained build operations Thread 30" [_thread_blocked, id=20888, stack(0x0000002ce2800000,0x0000002ce2900000)]
  0x0000021b2a5c1000 JavaThread "Unconstrained build operations Thread 31" [_thread_blocked, id=8424, stack(0x0000002ce2900000,0x0000002ce2a00000)]
  0x0000021b2a5c3800 JavaThread "Unconstrained build operations Thread 32" [_thread_blocked, id=33592, stack(0x0000002ce2a00000,0x0000002ce2b00000)]
  0x0000021b2a5c5000 JavaThread "Unconstrained build operations Thread 33" [_thread_blocked, id=27940, stack(0x0000002ce2b00000,0x0000002ce2c00000)]
  0x0000021b2a5bf800 JavaThread "Unconstrained build operations Thread 34" [_thread_blocked, id=19904, stack(0x0000002ce2c00000,0x0000002ce2d00000)]
  0x0000021b2a5c6800 JavaThread "Unconstrained build operations Thread 35" [_thread_blocked, id=26320, stack(0x0000002ce2d00000,0x0000002ce2e00000)]
  0x0000021b2a5c2800 JavaThread "Unconstrained build operations Thread 36" [_thread_blocked, id=7684, stack(0x0000002ce2e00000,0x0000002ce2f00000)]
  0x0000021b2a5c6000 JavaThread "Unconstrained build operations Thread 37" [_thread_blocked, id=14480, stack(0x0000002ce2f00000,0x0000002ce3000000)]
  0x0000021b2a5c1800 JavaThread "Unconstrained build operations Thread 38" [_thread_blocked, id=28704, stack(0x0000002ce3000000,0x0000002ce3100000)]
  0x0000021b2a5cc800 JavaThread "Unconstrained build operations Thread 39" [_thread_blocked, id=27372, stack(0x0000002ce3100000,0x0000002ce3200000)]
  0x0000021b2a5c9000 JavaThread "Unconstrained build operations Thread 40" [_thread_blocked, id=29888, stack(0x0000002ce3200000,0x0000002ce3300000)]
  0x0000021b2a5c7800 JavaThread "Unconstrained build operations Thread 41" [_thread_blocked, id=22944, stack(0x0000002ce3300000,0x0000002ce3400000)]
  0x0000021b2a5ce000 JavaThread "Unconstrained build operations Thread 42" [_thread_blocked, id=15560, stack(0x0000002ce3400000,0x0000002ce3500000)]
  0x0000021b2a5cb800 JavaThread "Unconstrained build operations Thread 43" [_thread_blocked, id=33008, stack(0x0000002ce3500000,0x0000002ce3600000)]
  0x0000021b2a5ca000 JavaThread "Unconstrained build operations Thread 44" [_thread_blocked, id=5712, stack(0x0000002ce3600000,0x0000002ce3700000)]
  0x0000021b2a5ca800 JavaThread "Unconstrained build operations Thread 45" [_thread_blocked, id=31040, stack(0x0000002ce3700000,0x0000002ce3800000)]
  0x0000021b2a5cd000 JavaThread "Unconstrained build operations Thread 46" [_thread_blocked, id=29540, stack(0x0000002ce3800000,0x0000002ce3900000)]
  0x0000021b2a5c8800 JavaThread "Unconstrained build operations Thread 47" [_thread_blocked, id=6292, stack(0x0000002ce3900000,0x0000002ce3a00000)]
  0x0000021b2d954800 JavaThread "Unconstrained build operations Thread 48" [_thread_blocked, id=20556, stack(0x0000002ce3a00000,0x0000002ce3b00000)]
  0x0000021b2d953800 JavaThread "Unconstrained build operations Thread 49" [_thread_blocked, id=25080, stack(0x0000002ce3b00000,0x0000002ce3c00000)]
  0x0000021b2d952000 JavaThread "Unconstrained build operations Thread 50" [_thread_blocked, id=29156, stack(0x0000002ce3c00000,0x0000002ce3d00000)]
  0x0000021b2d956000 JavaThread "Unconstrained build operations Thread 51" [_thread_blocked, id=34012, stack(0x0000002ce3d00000,0x0000002ce3e00000)]
  0x0000021b2d957000 JavaThread "Unconstrained build operations Thread 52" [_thread_blocked, id=12180, stack(0x0000002ce3e00000,0x0000002ce3f00000)]
  0x0000021b2d958800 JavaThread "Unconstrained build operations Thread 53" [_thread_blocked, id=22724, stack(0x0000002ce3f00000,0x0000002ce4000000)]
  0x0000021b2d953000 JavaThread "Unconstrained build operations Thread 54" [_thread_blocked, id=524, stack(0x0000002ce4000000,0x0000002ce4100000)]
  0x0000021b2d957800 JavaThread "Unconstrained build operations Thread 55" [_thread_blocked, id=24384, stack(0x0000002ce4100000,0x0000002ce4200000)]
  0x0000021b2d959800 JavaThread "Unconstrained build operations Thread 56" [_thread_blocked, id=20548, stack(0x0000002ce4200000,0x0000002ce4300000)]
  0x0000021b2d95a000 JavaThread "Unconstrained build operations Thread 57" [_thread_blocked, id=7088, stack(0x0000002ce4300000,0x0000002ce4400000)]
  0x0000021b2d95b000 JavaThread "Unconstrained build operations Thread 58" [_thread_blocked, id=15192, stack(0x0000002ce4400000,0x0000002ce4500000)]
  0x0000021b2d955800 JavaThread "Unconstrained build operations Thread 59" [_thread_blocked, id=29828, stack(0x0000002ce4500000,0x0000002ce4600000)]
  0x0000021b2d95c800 JavaThread "Unconstrained build operations Thread 60" [_thread_blocked, id=20868, stack(0x0000002ce4600000,0x0000002ce4700000)]
  0x0000021b2d95e000 JavaThread "Unconstrained build operations Thread 61" [_thread_blocked, id=17732, stack(0x0000002ce4700000,0x0000002ce4800000)]
  0x0000021b2d95d800 JavaThread "Unconstrained build operations Thread 62" [_thread_blocked, id=25292, stack(0x0000002ce4800000,0x0000002ce4900000)]
  0x0000021b2d95f000 JavaThread "Unconstrained build operations Thread 63" [_thread_blocked, id=13424, stack(0x0000002ce4900000,0x0000002ce4a00000)]
  0x0000021b2d960000 JavaThread "Unconstrained build operations Thread 64" [_thread_blocked, id=16084, stack(0x0000002ce4a00000,0x0000002ce4b00000)]
  0x0000021b2d960800 JavaThread "Unconstrained build operations Thread 65" [_thread_blocked, id=18332, stack(0x0000002ce4b00000,0x0000002ce4c00000)]
  0x0000021b2d95c000 JavaThread "Unconstrained build operations Thread 66" [_thread_blocked, id=9028, stack(0x0000002ce4c00000,0x0000002ce4d00000)]
  0x0000021b2b8a1000 JavaThread "Unconstrained build operations Thread 67" [_thread_blocked, id=12424, stack(0x0000002ce4d00000,0x0000002ce4e00000)]
  0x0000021b2b8a3000 JavaThread "Unconstrained build operations Thread 68" [_thread_blocked, id=4356, stack(0x0000002ce4e00000,0x0000002ce4f00000)]
  0x0000021b2b8a0800 JavaThread "Unconstrained build operations Thread 69" [_thread_blocked, id=24476, stack(0x0000002ce4f00000,0x0000002ce5000000)]
  0x0000021b2b8a2000 JavaThread "Unconstrained build operations Thread 70" [_thread_blocked, id=26640, stack(0x0000002ce5000000,0x0000002ce5100000)]
  0x0000021b2b89e000 JavaThread "Unconstrained build operations Thread 71" [_thread_blocked, id=3596, stack(0x0000002ce5100000,0x0000002ce5200000)]
  0x0000021b2b8a4800 JavaThread "Unconstrained build operations Thread 72" [_thread_blocked, id=14284, stack(0x0000002ce5200000,0x0000002ce5300000)]
  0x0000021b2b8a3800 JavaThread "Unconstrained build operations Thread 73" [_thread_blocked, id=25456, stack(0x0000002ce5300000,0x0000002ce5400000)]
  0x0000021b2b89e800 JavaThread "Unconstrained build operations Thread 74" [_thread_blocked, id=18392, stack(0x0000002ce5400000,0x0000002ce5500000)]
  0x0000021b2b8a5000 JavaThread "Unconstrained build operations Thread 75" [_thread_blocked, id=32964, stack(0x0000002ce5500000,0x0000002ce5600000)]
  0x0000021b2b89f800 JavaThread "Unconstrained build operations Thread 76" [_thread_blocked, id=22964, stack(0x0000002ce5600000,0x0000002ce5700000)]
  0x0000021b2b8a7800 JavaThread "Unconstrained build operations Thread 77" [_thread_blocked, id=33112, stack(0x0000002ce5700000,0x0000002ce5800000)]
  0x0000021b2b8a8800 JavaThread "Unconstrained build operations Thread 78" [_thread_blocked, id=16820, stack(0x0000002ce5800000,0x0000002ce5900000)]
  0x0000021b2b8a9800 JavaThread "Unconstrained build operations Thread 79" [_thread_blocked, id=20844, stack(0x0000002ce5900000,0x0000002ce5a00000)]
  0x0000021b2b8aa000 JavaThread "Unconstrained build operations Thread 80" [_thread_blocked, id=31068, stack(0x0000002ce5a00000,0x0000002ce5b00000)]
  0x0000021b2b8ab000 JavaThread "jar transforms Thread 4" [_thread_blocked, id=4016, stack(0x0000002ce5b00000,0x0000002ce5c00000)]
  0x0000021b2b8ac000 JavaThread "jar transforms Thread 5" [_thread_blocked, id=11556, stack(0x0000002ce5c00000,0x0000002ce5d00000)]
  0x0000021b2b8a6000 JavaThread "jar transforms Thread 6" [_thread_blocked, id=4520, stack(0x0000002ce5d00000,0x0000002ce5e00000)]
  0x0000021b2b8ac800 JavaThread "jar transforms Thread 7" [_thread_blocked, id=19628, stack(0x0000002ce5e00000,0x0000002ce5f00000)]
  0x0000021b2b8a7000 JavaThread "jar transforms Thread 8" [_thread_blocked, id=5560, stack(0x0000002ce5f00000,0x0000002ce6000000)]
  0x0000021b30416000 JavaThread "Memory manager" [_thread_blocked, id=34136, stack(0x0000002ce6000000,0x0000002ce6100000)]
  0x0000021b30417800 JavaThread "build event listener" [_thread_blocked, id=5400, stack(0x0000002ce6100000,0x0000002ce6200000)]
  0x0000021b30418800 JavaThread "Execution worker for ':'" [_thread_blocked, id=11036, stack(0x0000002ce6200000,0x0000002ce6300000)]
  0x0000021b30413800 JavaThread "Execution worker for ':' Thread 2" [_thread_blocked, id=7520, stack(0x0000002ce6300000,0x0000002ce6400000)]
  0x0000021b30417000 JavaThread "Execution worker for ':' Thread 3" [_thread_blocked, id=17252, stack(0x0000002ce6400000,0x0000002ce6500000)]
  0x0000021b30415800 JavaThread "Execution worker for ':' Thread 4" [_thread_blocked, id=33156, stack(0x0000002ce6500000,0x0000002ce6600000)]
  0x0000021b3041a000 JavaThread "Execution worker for ':' Thread 5" [_thread_blocked, id=2720, stack(0x0000002ce6600000,0x0000002ce6700000)]
  0x0000021b30414800 JavaThread "Execution worker for ':' Thread 6" [_thread_blocked, id=31756, stack(0x0000002ce6700000,0x0000002ce6800000)]
  0x0000021b3041c000 JavaThread "Execution worker for ':' Thread 7" [_thread_blocked, id=34224, stack(0x0000002ce6800000,0x0000002ce6900000)]
  0x0000021b3041e000 JavaThread "Cache worker for execution history cache (C:\Users\onyedikachi.akachukw\AndroidStudioProjects\RickandMortyApi\.gradle\7.2\executionHistory)" [_thread_blocked, id=30520, stack(0x0000002ce6900000,0x0000002ce6a00000)]
  0x0000021b3041d800 JavaThread "WorkerExecutor Queue" [_thread_in_native, id=26236, stack(0x0000002ce6a00000,0x0000002ce6b00000)]
  0x0000021b3041b000 JavaThread "RMI Scheduler(0)" daemon [_thread_blocked, id=15228, stack(0x0000002ce6d00000,0x0000002ce6e00000)]
  0x0000021b30422800 JavaThread "RMI GC Daemon" daemon [_thread_blocked, id=32988, stack(0x0000002ce6f00000,0x0000002ce7000000)]
  0x0000021b3041f000 JavaThread "RMI TCP Accept-0" daemon [_thread_in_native, id=23964, stack(0x0000002ce7000000,0x0000002ce7100000)]
  0x0000021b3041c800 JavaThread "RMI Reaper" [_thread_blocked, id=28420, stack(0x0000002ce7100000,0x0000002ce7200000)]
  0x0000021b30420000 JavaThread "RMI TCP Connection(1)-127.0.0.1" daemon [_thread_in_native, id=21644, stack(0x0000002ce7200000,0x0000002ce7300000)]
  0x0000021b30420800 JavaThread "WorkerExecutor Queue Thread 2" [_thread_blocked, id=34296, stack(0x0000002cdd500000,0x0000002cdd600000)]

Other Threads:
  0x0000021b28eba800 VMThread "VM Thread" [stack: 0x0000002cdde00000,0x0000002cddf00000] [id=15516]
  0x0000021b299c2000 WatcherThread [stack: 0x0000002cde800000,0x0000002cde900000] [id=32956]
  0x0000021b0ea56000 GCTaskThread "GC Thread#0" [stack: 0x0000002cdd900000,0x0000002cdda00000] [id=18592]
  0x0000021b2a3f0800 GCTaskThread "GC Thread#1" [stack: 0x0000002cde900000,0x0000002cdea00000] [id=4128]
  0x0000021b2a52a800 GCTaskThread "GC Thread#2" [stack: 0x0000002cdea00000,0x0000002cdeb00000] [id=9692]
  0x0000021b2afdd000 GCTaskThread "GC Thread#3" [stack: 0x0000002cdf500000,0x0000002cdf600000] [id=20396]
  0x0000021b2b09c000 GCTaskThread "GC Thread#4" [stack: 0x0000002cdf600000,0x0000002cdf700000] [id=11024]
  0x0000021b2b322000 GCTaskThread "GC Thread#5" [stack: 0x0000002cdf700000,0x0000002cdf800000] [id=21888]
  0x0000021b2b325000 GCTaskThread "GC Thread#6" [stack: 0x0000002cdf800000,0x0000002cdf900000] [id=34484]
  0x0000021b2b325800 GCTaskThread "GC Thread#7" [stack: 0x0000002cdf900000,0x0000002cdfa00000] [id=17232]
  0x0000021b0ea88000 ConcurrentGCThread "G1 Main Marker" [stack: 0x0000002cdda00000,0x0000002cddb00000] [id=24800]
  0x0000021b0ea89800 ConcurrentGCThread "G1 Conc#0" [stack: 0x0000002cddb00000,0x0000002cddc00000] [id=18760]
  0x0000021b2a53a800 ConcurrentGCThread "G1 Conc#1" [stack: 0x0000002cdfd00000,0x0000002cdfe00000] [id=7288]
  0x0000021b28d10800 ConcurrentGCThread "G1 Refine#0" [stack: 0x0000002cddc00000,0x0000002cddd00000] [id=30904]
  0x0000021b28d11800 ConcurrentGCThread "G1 Young RemSet Sampling" [stack: 0x0000002cddd00000,0x0000002cdde00000] [id=23436]

Threads with active compile tasks:
C2 CompilerThread0  74118 12673   !   4       java.nio.file.FileTreeWalker::visit (204 bytes)

VM state:not at safepoint (normal execution)

VM Mutex/Monitor currently owned by a thread: None

Heap address: 0x0000000080000000, size: 2048 MB, Compressed Oops mode: 32-bit
Narrow klass base: 0x0000000000000000, Narrow klass shift: 3
Compressed class space size: 1073741824 Address: 0x0000000100000000

Heap:
 garbage-first heap   total 187392K, used 132381K [0x0000000080000000, 0x0000000100000000)
  region size 1024K, 18 young (18432K), 2 survivors (2048K)
 Metaspace       used 105183K, capacity 107909K, committed 108244K, reserved 1142784K
  class space    used 13395K, capacity 14376K, committed 14464K, reserved 1048576K
Heap Regions: E=young(eden), S=young(survivor), O=old, HS=humongous(starts), HC=humongous(continues), CS=collection set, F=free, A=archive, TAMS=top-at-mark-start (previous, next)
|   0|0x0000000080000000, 0x0000000080100000, 0x0000000080100000|100%| O|  |TAMS 0x0000000080100000, 0x0000000080000000| Untracked 
|   1|0x0000000080100000, 0x0000000080200000, 0x0000000080200000|100%| O|  |TAMS 0x0000000080200000, 0x0000000080100000| Untracked 
|   2|0x0000000080200000, 0x0000000080300000, 0x0000000080300000|100%| O|  |TAMS 0x0000000080300000, 0x0000000080200000| Untracked 
|   3|0x0000000080300000, 0x0000000080400000, 0x0000000080400000|100%|HS|  |TAMS 0x0000000080400000, 0x0000000080300000| Complete 
|   4|0x0000000080400000, 0x0000000080500000, 0x0000000080500000|100%|HC|  |TAMS 0x0000000080500000, 0x0000000080400000| Complete 
|   5|0x0000000080500000, 0x0000000080600000, 0x0000000080600000|100%|HC|  |TAMS 0x0000000080600000, 0x0000000080500000| Complete 
|   6|0x0000000080600000, 0x0000000080700000, 0x0000000080700000|100%| O|  |TAMS 0x0000000080700000, 0x0000000080600000| Untracked 
|   7|0x0000000080700000, 0x0000000080800000, 0x0000000080800000|100%| O|  |TAMS 0x0000000080800000, 0x0000000080700000| Untracked 
|   8|0x0000000080800000, 0x0000000080900000, 0x0000000080900000|100%| O|  |TAMS 0x0000000080900000, 0x0000000080800000| Untracked 
|   9|0x0000000080900000, 0x0000000080a00000, 0x0000000080a00000|100%| O|  |TAMS 0x0000000080a00000, 0x0000000080900000| Untracked 
|  10|0x0000000080a00000, 0x0000000080b00000, 0x0000000080b00000|100%| O|  |TAMS 0x0000000080b00000, 0x0000000080a00000| Untracked 
|  11|0x0000000080b00000, 0x0000000080c00000, 0x0000000080c00000|100%| O|  |TAMS 0x0000000080c00000, 0x0000000080b00000| Untracked 
|  12|0x0000000080c00000, 0x0000000080d00000, 0x0000000080d00000|100%| O|  |TAMS 0x0000000080d00000, 0x0000000080c00000| Untracked 
|  13|0x0000000080d00000, 0x0000000080e00000, 0x0000000080e00000|100%| O|  |TAMS 0x0000000080e00000, 0x0000000080d00000| Untracked 
|  14|0x0000000080e00000, 0x0000000080f00000, 0x0000000080f00000|100%| O|  |TAMS 0x0000000080f00000, 0x0000000080e00000| Untracked 
|  15|0x0000000080f00000, 0x0000000081000000, 0x0000000081000000|100%| O|  |TAMS 0x0000000081000000, 0x0000000080f00000| Untracked 
|  16|0x0000000081000000, 0x0000000081100000, 0x0000000081100000|100%| O|  |TAMS 0x0000000081100000, 0x0000000081000000| Untracked 
|  17|0x0000000081100000, 0x0000000081200000, 0x0000000081200000|100%| O|  |TAMS 0x0000000081200000, 0x0000000081100000| Untracked 
|  18|0x0000000081200000, 0x0000000081300000, 0x0000000081300000|100%| O|  |TAMS 0x0000000081300000, 0x0000000081200000| Untracked 
|  19|0x0000000081300000, 0x0000000081400000, 0x0000000081400000|100%| O|  |TAMS 0x0000000081400000, 0x0000000081300000| Untracked 
|  20|0x0000000081400000, 0x0000000081500000, 0x0000000081500000|100%| O|  |TAMS 0x0000000081500000, 0x0000000081400000| Untracked 
|  21|0x0000000081500000, 0x0000000081600000, 0x0000000081600000|100%| O|  |TAMS 0x0000000081600000, 0x0000000081500000| Untracked 
|  22|0x0000000081600000, 0x0000000081700000, 0x0000000081700000|100%| O|  |TAMS 0x0000000081700000, 0x0000000081600000| Untracked 
|  23|0x0000000081700000, 0x0000000081800000, 0x0000000081800000|100%| O|  |TAMS 0x0000000081800000, 0x0000000081700000| Untracked 
|  24|0x0000000081800000, 0x0000000081900000, 0x0000000081900000|100%| O|  |TAMS 0x0000000081900000, 0x0000000081800000| Untracked 
|  25|0x0000000081900000, 0x0000000081900000, 0x0000000081a00000|  0%| F|  |TAMS 0x0000000081900000, 0x0000000081900000| Untracked 
|  26|0x0000000081a00000, 0x0000000081b00000, 0x0000000081b00000|100%| O|  |TAMS 0x0000000081b00000, 0x0000000081a00000| Untracked 
|  27|0x0000000081b00000, 0x0000000081c00000, 0x0000000081c00000|100%|HS|  |TAMS 0x0000000081c00000, 0x0000000081b00000| Complete 
|  28|0x0000000081c00000, 0x0000000081d00000, 0x0000000081d00000|100%|HS|  |TAMS 0x0000000081d00000, 0x0000000081c00000| Complete 
|  29|0x0000000081d00000, 0x0000000081e00000, 0x0000000081e00000|100%|HS|  |TAMS 0x0000000081e00000, 0x0000000081d00000| Complete 
|  30|0x0000000081e00000, 0x0000000081f00000, 0x0000000081f00000|100%|HS|  |TAMS 0x0000000081f00000, 0x0000000081e00000| Complete 
|  31|0x0000000081f00000, 0x0000000082000000, 0x0000000082000000|100%|HS|  |TAMS 0x0000000082000000, 0x0000000081f00000| Complete 
|  32|0x0000000082000000, 0x0000000082100000, 0x0000000082100000|100%|HC|  |TAMS 0x0000000082100000, 0x0000000082000000| Complete 
|  33|0x0000000082100000, 0x0000000082200000, 0x0000000082200000|100%|HC|  |TAMS 0x0000000082200000, 0x0000000082100000| Complete 
|  34|0x0000000082200000, 0x0000000082300000, 0x0000000082300000|100%|HS|  |TAMS 0x0000000082300000, 0x0000000082200000| Complete 
|  35|0x0000000082300000, 0x0000000082400000, 0x0000000082400000|100%|HC|  |TAMS 0x0000000082400000, 0x0000000082300000| Complete 
|  36|0x0000000082400000, 0x0000000082500000, 0x0000000082500000|100%| O|  |TAMS 0x0000000082500000, 0x0000000082400000| Untracked 
|  37|0x0000000082500000, 0x0000000082600000, 0x0000000082600000|100%| O|  |TAMS 0x0000000082600000, 0x0000000082500000| Untracked 
|  38|0x0000000082600000, 0x0000000082700000, 0x0000000082700000|100%| O|  |TAMS 0x0000000082700000, 0x0000000082600000| Untracked 
|  39|0x0000000082700000, 0x0000000082700000, 0x0000000082800000|  0%| F|  |TAMS 0x0000000082700000, 0x0000000082700000| Untracked 
|  40|0x0000000082800000, 0x0000000082900000, 0x0000000082900000|100%| O|  |TAMS 0x0000000082900000, 0x0000000082800000| Untracked 
|  41|0x0000000082900000, 0x0000000082a00000, 0x0000000082a00000|100%| O|  |TAMS 0x0000000082a00000, 0x0000000082900000| Untracked 
|  42|0x0000000082a00000, 0x0000000082a00000, 0x0000000082b00000|  0%| F|  |TAMS 0x0000000082a00000, 0x0000000082a00000| Untracked 
|  43|0x0000000082b00000, 0x0000000082c00000, 0x0000000082c00000|100%| O|  |TAMS 0x0000000082c00000, 0x0000000082b00000| Untracked 
|  44|0x0000000082c00000, 0x0000000082d00000, 0x0000000082d00000|100%| O|  |TAMS 0x0000000082d00000, 0x0000000082c00000| Untracked 
|  45|0x0000000082d00000, 0x0000000082e00000, 0x0000000082e00000|100%| O|  |TAMS 0x0000000082e00000, 0x0000000082d00000| Untracked 
|  46|0x0000000082e00000, 0x0000000082f00000, 0x0000000082f00000|100%| O|  |TAMS 0x0000000082f00000, 0x0000000082e00000| Untracked 
|  47|0x0000000082f00000, 0x0000000083000000, 0x0000000083000000|100%| O|  |TAMS 0x0000000083000000, 0x0000000082f00000| Untracked 
|  48|0x0000000083000000, 0x0000000083100000, 0x0000000083100000|100%| O|  |TAMS 0x0000000083100000, 0x0000000083000000| Untracked 
|  49|0x0000000083100000, 0x0000000083200000, 0x0000000083200000|100%| O|  |TAMS 0x0000000083200000, 0x0000000083100000| Untracked 
|  50|0x0000000083200000, 0x0000000083300000, 0x0000000083300000|100%| O|  |TAMS 0x0000000083300000, 0x0000000083200000| Untracked 
|  51|0x0000000083300000, 0x0000000083400000, 0x0000000083400000|100%| O|  |TAMS 0x0000000083400000, 0x0000000083300000| Untracked 
|  52|0x0000000083400000, 0x0000000083500000, 0x0000000083500000|100%| O|  |TAMS 0x0000000083500000, 0x0000000083400000| Untracked 
|  53|0x0000000083500000, 0x0000000083600000, 0x0000000083600000|100%| O|  |TAMS 0x0000000083600000, 0x0000000083500000| Untracked 
|  54|0x0000000083600000, 0x0000000083700000, 0x0000000083700000|100%| O|  |TAMS 0x0000000083700000, 0x0000000083600000| Untracked 
|  55|0x0000000083700000, 0x0000000083800000, 0x0000000083800000|100%| O|  |TAMS 0x0000000083800000, 0x0000000083700000| Untracked 
|  56|0x0000000083800000, 0x0000000083900000, 0x0000000083900000|100%| O|  |TAMS 0x0000000083900000, 0x0000000083800000| Untracked 
|  57|0x0000000083900000, 0x0000000083a00000, 0x0000000083a00000|100%| O|  |TAMS 0x0000000083a00000, 0x0000000083900000| Untracked 
|  58|0x0000000083a00000, 0x0000000083b00000, 0x0000000083b00000|100%| O|  |TAMS 0x0000000083b00000, 0x0000000083a00000| Untracked 
|  59|0x0000000083b00000, 0x0000000083c00000, 0x0000000083c00000|100%| O|  |TAMS 0x0000000083c00000, 0x0000000083b00000| Untracked 
|  60|0x0000000083c00000, 0x0000000083d00000, 0x0000000083d00000|100%| O|  |TAMS 0x0000000083d00000, 0x0000000083c00000| Untracked 
|  61|0x0000000083d00000, 0x0000000083e00000, 0x0000000083e00000|100%| O|  |TAMS 0x0000000083e00000, 0x0000000083d00000| Untracked 
|  62|0x0000000083e00000, 0x0000000083f00000, 0x0000000083f00000|100%| O|  |TAMS 0x0000000083f00000, 0x0000000083e00000| Untracked 
|  63|0x0000000083f00000, 0x0000000084000000, 0x0000000084000000|100%| O|  |TAMS 0x0000000084000000, 0x0000000083f00000| Untracked 
|  64|0x0000000084000000, 0x0000000084100000, 0x0000000084100000|100%| O|  |TAMS 0x0000000084100000, 0x0000000084000000| Untracked 
|  65|0x0000000084100000, 0x0000000084200000, 0x0000000084200000|100%| O|  |TAMS 0x0000000084200000, 0x0000000084100000| Untracked 
|  66|0x0000000084200000, 0x0000000084300000, 0x0000000084300000|100%| O|  |TAMS 0x0000000084300000, 0x0000000084200000| Untracked 
|  67|0x0000000084300000, 0x0000000084400000, 0x0000000084400000|100%| O|  |TAMS 0x0000000084400000, 0x0000000084300000| Untracked 
|  68|0x0000000084400000, 0x0000000084500000, 0x0000000084500000|100%| O|  |TAMS 0x0000000084500000, 0x0000000084400000| Untracked 
|  69|0x0000000084500000, 0x0000000084600000, 0x0000000084600000|100%| O|  |TAMS 0x0000000084600000, 0x0000000084500000| Untracked 
|  70|0x0000000084600000, 0x0000000084700000, 0x0000000084700000|100%| O|  |TAMS 0x0000000084700000, 0x0000000084600000| Untracked 
|  71|0x0000000084700000, 0x0000000084800000, 0x0000000084800000|100%| O|  |TAMS 0x0000000084800000, 0x0000000084700000| Untracked 
|  72|0x0000000084800000, 0x0000000084900000, 0x0000000084900000|100%| O|  |TAMS 0x0000000084900000, 0x0000000084800000| Untracked 
|  73|0x0000000084900000, 0x0000000084a00000, 0x0000000084a00000|100%| O|  |TAMS 0x0000000084900000, 0x0000000084900000| Untracked 
|  74|0x0000000084a00000, 0x0000000084b00000, 0x0000000084b00000|100%| O|  |TAMS 0x0000000084b00000, 0x0000000084a00000| Untracked 
|  75|0x0000000084b00000, 0x0000000084c00000, 0x0000000084c00000|100%| O|  |TAMS 0x0000000084c00000, 0x0000000084b00000| Untracked 
|  76|0x0000000084c00000, 0x0000000084d00000, 0x0000000084d00000|100%| O|  |TAMS 0x0000000084d00000, 0x0000000084c00000| Untracked 
|  77|0x0000000084d00000, 0x0000000084e00000, 0x0000000084e00000|100%| O|  |TAMS 0x0000000084e00000, 0x0000000084d00000| Untracked 
|  78|0x0000000084e00000, 0x0000000084f00000, 0x0000000084f00000|100%| O|  |TAMS 0x0000000084f00000, 0x0000000084e00000| Untracked 
|  79|0x0000000084f00000, 0x0000000085000000, 0x0000000085000000|100%| O|  |TAMS 0x0000000085000000, 0x0000000084f00000| Untracked 
|  80|0x0000000085000000, 0x0000000085100000, 0x0000000085100000|100%| O|  |TAMS 0x0000000085100000, 0x0000000085000000| Untracked 
|  81|0x0000000085100000, 0x0000000085100000, 0x0000000085200000|  0%| F|  |TAMS 0x0000000085100000, 0x0000000085100000| Untracked 
|  82|0x0000000085200000, 0x0000000085300000, 0x0000000085300000|100%| O|  |TAMS 0x0000000085300000, 0x0000000085200000| Untracked 
|  83|0x0000000085300000, 0x0000000085400000, 0x0000000085400000|100%| O|  |TAMS 0x0000000085400000, 0x0000000085300000| Untracked 
|  84|0x0000000085400000, 0x0000000085500000, 0x0000000085500000|100%| O|  |TAMS 0x0000000085500000, 0x0000000085400000| Untracked 
|  85|0x0000000085500000, 0x0000000085600000, 0x0000000085600000|100%| O|  |TAMS 0x0000000085600000, 0x0000000085500000| Untracked 
|  86|0x0000000085600000, 0x0000000085700000, 0x0000000085700000|100%| O|  |TAMS 0x0000000085700000, 0x0000000085600000| Untracked 
|  87|0x0000000085700000, 0x0000000085800000, 0x0000000085800000|100%| O|  |TAMS 0x0000000085800000, 0x0000000085700000| Untracked 
|  88|0x0000000085800000, 0x0000000085800000, 0x0000000085900000|  0%| F|  |TAMS 0x0000000085800000, 0x0000000085800000| Untracked 
|  89|0x0000000085900000, 0x0000000085a00000, 0x0000000085a00000|100%| O|  |TAMS 0x0000000085900000, 0x0000000085900000| Untracked 
|  90|0x0000000085a00000, 0x0000000085b00000, 0x0000000085b00000|100%| O|  |TAMS 0x0000000085b00000, 0x0000000085a00000| Untracked 
|  91|0x0000000085b00000, 0x0000000085c00000, 0x0000000085c00000|100%| O|  |TAMS 0x0000000085b00000, 0x0000000085b00000| Untracked 
|  92|0x0000000085c00000, 0x0000000085d00000, 0x0000000085d00000|100%| O|  |TAMS 0x0000000085d00000, 0x0000000085c00000| Untracked 
|  93|0x0000000085d00000, 0x0000000085e00000, 0x0000000085e00000|100%| O|  |TAMS 0x0000000085e00000, 0x0000000085d00000| Untracked 
|  94|0x0000000085e00000, 0x0000000085f00000, 0x0000000085f00000|100%| O|  |TAMS 0x0000000085f00000, 0x0000000085e00000| Untracked 
|  95|0x0000000085f00000, 0x0000000086000000, 0x0000000086000000|100%| O|  |TAMS 0x0000000086000000, 0x0000000085f00000| Untracked 
|  96|0x0000000086000000, 0x0000000086100000, 0x0000000086100000|100%| O|  |TAMS 0x0000000086100000, 0x0000000086000000| Untracked 
|  97|0x0000000086100000, 0x0000000086200000, 0x0000000086200000|100%| O|  |TAMS 0x0000000086200000, 0x0000000086100000| Untracked 
|  98|0x0000000086200000, 0x0000000086300000, 0x0000000086300000|100%| O|  |TAMS 0x0000000086300000, 0x0000000086200000| Untracked 
|  99|0x0000000086300000, 0x0000000086400000, 0x0000000086400000|100%| O|  |TAMS 0x0000000086400000, 0x0000000086300000| Untracked 
| 100|0x0000000086400000, 0x0000000086500000, 0x0000000086500000|100%| O|  |TAMS 0x0000000086500000, 0x0000000086400000| Untracked 
| 101|0x0000000086500000, 0x0000000086600000, 0x0000000086600000|100%| O|  |TAMS 0x0000000086600000, 0x0000000086500000| Untracked 
| 102|0x0000000086600000, 0x0000000086700000, 0x0000000086700000|100%| O|  |TAMS 0x0000000086700000, 0x0000000086600000| Untracked 
| 103|0x0000000086700000, 0x0000000086800000, 0x0000000086800000|100%| O|  |TAMS 0x0000000086800000, 0x0000000086700000| Untracked 
| 104|0x0000000086800000, 0x0000000086900000, 0x0000000086900000|100%| O|  |TAMS 0x0000000086900000, 0x0000000086800000| Untracked 
| 105|0x0000000086900000, 0x0000000086a00000, 0x0000000086a00000|100%| O|  |TAMS 0x0000000086a00000, 0x0000000086900000| Untracked 
| 106|0x0000000086a00000, 0x0000000086a00000, 0x0000000086b00000|  0%| F|  |TAMS 0x0000000086a00000, 0x0000000086a00000| Untracked 
| 107|0x0000000086b00000, 0x0000000086b00000, 0x0000000086c00000|  0%| F|  |TAMS 0x0000000086b00000, 0x0000000086b00000| Untracked 
| 108|0x0000000086c00000, 0x0000000086c00000, 0x0000000086d00000|  0%| F|  |TAMS 0x0000000086c00000, 0x0000000086c00000| Untracked 
| 109|0x0000000086d00000, 0x0000000086e00000, 0x0000000086e00000|100%| O|  |TAMS 0x0000000086e00000, 0x0000000086d00000| Untracked 
| 110|0x0000000086e00000, 0x0000000086f00000, 0x0000000086f00000|100%| O|  |TAMS 0x0000000086f00000, 0x0000000086e00000| Untracked 
| 111|0x0000000086f00000, 0x0000000087000000, 0x0000000087000000|100%| O|  |TAMS 0x0000000087000000, 0x0000000086f00000| Untracked 
| 112|0x0000000087000000, 0x0000000087100000, 0x0000000087100000|100%| O|  |TAMS 0x0000000087100000, 0x0000000087000000| Untracked 
| 113|0x0000000087100000, 0x0000000087200000, 0x0000000087200000|100%| O|  |TAMS 0x0000000087200000, 0x0000000087100000| Untracked 
| 114|0x0000000087200000, 0x0000000087200000, 0x0000000087300000|  0%| F|  |TAMS 0x0000000087200000, 0x0000000087200000| Untracked 
| 115|0x0000000087300000, 0x0000000087300000, 0x0000000087400000|  0%| F|  |TAMS 0x0000000087300000, 0x0000000087300000| Untracked 
| 116|0x0000000087400000, 0x0000000087400000, 0x0000000087500000|  0%| F|  |TAMS 0x0000000087400000, 0x0000000087400000| Untracked 
| 117|0x0000000087500000, 0x0000000087600000, 0x0000000087600000|100%| O|  |TAMS 0x00000000875bb400, 0x0000000087500000| Untracked 
| 118|0x0000000087600000, 0x0000000087700000, 0x0000000087700000|100%|HS|  |TAMS 0x0000000087600000, 0x0000000087600000| Complete 
| 119|0x0000000087700000, 0x0000000087800000, 0x0000000087800000|100%|HC|  |TAMS 0x0000000087700000, 0x0000000087700000| Complete 
| 120|0x0000000087800000, 0x0000000087900000, 0x0000000087900000|100%|HC|  |TAMS 0x0000000087800000, 0x0000000087800000| Complete 
| 121|0x0000000087900000, 0x0000000087900000, 0x0000000087a00000|  0%| F|  |TAMS 0x0000000087900000, 0x0000000087900000| Untracked 
| 122|0x0000000087a00000, 0x0000000087a00000, 0x0000000087b00000|  0%| F|  |TAMS 0x0000000087a00000, 0x0000000087a00000| Untracked 
| 123|0x0000000087b00000, 0x0000000087c00000, 0x0000000087c00000|100%| O|  |TAMS 0x0000000087b00000, 0x0000000087b00000| Untracked 
| 124|0x0000000087c00000, 0x0000000087d00000, 0x0000000087d00000|100%| O|  |TAMS 0x0000000087c00000, 0x0000000087c00000| Untracked 
| 125|0x0000000087d00000, 0x0000000087e00000, 0x0000000087e00000|100%| O|  |TAMS 0x0000000087d00000, 0x0000000087d00000| Untracked 
| 126|0x0000000087e00000, 0x0000000087e1fa00, 0x0000000087f00000| 12%| O|  |TAMS 0x0000000087e00000, 0x0000000087e00000| Untracked 
| 127|0x0000000087f00000, 0x0000000087f00000, 0x0000000088000000|  0%| F|  |TAMS 0x0000000087f00000, 0x0000000087f00000| Untracked 
| 128|0x0000000088000000, 0x0000000088000000, 0x0000000088100000|  0%| F|  |TAMS 0x0000000088000000, 0x0000000088000000| Untracked 
| 129|0x0000000088100000, 0x0000000088100000, 0x0000000088200000|  0%| F|  |TAMS 0x0000000088100000, 0x0000000088100000| Untracked 
| 130|0x0000000088200000, 0x0000000088200000, 0x0000000088300000|  0%| F|  |TAMS 0x0000000088200000, 0x0000000088200000| Untracked 
| 131|0x0000000088300000, 0x0000000088300000, 0x0000000088400000|  0%| F|  |TAMS 0x0000000088300000, 0x0000000088300000| Untracked 
| 132|0x0000000088400000, 0x0000000088400000, 0x0000000088500000|  0%| F|  |TAMS 0x0000000088400000, 0x0000000088400000| Untracked 
| 133|0x0000000088500000, 0x0000000088500000, 0x0000000088600000|  0%| F|  |TAMS 0x0000000088500000, 0x0000000088500000| Untracked 
| 134|0x0000000088600000, 0x0000000088600000, 0x0000000088700000|  0%| F|  |TAMS 0x0000000088600000, 0x0000000088600000| Untracked 
| 135|0x0000000088700000, 0x0000000088700000, 0x0000000088800000|  0%| F|  |TAMS 0x0000000088700000, 0x0000000088700000| Untracked 
| 136|0x0000000088800000, 0x0000000088800000, 0x0000000088900000|  0%| F|  |TAMS 0x0000000088800000, 0x0000000088800000| Untracked 
| 137|0x0000000088900000, 0x0000000088900000, 0x0000000088a00000|  0%| F|  |TAMS 0x0000000088900000, 0x0000000088900000| Untracked 
| 138|0x0000000088a00000, 0x0000000088a00000, 0x0000000088b00000|  0%| F|  |TAMS 0x0000000088a00000, 0x0000000088a00000| Untracked 
| 139|0x0000000088b00000, 0x0000000088b00000, 0x0000000088c00000|  0%| F|  |TAMS 0x0000000088b00000, 0x0000000088b00000| Untracked 
| 140|0x0000000088c00000, 0x0000000088c00000, 0x0000000088d00000|  0%| F|  |TAMS 0x0000000088c00000, 0x0000000088c00000| Untracked 
| 141|0x0000000088d00000, 0x0000000088d00000, 0x0000000088e00000|  0%| F|  |TAMS 0x0000000088d00000, 0x0000000088d00000| Untracked 
| 142|0x0000000088e00000, 0x0000000088e00000, 0x0000000088f00000|  0%| F|  |TAMS 0x0000000088e00000, 0x0000000088e00000| Untracked 
| 143|0x0000000088f00000, 0x0000000088f00000, 0x0000000089000000|  0%| F|  |TAMS 0x0000000088f00000, 0x0000000088f00000| Untracked 
| 144|0x0000000089000000, 0x0000000089000000, 0x0000000089100000|  0%| F|  |TAMS 0x0000000089000000, 0x0000000089000000| Untracked 
| 145|0x0000000089100000, 0x0000000089100000, 0x0000000089200000|  0%| F|  |TAMS 0x0000000089100000, 0x0000000089100000| Untracked 
| 146|0x0000000089200000, 0x0000000089200000, 0x0000000089300000|  0%| F|  |TAMS 0x0000000089200000, 0x0000000089200000| Untracked 
| 147|0x0000000089300000, 0x0000000089300000, 0x0000000089400000|  0%| F|  |TAMS 0x0000000089300000, 0x0000000089300000| Untracked 
| 148|0x0000000089400000, 0x0000000089400000, 0x0000000089500000|  0%| F|  |TAMS 0x0000000089400000, 0x0000000089400000| Untracked 
| 149|0x0000000089500000, 0x0000000089500000, 0x0000000089600000|  0%| F|  |TAMS 0x0000000089500000, 0x0000000089500000| Untracked 
| 150|0x0000000089600000, 0x0000000089600000, 0x0000000089700000|  0%| F|  |TAMS 0x0000000089600000, 0x0000000089600000| Untracked 
| 151|0x0000000089700000, 0x0000000089700000, 0x0000000089800000|  0%| F|  |TAMS 0x0000000089700000, 0x0000000089700000| Untracked 
| 152|0x0000000089800000, 0x0000000089800000, 0x0000000089900000|  0%| F|  |TAMS 0x0000000089800000, 0x0000000089800000| Untracked 
| 153|0x0000000089900000, 0x0000000089900000, 0x0000000089a00000|  0%| F|  |TAMS 0x0000000089900000, 0x0000000089900000| Untracked 
| 154|0x0000000089a00000, 0x0000000089a00000, 0x0000000089b00000|  0%| F|  |TAMS 0x0000000089a00000, 0x0000000089a00000| Untracked 
| 155|0x0000000089b00000, 0x0000000089b00000, 0x0000000089c00000|  0%| F|  |TAMS 0x0000000089b00000, 0x0000000089b00000| Untracked 
| 156|0x0000000089c00000, 0x0000000089c00000, 0x0000000089d00000|  0%| F|  |TAMS 0x0000000089c00000, 0x0000000089c00000| Untracked 
| 157|0x0000000089d00000, 0x0000000089d00000, 0x0000000089e00000|  0%| F|  |TAMS 0x0000000089d00000, 0x0000000089d00000| Untracked 
| 158|0x0000000089e00000, 0x0000000089e00000, 0x0000000089f00000|  0%| F|  |TAMS 0x0000000089e00000, 0x0000000089e00000| Untracked 
| 159|0x0000000089f00000, 0x0000000089f00000, 0x000000008a000000|  0%| F|  |TAMS 0x0000000089f00000, 0x0000000089f00000| Untracked 
| 160|0x000000008a000000, 0x000000008a000000, 0x000000008a100000|  0%| F|  |TAMS 0x000000008a000000, 0x000000008a000000| Untracked 
| 161|0x000000008a100000, 0x000000008a100000, 0x000000008a200000|  0%| F|  |TAMS 0x000000008a100000, 0x000000008a100000| Untracked 
| 162|0x000000008a200000, 0x000000008a200000, 0x000000008a300000|  0%| F|  |TAMS 0x000000008a200000, 0x000000008a200000| Untracked 
| 163|0x000000008a300000, 0x000000008a300000, 0x000000008a400000|  0%| F|  |TAMS 0x000000008a300000, 0x000000008a300000| Untracked 
| 164|0x000000008a400000, 0x000000008a400000, 0x000000008a500000|  0%| F|  |TAMS 0x000000008a400000, 0x000000008a400000| Untracked 
| 165|0x000000008a500000, 0x000000008a600000, 0x000000008a600000|100%| E|  |TAMS 0x000000008a500000, 0x000000008a500000| Complete 
| 166|0x000000008a600000, 0x000000008a700000, 0x000000008a700000|100%| E|CS|TAMS 0x000000008a600000, 0x000000008a600000| Complete 
| 167|0x000000008a700000, 0x000000008a800000, 0x000000008a800000|100%| E|CS|TAMS 0x000000008a700000, 0x000000008a700000| Complete 
| 168|0x000000008a800000, 0x000000008a900000, 0x000000008a900000|100%| E|CS|TAMS 0x000000008a800000, 0x000000008a800000| Complete 
| 169|0x000000008a900000, 0x000000008aa00000, 0x000000008aa00000|100%| E|CS|TAMS 0x000000008a900000, 0x000000008a900000| Complete 
| 170|0x000000008aa00000, 0x000000008ab00000, 0x000000008ab00000|100%| E|CS|TAMS 0x000000008aa00000, 0x000000008aa00000| Complete 
| 171|0x000000008ab00000, 0x000000008ac00000, 0x000000008ac00000|100%| E|CS|TAMS 0x000000008ab00000, 0x000000008ab00000| Complete 
| 172|0x000000008ac00000, 0x000000008ad00000, 0x000000008ad00000|100%| E|CS|TAMS 0x000000008ac00000, 0x000000008ac00000| Complete 
| 173|0x000000008ad00000, 0x000000008ae00000, 0x000000008ae00000|100%| E|CS|TAMS 0x000000008ad00000, 0x000000008ad00000| Complete 
| 174|0x000000008ae00000, 0x000000008af00000, 0x000000008af00000|100%| E|CS|TAMS 0x000000008ae00000, 0x000000008ae00000| Complete 
| 175|0x000000008af00000, 0x000000008b000000, 0x000000008b000000|100%| E|CS|TAMS 0x000000008af00000, 0x000000008af00000| Complete 
| 176|0x000000008b000000, 0x000000008b027b40, 0x000000008b100000| 15%| S|CS|TAMS 0x000000008b000000, 0x000000008b000000| Complete 
| 177|0x000000008b100000, 0x000000008b200000, 0x000000008b200000|100%| S|CS|TAMS 0x000000008b100000, 0x000000008b100000| Complete 
| 178|0x000000008b200000, 0x000000008b300000, 0x000000008b300000|100%| E|CS|TAMS 0x000000008b200000, 0x000000008b200000| Complete 
| 179|0x000000008b300000, 0x000000008b400000, 0x000000008b400000|100%| E|CS|TAMS 0x000000008b300000, 0x000000008b300000| Complete 
| 180|0x000000008b400000, 0x000000008b500000, 0x000000008b500000|100%| E|CS|TAMS 0x000000008b400000, 0x000000008b400000| Complete 
| 181|0x000000008b500000, 0x000000008b600000, 0x000000008b600000|100%| E|CS|TAMS 0x000000008b500000, 0x000000008b500000| Complete 
| 182|0x000000008b600000, 0x000000008b700000, 0x000000008b700000|100%| E|CS|TAMS 0x000000008b600000, 0x000000008b600000| Complete 

Card table byte_map: [0x0000021b21c80000,0x0000021b22080000] _byte_map_base: 0x0000021b21880000

Marking Bits (Prev, Next): (CMBitMap*) 0x0000021b0ea7e2e0, (CMBitMap*) 0x0000021b0ea7e2a8
 Prev Bits: [0x0000021b24480000, 0x0000021b26480000)
 Next Bits: [0x0000021b22480000, 0x0000021b24480000)

Polling page: 0x0000021b0c980000

Metaspace:

Usage:
  Non-class:     91.34 MB capacity,    89.64 MB ( 98%) used,     1.41 MB (  2%) free+waste,   298.44 KB ( <1%) overhead. 
      Class:     14.04 MB capacity,    13.08 MB ( 93%) used,   847.01 KB (  6%) free+waste,   133.06 KB ( <1%) overhead. 
       Both:    105.38 MB capacity,   102.72 MB ( 97%) used,     2.24 MB (  2%) free+waste,   431.50 KB ( <1%) overhead. 

Virtual space:
  Non-class space:       92.00 MB reserved,      91.58 MB (>99%) committed 
      Class space:        1.00 GB reserved,      14.13 MB (  1%) committed 
             Both:        1.09 GB reserved,     105.71 MB (  9%) committed 

Chunk freelists:
   Non-Class:  55.00 KB
       Class:  24.00 KB
        Both:  79.00 KB

MaxMetaspaceSize: 17179869184.00 GB
CompressedClassSpaceSize: 1.00 GB

CodeHeap 'non-profiled nmethods': size=120000Kb used=5360Kb max_used=5360Kb free=114639Kb
 bounds [0x0000021b1a010000, 0x0000021b1a550000, 0x0000021b21540000]
CodeHeap 'profiled nmethods': size=120000Kb used=26047Kb max_used=26047Kb free=93952Kb
 bounds [0x0000021b12ae0000, 0x0000021b14450000, 0x0000021b1a010000]
CodeHeap 'non-nmethods': size=5760Kb used=2332Kb max_used=2386Kb free=3427Kb
 bounds [0x0000021b12540000, 0x0000021b127b0000, 0x0000021b12ae0000]
 total_blobs=13324 nmethods=12369 adapters=866
 compilation: enabled
              stopped_count=0, restarted_count=0
 full_count=0

Compilation events (20 events):
Event: 73.891 Thread 0x0000021b28ef2800 12747   !   3       sun.nio.ch.NativeThreadSet::remove (50 bytes)
Event: 73.892 Thread 0x0000021b28ef2800 nmethod 12747 0x0000021b14447090 code [0x0000021b14447260, 0x0000021b144475e8]
Event: 73.934 Thread 0x0000021b28ef2800 12756       3       java.lang.CharacterDataLatin1::isJavaIdentifierStart (23 bytes)
Event: 73.934 Thread 0x0000021b28ef2800 nmethod 12756 0x0000021b14447790 code [0x0000021b14447960, 0x0000021b14447b78]
Event: 73.935 Thread 0x0000021b28ef2800 12757       3       jdk.nio.zipfs.ZipFileSystemProvider::newDirectoryStream (9 bytes)
Event: 73.936 Thread 0x0000021b28ef2800 nmethod 12757 0x0000021b14447c90 code [0x0000021b14447ea0, 0x0000021b144484c8]
Event: 73.936 Thread 0x0000021b28ef2800 12758       3       jdk.nio.zipfs.ZipPath::newDirectoryStream (10 bytes)
Event: 73.936 Thread 0x0000021b28ef2800 nmethod 12758 0x0000021b14448710 code [0x0000021b144488c0, 0x0000021b14448a68]
Event: 73.936 Thread 0x0000021b28ef2800 12759       3       jdk.nio.zipfs.ZipDirectoryStream$1::<init> (10 bytes)
Event: 73.936 Thread 0x0000021b28ef2800 nmethod 12759 0x0000021b14448b10 code [0x0000021b14448cc0, 0x0000021b14448e78]
Event: 73.937 Thread 0x0000021b28ef2800 12760  s    3       jdk.nio.zipfs.ZipDirectoryStream::close (6 bytes)
Event: 73.937 Thread 0x0000021b28ef2800 nmethod 12760 0x0000021b14448f90 code [0x0000021b14449140, 0x0000021b144493b8]
Event: 73.943 Thread 0x0000021b28ef2800 12761       3       com.sun.tools.javac.file.RelativePath::hashCode (8 bytes)
Event: 73.943 Thread 0x0000021b28ef2800 nmethod 12761 0x0000021b14449490 code [0x0000021b14449640, 0x0000021b14449768]
Event: 73.949 Thread 0x0000021b28ef2800 12762       3       jdk.nio.zipfs.ZipFileSystem$IndexNode::<init> (25 bytes)
Event: 73.949 Thread 0x0000021b28ef2800 nmethod 12762 0x0000021b14449810 code [0x0000021b144499e0, 0x0000021b14449c48]
Event: 73.949 Thread 0x0000021b28ef2800 12763       3       com.sun.tools.javac.file.JavacFileManager$ArchiveContainer$1::preVisitDirectory (10 bytes)
Event: 73.950 Thread 0x0000021b28ef2800 nmethod 12763 0x0000021b14449d90 code [0x0000021b14449f60, 0x0000021b1444a1a8]
Event: 73.950 Thread 0x0000021b28ef2800 12764       3       com.sun.tools.javac.file.JavacFileManager$ArchiveContainer$1::preVisitDirectory (60 bytes)
Event: 73.950 Thread 0x0000021b28ef2800 nmethod 12764 0x0000021b1444a290 code [0x0000021b1444a4a0, 0x0000021b1444a9f8]

GC Heap History (20 events):
Event: 23.744 GC heap before
{Heap before GC invocations=31 (full 0):
 garbage-first heap   total 155648K, used 126642K [0x0000000080000000, 0x0000000100000000)
  region size 1024K, 38 young (38912K), 5 survivors (5120K)
 Metaspace       used 87530K, capacity 89678K, committed 90196K, reserved 1128448K
  class space    used 11290K, capacity 12081K, committed 12288K, reserved 1048576K
}
Event: 23.754 GC heap after
{Heap after GC invocations=32 (full 0):
 garbage-first heap   total 187392K, used 96116K [0x0000000080000000, 0x0000000100000000)
  region size 1024K, 4 young (4096K), 4 survivors (4096K)
 Metaspace       used 87530K, capacity 89678K, committed 90196K, reserved 1128448K
  class space    used 11290K, capacity 12081K, committed 12288K, reserved 1048576K
}
Event: 24.468 GC heap before
{Heap before GC invocations=33 (full 0):
 garbage-first heap   total 187392K, used 141172K [0x0000000080000000, 0x0000000100000000)
  region size 1024K, 49 young (50176K), 4 survivors (4096K)
 Metaspace       used 90847K, capacity 92974K, committed 93396K, reserved 1130496K
  class space    used 11723K, capacity 12497K, committed 12672K, reserved 1048576K
}
Event: 24.475 GC heap after
{Heap after GC invocations=34 (full 0):
 garbage-first heap   total 187392K, used 97165K [0x0000000080000000, 0x0000000100000000)
  region size 1024K, 5 young (5120K), 5 survivors (5120K)
 Metaspace       used 90847K, capacity 92974K, committed 93396K, reserved 1130496K
  class space    used 11723K, capacity 12497K, committed 12672K, reserved 1048576K
}
Event: 26.113 GC heap before
{Heap before GC invocations=34 (full 0):
 garbage-first heap   total 187392K, used 144269K [0x0000000080000000, 0x0000000100000000)
  region size 1024K, 52 young (53248K), 5 survivors (5120K)
 Metaspace       used 93412K, capacity 95656K, committed 95956K, reserved 1132544K
  class space    used 12037K, capacity 12833K, committed 12928K, reserved 1048576K
}
Event: 26.123 GC heap after
{Heap after GC invocations=35 (full 0):
 garbage-first heap   total 187392K, used 100214K [0x0000000080000000, 0x0000000100000000)
  region size 1024K, 5 young (5120K), 5 survivors (5120K)
 Metaspace       used 93412K, capacity 95656K, committed 95956K, reserved 1132544K
  class space    used 12037K, capacity 12833K, committed 12928K, reserved 1048576K
}
Event: 26.882 GC heap before
{Heap before GC invocations=36 (full 0):
 garbage-first heap   total 187392K, used 146294K [0x0000000080000000, 0x0000000100000000)
  region size 1024K, 51 young (52224K), 5 survivors (5120K)
 Metaspace       used 94653K, capacity 96947K, committed 97108K, reserved 1134592K
  class space    used 12184K, capacity 13002K, committed 13056K, reserved 1048576K
}
Event: 26.896 GC heap after
{Heap after GC invocations=37 (full 0):
 garbage-first heap   total 187392K, used 104225K [0x0000000080000000, 0x0000000100000000)
  region size 1024K, 7 young (7168K), 7 survivors (7168K)
 Metaspace       used 94653K, capacity 96947K, committed 97108K, reserved 1134592K
  class space    used 12184K, capacity 13002K, committed 13056K, reserved 1048576K
}
Event: 53.084 GC heap before
{Heap before GC invocations=37 (full 0):
 garbage-first heap   total 187392K, used 150305K [0x0000000080000000, 0x0000000100000000)
  region size 1024K, 53 young (54272K), 7 survivors (7168K)
 Metaspace       used 95732K, capacity 98084K, committed 98388K, reserved 1134592K
  class space    used 12365K, capacity 13200K, committed 13312K, reserved 1048576K
}
Event: 53.092 GC heap after
{Heap after GC invocations=38 (full 0):
 garbage-first heap   total 187392K, used 107957K [0x0000000080000000, 0x0000000100000000)
  region size 1024K, 5 young (5120K), 5 survivors (5120K)
 Metaspace       used 95732K, capacity 98084K, committed 98388K, reserved 1134592K
  class space    used 12365K, capacity 13200K, committed 13312K, reserved 1048576K
}
Event: 71.265 GC heap before
{Heap before GC invocations=39 (full 0):
 garbage-first heap   total 187392K, used 154037K [0x0000000080000000, 0x0000000100000000)
  region size 1024K, 49 young (50176K), 5 survivors (5120K)
 Metaspace       used 96429K, capacity 98921K, committed 99028K, reserved 1134592K
  class space    used 12457K, capacity 13353K, committed 13440K, reserved 1048576K
}
Event: 71.288 GC heap after
{Heap after GC invocations=40 (full 0):
 garbage-first heap   total 187392K, used 119134K [0x0000000080000000, 0x0000000100000000)
  region size 1024K, 7 young (7168K), 7 survivors (7168K)
 Metaspace       used 96429K, capacity 98921K, committed 99028K, reserved 1134592K
  class space    used 12457K, capacity 13353K, committed 13440K, reserved 1048576K
}
Event: 71.375 GC heap before
{Heap before GC invocations=40 (full 0):
 garbage-first heap   total 187392K, used 121182K [0x0000000080000000, 0x0000000100000000)
  region size 1024K, 9 young (9216K), 7 survivors (7168K)
 Metaspace       used 96445K, capacity 98927K, committed 99028K, reserved 1134592K
  class space    used 12459K, capacity 13354K, committed 13440K, reserved 1048576K
}
Event: 71.394 GC heap after
{Heap after GC invocations=41 (full 0):
 garbage-first heap   total 187392K, used 118834K [0x0000000080000000, 0x0000000100000000)
  region size 1024K, 2 young (2048K), 2 survivors (2048K)
 Metaspace       used 96445K, capacity 98927K, committed 99028K, reserved 1134592K
  class space    used 12459K, capacity 13354K, committed 13440K, reserved 1048576K
}
Event: 71.583 GC heap before
{Heap before GC invocations=41 (full 0):
 garbage-first heap   total 187392K, used 124978K [0x0000000080000000, 0x0000000100000000)
  region size 1024K, 9 young (9216K), 2 survivors (2048K)
 Metaspace       used 96577K, capacity 99145K, committed 99284K, reserved 1134592K
  class space    used 12472K, capacity 13396K, committed 13440K, reserved 1048576K
}
Event: 71.588 GC heap after
{Heap after GC invocations=42 (full 0):
 garbage-first heap   total 187392K, used 118509K [0x0000000080000000, 0x0000000100000000)
  region size 1024K, 1 young (1024K), 1 survivors (1024K)
 Metaspace       used 96577K, capacity 99145K, committed 99284K, reserved 1134592K
  class space    used 12472K, capacity 13396K, committed 13440K, reserved 1048576K
}
Event: 72.991 GC heap before
{Heap before GC invocations=43 (full 0):
 garbage-first heap   total 187392K, used 155373K [0x0000000080000000, 0x0000000100000000)
  region size 1024K, 32 young (32768K), 1 survivors (1024K)
 Metaspace       used 103389K, capacity 105962K, committed 106196K, reserved 1140736K
  class space    used 13226K, capacity 14196K, committed 14208K, reserved 1048576K
}
Event: 72.999 GC heap after
{Heap after GC invocations=44 (full 0):
 garbage-first heap   total 187392K, used 124137K [0x0000000080000000, 0x0000000100000000)
  region size 1024K, 4 young (4096K), 4 survivors (4096K)
 Metaspace       used 103389K, capacity 105962K, committed 106196K, reserved 1140736K
  class space    used 13226K, capacity 14196K, committed 14208K, reserved 1048576K
}
Event: 73.147 GC heap before
{Heap before GC invocations=44 (full 0):
 garbage-first heap   total 187392K, used 130281K [0x0000000080000000, 0x0000000100000000)
  region size 1024K, 9 young (9216K), 4 survivors (4096K)
 Metaspace       used 103562K, capacity 106210K, committed 106324K, reserved 1140736K
  class space    used 13251K, capacity 14236K, committed 14336K, reserved 1048576K
}
Event: 73.163 GC heap after
{Heap after GC invocations=45 (full 0):
 garbage-first heap   total 187392K, used 117021K [0x0000000080000000, 0x0000000100000000)
  region size 1024K, 2 young (2048K), 2 survivors (2048K)
 Metaspace       used 103562K, capacity 106210K, committed 106324K, reserved 1140736K
  class space    used 13251K, capacity 14236K, committed 14336K, reserved 1048576K
}

Deoptimization events (20 events):
Event: 73.537 Thread 0x0000021b3041d800 Uncommon trap: trap_request=0xffffffd6 fr.pc=0x0000021b1a50ea28 relative=0x0000000000000348
Event: 73.537 Thread 0x0000021b3041d800 Uncommon trap: reason=array_check action=maybe_recompile pc=0x0000021b1a50ea28 method=java.util.AbstractCollection.toArray([Ljava/lang/Object;)[Ljava/lang/Object; @ 116 c2
Event: 73.537 Thread 0x0000021b3041d800 DEOPT PACKING pc=0x0000021b1a50ea28 sp=0x0000002ce6afc580
Event: 73.537 Thread 0x0000021b3041d800 DEOPT UNPACKING pc=0x0000021b1256662f sp=0x0000002ce6afc530 mode 2
Event: 73.537 Thread 0x0000021b3041d800 Uncommon trap: trap_request=0xffffffbe fr.pc=0x0000021b1a4860e8 relative=0x0000000000000328
Event: 73.537 Thread 0x0000021b3041d800 Uncommon trap: reason=profile_predicate action=maybe_recompile pc=0x0000021b1a4860e8 method=java.util.AbstractCollection.toArray([Ljava/lang/Object;)[Ljava/lang/Object; @ 39 c2
Event: 73.537 Thread 0x0000021b3041d800 DEOPT PACKING pc=0x0000021b1a4860e8 sp=0x0000002ce6afc580
Event: 73.537 Thread 0x0000021b3041d800 DEOPT UNPACKING pc=0x0000021b1256662f sp=0x0000002ce6afc548 mode 2
Event: 73.555 Thread 0x0000021b3041d800 Uncommon trap: trap_request=0xffffffd6 fr.pc=0x0000021b1a50ea28 relative=0x0000000000000348
Event: 73.555 Thread 0x0000021b3041d800 Uncommon trap: reason=array_check action=maybe_recompile pc=0x0000021b1a50ea28 method=java.util.AbstractCollection.toArray([Ljava/lang/Object;)[Ljava/lang/Object; @ 116 c2
Event: 73.555 Thread 0x0000021b3041d800 DEOPT PACKING pc=0x0000021b1a50ea28 sp=0x0000002ce6afc580
Event: 73.555 Thread 0x0000021b3041d800 DEOPT UNPACKING pc=0x0000021b1256662f sp=0x0000002ce6afc530 mode 2
Event: 73.567 Thread 0x0000021b3041d800 Uncommon trap: trap_request=0xffffffd6 fr.pc=0x0000021b1a50ea28 relative=0x0000000000000348
Event: 73.567 Thread 0x0000021b3041d800 Uncommon trap: reason=array_check action=maybe_recompile pc=0x0000021b1a50ea28 method=java.util.AbstractCollection.toArray([Ljava/lang/Object;)[Ljava/lang/Object; @ 116 c2
Event: 73.567 Thread 0x0000021b3041d800 DEOPT PACKING pc=0x0000021b1a50ea28 sp=0x0000002ce6afc580
Event: 73.567 Thread 0x0000021b3041d800 DEOPT UNPACKING pc=0x0000021b1256662f sp=0x0000002ce6afc530 mode 2
Event: 73.604 Thread 0x0000021b3041d800 Uncommon trap: trap_request=0xffffffbe fr.pc=0x0000021b1a4860e8 relative=0x0000000000000328
Event: 73.604 Thread 0x0000021b3041d800 Uncommon trap: reason=profile_predicate action=maybe_recompile pc=0x0000021b1a4860e8 method=java.util.AbstractCollection.toArray([Ljava/lang/Object;)[Ljava/lang/Object; @ 39 c2
Event: 73.604 Thread 0x0000021b3041d800 DEOPT PACKING pc=0x0000021b1a4860e8 sp=0x0000002ce6afc590
Event: 73.604 Thread 0x0000021b3041d800 DEOPT UNPACKING pc=0x0000021b1256662f sp=0x0000002ce6afc558 mode 2

Classes redefined (0 events):
No events

Internal exceptions (20 events):
Event: 53.053 Thread 0x0000021b30421800 Exception <a 'java/lang/InterruptedException'{0x00000000889416a8}> (0x00000000889416a8) thrown at [./src/hotspot/share/runtime/objectMonitor.cpp, line 1635]
Event: 53.054 Thread 0x0000021b30421800 Exception <a 'java/lang/NoSuchMethodError'{0x0000000088949958}: 'java.lang.Object java.lang.invoke.DirectMethodHandle$Holder.invokeStatic(java.lang.Object, java.lang.Object, int, java.lang.Object, long)'> (0x0000000088949958) thrown at [./src/hotspot/share/interpreter/linkResolver.cpp, line 773]
Event: 53.068 Thread 0x0000021b3041d800 Exception <a 'java/lang/NoSuchMethodError'{0x000000008897ce60}: <clinit>> (0x000000008897ce60) thrown at [./src/hotspot/share/prims/jni.cpp, line 1362]
Event: 53.069 Thread 0x0000021b3041d800 Exception <a 'java/lang/NoSuchMethodError'{0x0000000088989148}: <clinit>> (0x0000000088989148) thrown at [./src/hotspot/share/prims/jni.cpp, line 1362]
Event: 53.069 Thread 0x0000021b3041d800 Exception <a 'java/lang/NoSuchMethodError'{0x00000000889961b8}: <clinit>> (0x00000000889961b8) thrown at [./src/hotspot/share/prims/jni.cpp, line 1362]
Event: 53.075 Thread 0x0000021b3041d800 Exception <a 'java/lang/NoSuchMethodError'{0x00000000889ac8d8}: <clinit>> (0x00000000889ac8d8) thrown at [./src/hotspot/share/prims/jni.cpp, line 1362]
Event: 53.112 Thread 0x0000021b3041d800 Exception <a 'java/lang/NoSuchMethodError'{0x000000008b6fedf0}: <clinit>> (0x000000008b6fedf0) thrown at [./src/hotspot/share/prims/jni.cpp, line 1362]
Event: 53.186 Thread 0x0000021b30420000 Exception <a 'java/lang/NoSuchMethodError'{0x000000008b4f2d00}: 'java.lang.Object java.lang.invoke.DirectMethodHandle$Holder.invokeStatic(java.lang.Object, java.lang.Object, java.lang.Object, java.lang.Object, java.lang.Object, java.lang.Object, java.lang.Object, java.lang.Object, java.lang.Object, java.lang.Object, java.lang.Object, java.lang.Object, java.lang.Object, int)'> (0x000000008b4f2d00) thrown at [./src/hotspot/share/interpreter/linkResolver.cpp, line 773]
Event: 53.188 Thread 0x0000021b30420000 Exception <a 'java/lang/NoSuchMethodError'{0x000000008b300950}: 'java.lang.Object java.lang.invoke.DirectMethodHandle$Holder.invokeStatic(java.lang.Object, java.lang.Object, java.lang.Object, java.lang.Object, java.lang.Object, java.lang.Object, java.lang.Object, java.lang.Object, java.lang.Object, java.lang.Object, java.lang.Object, java.lang.Object, java.lang.Object, int, int)'> (0x000000008b300950) thrown at [./src/hotspot/share/interpreter/linkResolver.cpp, line 773]
Event: 70.842 Thread 0x0000021b2b1ee800 Exception <a 'java/lang/NoSuchMethodError'{0x000000008ad2d908}: <clinit>> (0x000000008ad2d908) thrown at [./src/hotspot/share/prims/jni.cpp, line 1362]
Event: 71.146 Thread 0x0000021b30418800 Exception <a 'java/lang/NoSuchMethodError'{0x000000008998ef58}: <clinit>> (0x000000008998ef58) thrown at [./src/hotspot/share/prims/jni.cpp, line 1362]
Event: 71.564 Thread 0x0000021b30418800 Exception <a 'java/lang/NoSuchMethodError'{0x000000008af87818}: <clinit>> (0x000000008af87818) thrown at [./src/hotspot/share/prims/jni.cpp, line 1362]
Event: 71.900 Thread 0x0000021b3041d800 Exception <a 'java/lang/NoSuchMethodError'{0x000000008b0ba958}: <clinit>> (0x000000008b0ba958) thrown at [./src/hotspot/share/prims/jni.cpp, line 1362]
Event: 71.903 Thread 0x0000021b3041d800 Exception <a 'java/lang/NoSuchMethodError'{0x000000008b0d07e0}: <clinit>> (0x000000008b0d07e0) thrown at [./src/hotspot/share/prims/jni.cpp, line 1362]
Event: 71.922 Thread 0x0000021b3041d800 Exception <a 'java/lang/NoSuchMethodError'{0x000000008af637d0}: <clinit>> (0x000000008af637d0) thrown at [./src/hotspot/share/prims/jni.cpp, line 1362]
Event: 72.565 Thread 0x0000021b3041d800 Exception <a 'sun/nio/fs/WindowsException'{0x000000008a65fb30}> (0x000000008a65fb30) thrown at [./src/hotspot/share/prims/jni.cpp, line 615]
Event: 72.566 Thread 0x0000021b3041d800 Exception <a 'sun/nio/fs/WindowsException'{0x000000008a661cd8}> (0x000000008a661cd8) thrown at [./src/hotspot/share/prims/jni.cpp, line 615]
Event: 72.569 Thread 0x0000021b3041d800 Exception <a 'sun/nio/fs/WindowsException'{0x000000008a6642c0}> (0x000000008a6642c0) thrown at [./src/hotspot/share/prims/jni.cpp, line 615]
Event: 72.885 Thread 0x0000021b3041d800 Exception <a 'sun/nio/fs/WindowsException'{0x0000000089a0fc60}> (0x0000000089a0fc60) thrown at [./src/hotspot/share/prims/jni.cpp, line 615]
Event: 72.886 Thread 0x0000021b3041d800 Exception <a 'sun/nio/fs/WindowsException'{0x0000000089a0fce0}> (0x0000000089a0fce0) thrown at [./src/hotspot/share/prims/jni.cpp, line 615]

Events (20 events):
Event: 73.488 loading class org/jetbrains/kotlin/kapt3/base/JavacListUtilsKt
Event: 73.488 loading class org/jetbrains/kotlin/kapt3/base/JavacListUtilsKt done
Event: 73.490 loading class com/sun/tools/javac/code/DeferredCompletionFailureHandler$FlipSymbolDescription
Event: 73.490 loading class com/sun/tools/javac/code/DeferredCompletionFailureHandler$FlipSymbolDescription done
Event: 73.490 loading class com/sun/tools/javac/code/DeferredCompletionFailureHandler$FlipSymbolDescription
Event: 73.490 loading class com/sun/tools/javac/code/DeferredCompletionFailureHandler$FlipSymbolDescription done
Event: 73.490 loading class com/sun/tools/javac/code/DeferredCompletionFailureHandler$FlipSymbolDescription
Event: 73.490 loading class com/sun/tools/javac/code/DeferredCompletionFailureHandler$FlipSymbolDescription done
Event: 73.491 loading class com/sun/tools/javac/code/Symbol$PackageSymbol
Event: 73.491 loading class com/sun/tools/javac/code/Symbol$PackageSymbol done
Event: 73.496 loading class jdk/internal/jimage/ImageReader$LinkNode
Event: 73.497 loading class jdk/internal/jimage/ImageReader$LinkNode done
Event: 73.497 Executing VM operation: Deoptimize
Event: 73.498 Executing VM operation: Deoptimize done
Event: 73.518 loading class com/sun/tools/javac/resources/spi/ctProvider
Event: 73.518 loading class com/sun/tools/javac/resources/spi/ctProvider done
Event: 73.524 loading class com/sun/tools/javac/code/Symbol$PackageSymbol
Event: 73.524 loading class com/sun/tools/javac/code/Symbol$PackageSymbol done
Event: 73.524 loading class com/sun/tools/javac/code/ClassFinder
Event: 73.524 loading class com/sun/tools/javac/code/ClassFinder done


Dynamic libraries:
0x00007ff77d0c0000 - 0x00007ff77d0ca000 	C:\Program Files\Android\Android Studio1\jre\bin\java.exe
0x00007ffeee0d0000 - 0x00007ffeee2c8000 	C:\WINDOWS\SYSTEM32\ntdll.dll
0x00007ffeedc20000 - 0x00007ffeedcdf000 	C:\WINDOWS\System32\KERNEL32.DLL
0x00007ffeebe40000 - 0x00007ffeec112000 	C:\WINDOWS\System32\KERNELBASE.dll
0x00007ffeebca0000 - 0x00007ffeebda0000 	C:\WINDOWS\System32\ucrtbase.dll
0x00007ffee2ac0000 - 0x00007ffee2ad9000 	C:\Program Files\Android\Android Studio1\jre\bin\jli.dll
0x00007ffee2aa0000 - 0x00007ffee2ab7000 	C:\Program Files\Android\Android Studio1\jre\bin\VCRUNTIME140.dll
0x00007ffeed9a0000 - 0x00007ffeedb3d000 	C:\WINDOWS\System32\USER32.dll
0x00007ffeebda0000 - 0x00007ffeebdc2000 	C:\WINDOWS\System32\win32u.dll
0x00007ffeedce0000 - 0x00007ffeedd0b000 	C:\WINDOWS\System32\GDI32.dll
0x00007ffeebb90000 - 0x00007ffeebc9f000 	C:\WINDOWS\System32\gdi32full.dll
0x00007ffeeb9b0000 - 0x00007ffeeba4d000 	C:\WINDOWS\System32\msvcp_win.dll
0x00007ffed0bb0000 - 0x00007ffed0e4a000 	C:\WINDOWS\WinSxS\amd64_microsoft.windows.common-controls_6595b64144ccf1df_6.0.19041.1110_none_60b5254171f9507e\COMCTL32.dll
0x00007ffeec1f0000 - 0x00007ffeec28e000 	C:\WINDOWS\System32\msvcrt.dll
0x00007ffeece30000 - 0x00007ffeece62000 	C:\WINDOWS\System32\IMM32.DLL
0x00007ffeab7f0000 - 0x00007ffeab88d000 	C:\Program Files\Android\Android Studio1\jre\bin\msvcp140.dll
0x00007ffe83030000 - 0x00007ffe83b05000 	C:\Program Files\Android\Android Studio1\jre\bin\server\jvm.dll
0x00007ffeed210000 - 0x00007ffeed2be000 	C:\WINDOWS\System32\ADVAPI32.dll
0x00007ffeecf30000 - 0x00007ffeecfcc000 	C:\WINDOWS\System32\sechost.dll
0x00007ffeedd10000 - 0x00007ffeede35000 	C:\WINDOWS\System32\RPCRT4.dll
0x00007ffeec5f0000 - 0x00007ffeec5f8000 	C:\WINDOWS\System32\PSAPI.DLL
0x00007ffeea320000 - 0x00007ffeea32a000 	C:\WINDOWS\SYSTEM32\VERSION.dll
0x00007ffecc1b0000 - 0x00007ffecc1b9000 	C:\WINDOWS\SYSTEM32\WSOCK32.dll
0x00007ffeccb70000 - 0x00007ffeccb97000 	C:\WINDOWS\SYSTEM32\WINMM.dll
0x00007ffeecdb0000 - 0x00007ffeece1b000 	C:\WINDOWS\System32\WS2_32.dll
0x00007ffee9dd0000 - 0x00007ffee9de2000 	C:\WINDOWS\SYSTEM32\kernel.appcore.dll
0x00007ffee7d30000 - 0x00007ffee7d41000 	C:\Program Files\Android\Android Studio1\jre\bin\verify.dll
0x00007ffee93e0000 - 0x00007ffee95c4000 	C:\WINDOWS\SYSTEM32\DBGHELP.DLL
0x00007ffecc2a0000 - 0x00007ffecc2cc000 	C:\WINDOWS\SYSTEM32\dbgcore.DLL
0x00007ffeebb00000 - 0x00007ffeebb82000 	C:\WINDOWS\System32\bcryptPrimitives.dll
0x00007ffee4e00000 - 0x00007ffee4e29000 	C:\Program Files\Android\Android Studio1\jre\bin\java.dll
0x00007ffee7a30000 - 0x00007ffee7a3b000 	C:\Program Files\Android\Android Studio1\jre\bin\jimage.dll
0x00007ffee4de0000 - 0x00007ffee4df8000 	C:\Program Files\Android\Android Studio1\jre\bin\zip.dll
0x00007ffeec600000 - 0x00007ffeecd43000 	C:\WINDOWS\System32\SHELL32.dll
0x00007ffee95d0000 - 0x00007ffee9d62000 	C:\WINDOWS\SYSTEM32\windows.storage.dll
0x00007ffeec290000 - 0x00007ffeec5e4000 	C:\WINDOWS\System32\combase.dll
0x00007ffeeb1c0000 - 0x00007ffeeb1f0000 	C:\WINDOWS\SYSTEM32\Wldp.dll
0x00007ffeed160000 - 0x00007ffeed20d000 	C:\WINDOWS\System32\SHCORE.dll
0x00007ffeeced0000 - 0x00007ffeecf25000 	C:\WINDOWS\System32\shlwapi.dll
0x00007ffeeb710000 - 0x00007ffeeb72f000 	C:\WINDOWS\SYSTEM32\profapi.dll
0x00007ffee4dc0000 - 0x00007ffee4dda000 	C:\Program Files\Android\Android Studio1\jre\bin\net.dll
0x00007ffeea750000 - 0x00007ffeea85c000 	C:\WINDOWS\SYSTEM32\WINHTTP.dll
0x00007ffeeaeb0000 - 0x00007ffeeaf1a000 	C:\WINDOWS\system32\mswsock.dll
0x00007ffee4bb0000 - 0x00007ffee4bc4000 	C:\Program Files\Android\Android Studio1\jre\bin\nio.dll
0x00007ffed0920000 - 0x00007ffed0947000 	C:\Users\onyedikachi.akachukw\.gradle\native\e1d6ef7f7dcc3fd88c89a11ec53ec762bb8ba0a96d01ffa2cd45eb1d1d8dd5c5\windows-amd64\native-platform.dll
0x00007ffeaccc0000 - 0x00007ffeace04000 	C:\Users\onyedikachi.akachukw\.gradle\native\5664cfc778a61ccfe75a443a1ab52a65af34e5dc3c78e0209fed803814484fcb\windows-amd64\native-platform-file-events.dll
0x00007ffee7a20000 - 0x00007ffee7a2a000 	C:\Program Files\Android\Android Studio1\jre\bin\management.dll
0x00007ffee55a0000 - 0x00007ffee55ad000 	C:\Program Files\Android\Android Studio1\jre\bin\management_ext.dll
0x00007ffeeb0a0000 - 0x00007ffeeb0b8000 	C:\WINDOWS\SYSTEM32\CRYPTSP.dll
0x00007ffeea6c0000 - 0x00007ffeea6f4000 	C:\WINDOWS\system32\rsaenh.dll
0x00007ffeeb980000 - 0x00007ffeeb9a7000 	C:\WINDOWS\System32\bcrypt.dll
0x00007ffeeb6d0000 - 0x00007ffeeb6fe000 	C:\WINDOWS\SYSTEM32\USERENV.dll
0x00007ffeeb0c0000 - 0x00007ffeeb0cc000 	C:\WINDOWS\SYSTEM32\CRYPTBASE.dll
0x00007ffeeaba0000 - 0x00007ffeeabdb000 	C:\WINDOWS\SYSTEM32\IPHLPAPI.DLL
0x00007ffeece20000 - 0x00007ffeece28000 	C:\WINDOWS\System32\NSI.dll
0x00007ffee4d20000 - 0x00007ffee4d37000 	C:\WINDOWS\SYSTEM32\dhcpcsvc6.DLL
0x00007ffee4c10000 - 0x00007ffee4c2d000 	C:\WINDOWS\SYSTEM32\dhcpcsvc.DLL
0x00007ffeeabe0000 - 0x00007ffeeacaa000 	C:\WINDOWS\SYSTEM32\DNSAPI.dll
0x00007ffee29e0000 - 0x00007ffee29fe000 	C:\Users\onyedikachi.akachukw\AppData\Local\Temp\native-platform17292006344871362824dir\native-platform.dll
0x00007ffee5b40000 - 0x00007ffee5b48000 	C:\Program Files\Android\Android Studio1\jre\bin\rmi.dll

dbghelp: loaded successfully - version: 4.0.5 - missing functions: none
symbol engine: initialized successfully - sym options: 0x614 - pdb path: .;C:\Program Files\Android\Android Studio1\jre\bin;C:\WINDOWS\SYSTEM32;C:\WINDOWS\WinSxS\amd64_microsoft.windows.common-controls_6595b64144ccf1df_6.0.19041.1110_none_60b5254171f9507e;C:\Program Files\Android\Android Studio1\jre\bin\server;C:\Users\onyedikachi.akachukw\.gradle\native\e1d6ef7f7dcc3fd88c89a11ec53ec762bb8ba0a96d01ffa2cd45eb1d1d8dd5c5\windows-amd64;C:\Users\onyedikachi.akachukw\.gradle\native\5664cfc778a61ccfe75a443a1ab52a65af34e5dc3c78e0209fed803814484fcb\windows-amd64;C:\Users\onyedikachi.akachukw\AppData\Local\Temp\native-platform17292006344871362824dir

VM Arguments:
jvm_args: --add-opens=java.base/java.util=ALL-UNNAMED --add-opens=java.base/java.lang=ALL-UNNAMED --add-opens=java.base/java.lang.invoke=ALL-UNNAMED --add-opens=java.base/java.util=ALL-UNNAMED --add-opens=java.prefs/java.util.prefs=ALL-UNNAMED --add-opens=java.prefs/java.util.prefs=ALL-UNNAMED --add-opens=java.base/java.nio.charset=ALL-UNNAMED --add-opens=java.base/java.net=ALL-UNNAMED --add-opens=java.base/java.util.concurrent.atomic=ALL-UNNAMED -Xmx2048m -Dfile.encoding=windows-1252 -Duser.country=US -Duser.language=en -Duser.variant 
java_command: org.gradle.launcher.daemon.bootstrap.GradleDaemon 7.2
java_class_path (initial): C:\Users\onyedikachi.akachukw\.gradle\wrapper\dists\gradle-7.2-all\260hg96vuh6ex27h9vo47iv4d\gradle-7.2\lib\gradle-launcher-7.2.jar
Launcher Type: SUN_STANDARD

[Global flags]
     intx CICompilerCount                          = 4                                         {product} {ergonomic}
     uint ConcGCThreads                            = 2                                         {product} {ergonomic}
     uint G1ConcRefinementThreads                  = 8                                         {product} {ergonomic}
   size_t G1HeapRegionSize                         = 1048576                                   {product} {ergonomic}
    uintx GCDrainStackTargetSize                   = 64                                        {product} {ergonomic}
   size_t InitialHeapSize                          = 132120576                                 {product} {ergonomic}
   size_t MarkStackSize                            = 4194304                                   {product} {ergonomic}
   size_t MaxHeapSize                              = 2147483648                                {product} {command line}
   size_t MaxNewSize                               = 1287651328                                {product} {ergonomic}
   size_t MinHeapDeltaBytes                        = 1048576                                   {product} {ergonomic}
    uintx NonNMethodCodeHeapSize                   = 5836300                                {pd product} {ergonomic}
    uintx NonProfiledCodeHeapSize                  = 122910970                              {pd product} {ergonomic}
    uintx ProfiledCodeHeapSize                     = 122910970                              {pd product} {ergonomic}
    uintx ReservedCodeCacheSize                    = 251658240                              {pd product} {ergonomic}
     bool SegmentedCodeCache                       = true                                      {product} {ergonomic}
     bool UseCompressedClassPointers               = true                                 {lp64_product} {ergonomic}
     bool UseCompressedOops                        = true                                 {lp64_product} {ergonomic}
     bool UseG1GC                                  = true                                      {product} {ergonomic}
     bool UseLargePagesIndividualAllocation        = false                                  {pd product} {ergonomic}

Logging:
Log output configuration:
 #0: stdout all=warning uptime,level,tags
 #1: stderr all=off uptime,level,tags

Environment Variables:
CLASSPATH=C:\DISC\jlib\bigraphbean.jar;C:\DISC\jlib\LW_PfjBean.jar;C:\DISC\jlib\bigraphbean-nls.zip
PATH=C:\Program Files\Common Files\Oracle\Java\javapath;C:\DISC\jdk\jre\bin\classic;C:\DISC\jdk\jre\bin;C:\DISC\bin;C:\DISC\jlib;C:\Program Files (x86)\Oracle\jre\1.1.8\bin;C:\Program Files (x86)\Oracle\jre\1.3.1\bin;C:\forms6i\bin;C:\WINDOWS\system32;C:\WINDOWS;C:\WINDOWS\System32\Wbem;C:\WINDOWS\System32\WindowsPowerShell\v1.0\;C:\WINDOWS\System32\OpenSSH\;C:\forms6i\jdk\bin;C:\Program Files\Git\cmd;C:\Users\onyedikachi.akachukw\AppData\Local\Microsoft\WindowsApps;C:\Users\onyedikachi.akachukw\AndroidStudioProjects\Git\cmd
USERNAME=onyedikachi.akachukw
OS=Windows_NT
PROCESSOR_IDENTIFIER=Intel64 Family 6 Model 142 Stepping 12, GenuineIntel



---------------  S Y S T E M  ---------------

OS: Windows 10 , 64 bit Build 19041 (10.0.19041.2251)
OS uptime: 4 days 2:31 hours

CPU:total 8 (initial active 8) (4 cores per cpu, 2 threads per core) family 6 model 142 stepping 12 microcode 0xf4, cmov, cx8, fxsr, mmx, sse, sse2, sse3, ssse3, sse4.1, sse4.2, popcnt, avx, avx2, aes, clmul, erms, 3dnowpref, lzcnt, ht, tsc, tscinvbit, bmi1, bmi2, adx, fma

Memory: 4k page, system-wide physical 7998M (38M free)
TotalPageFile size 32574M (AvailPageFile size 4M)
current process WorkingSet (physical memory assigned to process): 353M, peak: 398M
current process commit charge ("private bytes"): 505M, peak: 506M

vm_info: OpenJDK 64-Bit Server VM (11.0.11+9-b60-7590822) for windows-amd64 JRE (11.0.11+9-b60-7590822), built on Jul 29 2021 21:43:44 by "builder" with MS VC++ 14.0 (VS2015)

END.
